[01m[K/home/fidelis/NGCP-2024-/ws_ros2/src/px4_ros_com/src/examples/offboard/offboard_control.cpp:126:3:[m[K [01;31m[Kerror: [m[Knon-static data member declared with placeholder â€˜[01m[Kauto[m[Kâ€™
  126 |   [01;31m[Kauto[m[K takeoff_time = this->get_clock()->now();
      |   [01;31m[K^~~~[m[K
gmake[2]: *** [CMakeFiles/offboard_control.dir/build.make:76: CMakeFiles/offboard_control.dir/src/examples/offboard/offboard_control.cpp.o] Error 1
gmake[1]: *** [CMakeFiles/Makefile2:254: CMakeFiles/offboard_control.dir/all] Error 2
gmake: *** [Makefile:146: all] Error 2
