[0.008s] Invoking command in '/home/fidelis/NGCP-2024-/ws_ros2/build/px4_ros_com': AMENT_PREFIX_PATH=/home/fidelis/NGCP-2024-/ws_ros2/install/px4_msgs:${AMENT_PREFIX_PATH} CMAKE_PREFIX_PATH=/home/fidelis/NGCP-2024-/ws_ros2/install/px4_msgs:/opt/ros/humble LD_LIBRARY_PATH=/home/fidelis/NGCP-2024-/ws_ros2/install/px4_msgs/lib:${LD_LIBRARY_PATH} PYTHONPATH=/home/fidelis/NGCP-2024-/ws_ros2/install/px4_msgs/local/lib/python3.10/dist-packages:${PYTHONPATH} /usr/bin/cmake --build /home/fidelis/NGCP-2024-/ws_ros2/build/px4_ros_com -- -j16 -l16
[0.049s] [35m[1mConsolidate compiler generated dependencies of target offboard_control[0m
[0.062s] [ 66%] Built target vehicle_gps_position_listener
[0.062s] [ 66%] Built target debug_vect_advertiser
[0.062s] [ 75%] Built target sensor_combined_listener
[0.065s] [ 66%] Built target frame_transforms
[0.065s] [ 83%] Built target offboard_control_srv
[0.066s] [ 91%] [32mBuilding CXX object CMakeFiles/offboard_control.dir/src/examples/offboard/offboard_control.cpp.o[0m
[0.066s] [ 91%] Built target ament_cmake_python_symlink_px4_ros_com
[0.196s] running egg_info
[0.205s] writing px4_ros_com.egg-info/PKG-INFO
[0.205s] writing dependency_links to px4_ros_com.egg-info/dependency_links.txt
[0.205s] writing top-level names to px4_ros_com.egg-info/top_level.txt
[0.234s] reading manifest file 'px4_ros_com.egg-info/SOURCES.txt'
[0.235s] writing manifest file 'px4_ros_com.egg-info/SOURCES.txt'
[0.264s] [ 91%] Built target ament_cmake_python_build_px4_ros_com_egg
[4.397s] [01m[K/home/fidelis/NGCP-2024-/ws_ros2/src/px4_ros_com/src/examples/offboard/offboard_control.cpp:126:3:[m[K [01;31m[Kerror: [m[Knon-static data member declared with placeholder â€˜[01m[Kauto[m[Kâ€™
[4.398s]   126 |   [01;31m[Kauto[m[K takeoff_time = this->get_clock()->now();
[4.398s]       |   [01;31m[K^~~~[m[K
[4.399s] gmake[2]: *** [CMakeFiles/offboard_control.dir/build.make:76: CMakeFiles/offboard_control.dir/src/examples/offboard/offboard_control.cpp.o] Error 1
[4.400s] gmake[1]: *** [CMakeFiles/Makefile2:254: CMakeFiles/offboard_control.dir/all] Error 2
[4.400s] gmake: *** [Makefile:146: all] Error 2
[4.403s] Invoked command in '/home/fidelis/NGCP-2024-/ws_ros2/build/px4_ros_com' returned '2': AMENT_PREFIX_PATH=/home/fidelis/NGCP-2024-/ws_ros2/install/px4_msgs:${AMENT_PREFIX_PATH} CMAKE_PREFIX_PATH=/home/fidelis/NGCP-2024-/ws_ros2/install/px4_msgs:/opt/ros/humble LD_LIBRARY_PATH=/home/fidelis/NGCP-2024-/ws_ros2/install/px4_msgs/lib:${LD_LIBRARY_PATH} PYTHONPATH=/home/fidelis/NGCP-2024-/ws_ros2/install/px4_msgs/local/lib/python3.10/dist-packages:${PYTHONPATH} /usr/bin/cmake --build /home/fidelis/NGCP-2024-/ws_ros2/build/px4_ros_com -- -j16 -l16
