[0.009s] Invoking command in '/home/fidelis/NGCP-2024-/ws_ros2/build/px4_ros_com': AMENT_PREFIX_PATH=/home/fidelis/NGCP-2024-/ws_ros2/install/px4_msgs:${AMENT_PREFIX_PATH} CMAKE_PREFIX_PATH=/home/fidelis/NGCP-2024-/ws_ros2/install/px4_msgs:/opt/ros/humble LD_LIBRARY_PATH=/home/fidelis/NGCP-2024-/ws_ros2/install/px4_msgs/lib:${LD_LIBRARY_PATH} PYTHONPATH=/home/fidelis/NGCP-2024-/ws_ros2/install/px4_msgs/local/lib/python3.10/dist-packages:${PYTHONPATH} /usr/bin/cmake --build /home/fidelis/NGCP-2024-/ws_ros2/build/px4_ros_com -- -j16 -l16
[0.050s] [35m[1mConsolidate compiler generated dependencies of target offboard_control[0m
[0.060s] [ 50%] Built target frame_transforms
[0.060s] [ 50%] Built target vehicle_gps_position_listener
[0.060s] [ 50%] Built target debug_vect_advertiser
[0.060s] [ 75%] Built target sensor_combined_listener
[0.060s] [ 83%] Built target offboard_control_srv
[0.064s] [ 91%] [32mBuilding CXX object CMakeFiles/offboard_control.dir/src/examples/offboard/offboard_control.cpp.o[0m
[0.065s] [ 91%] Built target ament_cmake_python_symlink_px4_ros_com
[0.203s] running egg_info
[0.218s] writing px4_ros_com.egg-info/PKG-INFO
[0.218s] writing dependency_links to px4_ros_com.egg-info/dependency_links.txt
[0.218s] writing top-level names to px4_ros_com.egg-info/top_level.txt
[0.250s] reading manifest file 'px4_ros_com.egg-info/SOURCES.txt'
[0.251s] writing manifest file 'px4_ros_com.egg-info/SOURCES.txt'
[0.279s] [ 91%] Built target ament_cmake_python_build_px4_ros_com_egg
[4.960s] [01m[K/home/fidelis/NGCP-2024-/ws_ros2/src/px4_ros_com/src/examples/offboard/offboard_control.cpp:[m[K In member function â€˜[01m[Kvoid OffboardPlane::orbit()[m[Kâ€™:
[4.960s] [01m[K/home/fidelis/NGCP-2024-/ws_ros2/src/px4_ros_com/src/examples/offboard/offboard_control.cpp:119:89:[m[K [01;31m[Kerror: [m[Kexpected â€˜[01m[K)[m[Kâ€™ before â€˜[01m[K;[m[Kâ€™ token
[4.961s]   119 |   this->publish_vehicle_command[34m[K([m[KVehicleCommand::VEHICLE_CMD_NAV_LOITER_TURNS, 5, 0.0, 10[01;31m[K;[m[K
[4.961s]       |                                [34m[K~[m[K                                                        [01;31m[K^[m[K
[4.961s]       |                                                                                         [32m[K)[m[K
[4.962s] gmake[2]: *** [CMakeFiles/offboard_control.dir/build.make:76: CMakeFiles/offboard_control.dir/src/examples/offboard/offboard_control.cpp.o] Error 1
[4.962s] gmake[1]: *** [CMakeFiles/Makefile2:254: CMakeFiles/offboard_control.dir/all] Error 2
[4.963s] gmake: *** [Makefile:146: all] Error 2
[4.965s] Invoked command in '/home/fidelis/NGCP-2024-/ws_ros2/build/px4_ros_com' returned '2': AMENT_PREFIX_PATH=/home/fidelis/NGCP-2024-/ws_ros2/install/px4_msgs:${AMENT_PREFIX_PATH} CMAKE_PREFIX_PATH=/home/fidelis/NGCP-2024-/ws_ros2/install/px4_msgs:/opt/ros/humble LD_LIBRARY_PATH=/home/fidelis/NGCP-2024-/ws_ros2/install/px4_msgs/lib:${LD_LIBRARY_PATH} PYTHONPATH=/home/fidelis/NGCP-2024-/ws_ros2/install/px4_msgs/local/lib/python3.10/dist-packages:${PYTHONPATH} /usr/bin/cmake --build /home/fidelis/NGCP-2024-/ws_ros2/build/px4_ros_com -- -j16 -l16
