[0.009s] Invoking command in '/home/fidelis/ws_offboard_control/build/px4_ros_com': AMENT_PREFIX_PATH=/home/fidelis/ws_offboard_control/install/px4_msgs:${AMENT_PREFIX_PATH} CMAKE_PREFIX_PATH=/home/fidelis/ws_offboard_control/install/px4_msgs:/opt/ros/humble LD_LIBRARY_PATH=/home/fidelis/ws_offboard_control/install/px4_msgs/lib:${LD_LIBRARY_PATH} PYTHONPATH=/home/fidelis/ws_offboard_control/install/px4_msgs/local/lib/python3.10/dist-packages:${PYTHONPATH} /usr/bin/cmake --build /home/fidelis/ws_offboard_control/build/px4_ros_com -- -j16 -l16
[0.054s] [35m[1mConsolidate compiler generated dependencies of target offboard_control[0m
[0.067s] [ 16%] Built target frame_transforms
[0.069s] [ 16%] Built target ament_cmake_python_copy_px4_ros_com
[0.069s] [ 66%] Built target offboard_control_srv
[0.069s] [ 66%] Built target sensor_combined_listener
[0.069s] [ 66%] Built target vehicle_gps_position_listener
[0.069s] [ 83%] Built target debug_vect_advertiser
[0.069s] [ 91%] [32mBuilding CXX object CMakeFiles/offboard_control.dir/src/examples/offboard/offboard_control.cpp.o[0m
[0.201s] running egg_info
[0.210s] writing px4_ros_com.egg-info/PKG-INFO
[0.210s] writing dependency_links to px4_ros_com.egg-info/dependency_links.txt
[0.211s] writing top-level names to px4_ros_com.egg-info/top_level.txt
[0.236s] reading manifest file 'px4_ros_com.egg-info/SOURCES.txt'
[0.236s] writing manifest file 'px4_ros_com.egg-info/SOURCES.txt'
[0.260s] [ 91%] Built target ament_cmake_python_build_px4_ros_com_egg
[4.493s] [01m[K/home/fidelis/ws_offboard_control/src/px4_ros_com/src/examples/offboard/offboard_control.cpp:[m[K In constructor â€˜[01m[KOffboardPlane::OffboardPlane(std::vector<std::vector<float> >)[m[Kâ€™:
[4.493s] [01m[K/home/fidelis/ws_offboard_control/src/px4_ros_com/src/examples/offboard/offboard_control.cpp:40:128:[m[K [01;31m[Kerror: [m[Kâ€˜[01m[Ktd[m[Kâ€™ has not been declared
[4.493s]    40 |     vehicle_status_subcriber = this->create_subscription<px4_msgs::msg::VehicleStatus>("/fmu/out/vehicle_status", qos_profile, [01;31m[Ktd[m[K::bind(&OffboardPlane::vehicle_status_callback, this, std::placeholders::_1));
[4.493s]       |                                                                                                                                [01;31m[K^~[m[K
[4.493s] [01m[K/home/fidelis/ws_offboard_control/src/px4_ros_com/src/examples/offboard/offboard_control.cpp:[m[K In member function â€˜[01m[Kvoid OffboardPlane::run()[m[Kâ€™:
[4.493s] [01m[K/home/fidelis/ws_offboard_control/src/px4_ros_com/src/examples/offboard/offboard_control.cpp:87:49:[m[K [01;35m[Kwarning: [m[Kconversion from â€˜[01m[Kunsigned int[m[Kâ€™ to â€˜[01m[Kuint16_t[m[Kâ€™ {aka â€˜[01m[Kshort unsigned int[m[Kâ€™} changes value from â€˜[01m[K100000[m[Kâ€™ to â€˜[01m[K34464[m[Kâ€™ [[01;35m[K-Woverflow[m[K]
[4.493s]    87 |   this->publish_vehicle_command([01;35m[KVehicleCommand::VEHICLE_CMD_SET_GPS_GLOBAL_ORIGIN[m[K, 0.0, 0.0);
[4.493s]       |                                 [01;35m[K~~~~~~~~~~~~~~~~^~~~~~~~~~~~~~~~~~~~~~~~~~~~~~~~~[m[K
[4.493s] [01m[K/home/fidelis/ws_offboard_control/src/px4_ros_com/src/examples/offboard/offboard_control.cpp:118:31:[m[K [01;35m[Kwarning: [m[Kcomparison of integer expressions of different signedness: â€˜[01m[Kint[m[Kâ€™ and â€˜[01m[Kstd::vector<std::vector<float> >::size_type[m[Kâ€™ {aka â€˜[01m[Klong unsigned int[m[Kâ€™} [[01;35m[K-Wsign-compare[m[K]
[4.493s]   118 |       if ([01;35m[Kwaypoint_index_ + 1 == local_waypoints_.size()[m[K) {
[4.493s]       |           [01;35m[K~~~~~~~~~~~~~~~~~~~~^~~~~~~~~~~~~~~~~~~~~~~~~~[m[K
[4.493s] [01m[K/home/fidelis/ws_offboard_control/src/px4_ros_com/src/examples/offboard/offboard_control.cpp:[m[K In member function â€˜[01m[Kvoid OffboardPlane::arm()[m[Kâ€™:
[4.493s] [01m[K/home/fidelis/ws_offboard_control/src/px4_ros_com/src/examples/offboard/offboard_control.cpp:149:27:[m[K [01;31m[Kerror: [m[Kâ€˜[01m[Kx4_msgs[m[Kâ€™ has not been declared
[4.493s]   149 |   publish_vehicle_command([01;31m[Kx4_msgs[m[K::msg::VehicleCommand::VEHICLE_CMD_COMPONENT_ARM_DISARM, 1.0);
[4.493s]       |                           [01;31m[K^~~~~~~[m[K
[4.494s] gmake[2]: *** [CMakeFiles/offboard_control.dir/build.make:76: CMakeFiles/offboard_control.dir/src/examples/offboard/offboard_control.cpp.o] Error 1
[4.495s] gmake[1]: *** [CMakeFiles/Makefile2:254: CMakeFiles/offboard_control.dir/all] Error 2
[4.495s] gmake: *** [Makefile:146: all] Error 2
[4.498s] Invoked command in '/home/fidelis/ws_offboard_control/build/px4_ros_com' returned '2': AMENT_PREFIX_PATH=/home/fidelis/ws_offboard_control/install/px4_msgs:${AMENT_PREFIX_PATH} CMAKE_PREFIX_PATH=/home/fidelis/ws_offboard_control/install/px4_msgs:/opt/ros/humble LD_LIBRARY_PATH=/home/fidelis/ws_offboard_control/install/px4_msgs/lib:${LD_LIBRARY_PATH} PYTHONPATH=/home/fidelis/ws_offboard_control/install/px4_msgs/local/lib/python3.10/dist-packages:${PYTHONPATH} /usr/bin/cmake --build /home/fidelis/ws_offboard_control/build/px4_ros_com -- -j16 -l16
