[35m[1mConsolidate compiler generated dependencies of target offboard_control[0m
[ 16%] Built target frame_transforms
[ 16%] Built target ament_cmake_python_symlink_px4_ros_com
[ 41%] Built target offboard_control_srv
[ 33%] [32mBuilding CXX object CMakeFiles/offboard_control.dir/src/examples/offboard/offboard_control.cpp.o[0m
[ 58%] Built target sensor_combined_listener
[ 75%] Built target debug_vect_advertiser
[ 91%] Built target vehicle_gps_position_listener
running egg_info
writing px4_ros_com.egg-info/PKG-INFO
writing dependency_links to px4_ros_com.egg-info/dependency_links.txt
writing top-level names to px4_ros_com.egg-info/top_level.txt
reading manifest file 'px4_ros_com.egg-info/SOURCES.txt'
writing manifest file 'px4_ros_com.egg-info/SOURCES.txt'
[ 91%] Built target ament_cmake_python_build_px4_ros_com_egg
[01m[K/home/fidelis/NGCP-2024-/ws_ros2/src/px4_ros_com/src/examples/offboard/offboard_control.cpp:[m[K In member function â€˜[01m[Kvoid OffboardPlane::run()[m[Kâ€™:
[01m[K/home/fidelis/NGCP-2024-/ws_ros2/src/px4_ros_com/src/examples/offboard/offboard_control.cpp:79:8:[m[K [01;35m[Kwarning: [m[Kunused variable â€˜[01m[Kmission_completed[m[Kâ€™ [[01;35m[K-Wunused-variable[m[K]
   79 |   bool [01;35m[Kmission_completed[m[K = false;
      |        [01;35m[K^~~~~~~~~~~~~~~~~[m[K
[01m[K/home/fidelis/NGCP-2024-/ws_ros2/src/px4_ros_com/src/examples/offboard/offboard_control.cpp:[m[K At global scope:
[01m[K/home/fidelis/NGCP-2024-/ws_ros2/src/px4_ros_com/src/examples/offboard/offboard_control.cpp:189:6:[m[K [01;31m[Kerror: [m[Kvariable or field â€˜[01m[Kpublish_vehicle_loiter_command[m[Kâ€™ declared void
  189 | void [01;31m[KOffboardPlane[m[K::publish_vehicle_loiter_command(uuint16_t command, float param1, float param2, float param3, float param4, float param5, float param6 float param7) {
      |      [01;31m[K^~~~~~~~~~~~~[m[K
[01m[K/home/fidelis/NGCP-2024-/ws_ros2/src/px4_ros_com/src/examples/offboard/offboard_control.cpp:189:52:[m[K [01;31m[Kerror: [m[Kâ€˜[01m[Kuuint16_t[m[Kâ€™ was not declared in this scope; did you mean â€˜[01m[Kuint16_t[m[Kâ€™?
  189 | void OffboardPlane::publish_vehicle_loiter_command([01;31m[Kuuint16_t[m[K command, float param1, float param2, float param3, float param4, float param5, float param6 float param7) {
      |                                                    [01;31m[K^~~~~~~~~[m[K
      |                                                    [32m[Kuint16_t[m[K
[01m[K/home/fidelis/NGCP-2024-/ws_ros2/src/px4_ros_com/src/examples/offboard/offboard_control.cpp:189:71:[m[K [01;31m[Kerror: [m[Kexpected primary-expression before â€˜[01m[Kfloat[m[Kâ€™
  189 | void OffboardPlane::publish_vehicle_loiter_command(uuint16_t command, [01;31m[Kfloat[m[K param1, float param2, float param3, float param4, float param5, float param6 float param7) {
      |                                                                       [01;31m[K^~~~~[m[K
[01m[K/home/fidelis/NGCP-2024-/ws_ros2/src/px4_ros_com/src/examples/offboard/offboard_control.cpp:189:85:[m[K [01;31m[Kerror: [m[Kexpected primary-expression before â€˜[01m[Kfloat[m[Kâ€™
  189 | void OffboardPlane::publish_vehicle_loiter_command(uuint16_t command, float param1, [01;31m[Kfloat[m[K param2, float param3, float param4, float param5, float param6 float param7) {
      |                                                                                     [01;31m[K^~~~~[m[K
[01m[K/home/fidelis/NGCP-2024-/ws_ros2/src/px4_ros_com/src/examples/offboard/offboard_control.cpp:189:99:[m[K [01;31m[Kerror: [m[Kexpected primary-expression before â€˜[01m[Kfloat[m[Kâ€™
  189 | void OffboardPlane::publish_vehicle_loiter_command(uuint16_t command, float param1, float param2, [01;31m[Kfloat[m[K param3, float param4, float param5, float param6 float param7) {
      |                                                                                                   [01;31m[K^~~~~[m[K
[01m[K/home/fidelis/NGCP-2024-/ws_ros2/src/px4_ros_com/src/examples/offboard/offboard_control.cpp:189:113:[m[K [01;31m[Kerror: [m[Kexpected primary-expression before â€˜[01m[Kfloat[m[Kâ€™
  189 | void OffboardPlane::publish_vehicle_loiter_command(uuint16_t command, float param1, float param2, float param3, [01;31m[Kfloat[m[K param4, float param5, float param6 float param7) {
      |                                                                                                                 [01;31m[K^~~~~[m[K
[01m[K/home/fidelis/NGCP-2024-/ws_ros2/src/px4_ros_com/src/examples/offboard/offboard_control.cpp:189:127:[m[K [01;31m[Kerror: [m[Kexpected primary-expression before â€˜[01m[Kfloat[m[Kâ€™
  189 | void OffboardPlane::publish_vehicle_loiter_command(uuint16_t command, float param1, float param2, float param3, float param4, [01;31m[Kfloat[m[K param5, float param6 float param7) {
      |                                                                                                                               [01;31m[K^~~~~[m[K
[01m[K/home/fidelis/NGCP-2024-/ws_ros2/src/px4_ros_com/src/examples/offboard/offboard_control.cpp:189:141:[m[K [01;31m[Kerror: [m[Kexpected primary-expression before â€˜[01m[Kfloat[m[Kâ€™
  189 | void OffboardPlane::publish_vehicle_loiter_command(uuint16_t command, float param1, float param2, float param3, float param4, float param5, [01;31m[Kfloat[m[K param6 float param7) {
      |                                                                                                                                             [01;31m[K^~~~~[m[K
gmake[2]: *** [CMakeFiles/offboard_control.dir/build.make:76: CMakeFiles/offboard_control.dir/src/examples/offboard/offboard_control.cpp.o] Error 1
gmake[1]: *** [CMakeFiles/Makefile2:254: CMakeFiles/offboard_control.dir/all] Error 2
gmake: *** [Makefile:146: all] Error 2
