[0.009s] Invoking command in '/home/fidelis/NGCP-2024-/ws_ros2/build/px4_ros_com': AMENT_PREFIX_PATH=/home/fidelis/NGCP-2024-/ws_ros2/install/px4_msgs:${AMENT_PREFIX_PATH} CMAKE_PREFIX_PATH=/home/fidelis/NGCP-2024-/ws_ros2/install/px4_msgs:/opt/ros/humble LD_LIBRARY_PATH=/home/fidelis/NGCP-2024-/ws_ros2/install/px4_msgs/lib:${LD_LIBRARY_PATH} PYTHONPATH=/home/fidelis/NGCP-2024-/ws_ros2/install/px4_msgs/local/lib/python3.10/dist-packages:${PYTHONPATH} /usr/bin/cmake --build /home/fidelis/NGCP-2024-/ws_ros2/build/px4_ros_com -- -j16 -l16
[0.058s] [35m[1mConsolidate compiler generated dependencies of target offboard_control[0m
[0.067s] [ 33%] Built target sensor_combined_listener
[0.067s] [ 33%] Built target frame_transforms
[0.067s] [ 50%] Built target offboard_control_srv
[0.067s] [ 66%] Built target vehicle_gps_position_listener
[0.068s] [ 83%] Built target debug_vect_advertiser
[0.074s] [ 83%] Built target ament_cmake_python_symlink_px4_ros_com
[0.075s] [ 91%] [32mBuilding CXX object CMakeFiles/offboard_control.dir/src/examples/offboard/offboard_control.cpp.o[0m
[0.215s] running egg_info
[0.223s] writing px4_ros_com.egg-info/PKG-INFO
[0.223s] writing dependency_links to px4_ros_com.egg-info/dependency_links.txt
[0.223s] writing top-level names to px4_ros_com.egg-info/top_level.txt
[0.253s] reading manifest file 'px4_ros_com.egg-info/SOURCES.txt'
[0.254s] writing manifest file 'px4_ros_com.egg-info/SOURCES.txt'
[0.285s] [ 91%] Built target ament_cmake_python_build_px4_ros_com_egg
[5.171s] [01m[K/home/fidelis/NGCP-2024-/ws_ros2/src/px4_ros_com/src/examples/offboard/offboard_control.cpp:[m[K In member function â€˜[01m[Kvoid OffboardPlane::run()[m[Kâ€™:
[5.171s] [01m[K/home/fidelis/NGCP-2024-/ws_ros2/src/px4_ros_com/src/examples/offboard/offboard_control.cpp:132:9:[m[K [01;31m[Kerror: [m[Kexpected primary-expression before â€˜[01m[K}[m[Kâ€™ token
[5.171s]   132 |         [01;31m[K}[m[K
[5.171s]       |         [01;31m[K^[m[K
[5.171s] [01m[K/home/fidelis/NGCP-2024-/ws_ros2/src/px4_ros_com/src/examples/offboard/offboard_control.cpp:131:17:[m[K [01;31m[Kerror: [m[Kexpected â€˜[01m[K;[m[Kâ€™ before â€˜[01m[K}[m[Kâ€™ token
[5.171s]   131 |           return
[5.171s]       |                 [01;31m[K^[m[K
[5.171s]       |                 [32m[K;[m[K
[5.171s]   132 |         [32m[K}[m[K
[5.171s]       |         [32m[K~[m[K        
[5.174s] gmake[2]: *** [CMakeFiles/offboard_control.dir/build.make:76: CMakeFiles/offboard_control.dir/src/examples/offboard/offboard_control.cpp.o] Error 1
[5.175s] gmake[1]: *** [CMakeFiles/Makefile2:254: CMakeFiles/offboard_control.dir/all] Error 2
[5.175s] gmake: *** [Makefile:146: all] Error 2
[5.178s] Invoked command in '/home/fidelis/NGCP-2024-/ws_ros2/build/px4_ros_com' returned '2': AMENT_PREFIX_PATH=/home/fidelis/NGCP-2024-/ws_ros2/install/px4_msgs:${AMENT_PREFIX_PATH} CMAKE_PREFIX_PATH=/home/fidelis/NGCP-2024-/ws_ros2/install/px4_msgs:/opt/ros/humble LD_LIBRARY_PATH=/home/fidelis/NGCP-2024-/ws_ros2/install/px4_msgs/lib:${LD_LIBRARY_PATH} PYTHONPATH=/home/fidelis/NGCP-2024-/ws_ros2/install/px4_msgs/local/lib/python3.10/dist-packages:${PYTHONPATH} /usr/bin/cmake --build /home/fidelis/NGCP-2024-/ws_ros2/build/px4_ros_com -- -j16 -l16
