[35m[1mConsolidate compiler generated dependencies of target offboard_control[0m
[ 50%] Built target vehicle_gps_position_listener
[ 50%] Built target offboard_control_srv
[ 50%] Built target sensor_combined_listener
[ 66%] Built target debug_vect_advertiser
[ 83%] Built target frame_transforms
[ 83%] Built target ament_cmake_python_symlink_px4_ros_com
[ 91%] [32mBuilding CXX object CMakeFiles/offboard_control.dir/src/examples/offboard/offboard_control.cpp.o[0m
running egg_info
writing px4_ros_com.egg-info/PKG-INFO
writing dependency_links to px4_ros_com.egg-info/dependency_links.txt
writing top-level names to px4_ros_com.egg-info/top_level.txt
reading manifest file 'px4_ros_com.egg-info/SOURCES.txt'
writing manifest file 'px4_ros_com.egg-info/SOURCES.txt'
[ 91%] Built target ament_cmake_python_build_px4_ros_com_egg
[01m[K/home/fidelis/NGCP-2024-/ws_ros2/src/px4_ros_com/src/examples/offboard/offboard_control.cpp:[m[K In member function â€˜[01m[Kvoid OffboardPlane::run()[m[Kâ€™:
[01m[K/home/fidelis/NGCP-2024-/ws_ros2/src/px4_ros_com/src/examples/offboard/offboard_control.cpp:119:9:[m[K [01;35m[Kwarning: [m[Kvariable â€˜[01m[Kprev_distance[m[Kâ€™ set but not used [[01;35m[K-Wunused-but-set-variable[m[K]
  119 |   float [01;35m[Kprev_distance[m[K = std::numeric_limits<float>::max();
      |         [01;35m[K^~~~~~~~~~~~~[m[K
[01m[K/home/fidelis/NGCP-2024-/ws_ros2/src/px4_ros_com/src/examples/offboard/offboard_control.cpp:[m[K In member function â€˜[01m[Kvoid OffboardPlane::orbit_at_current_position(float, int)[m[Kâ€™:
[01m[K/home/fidelis/NGCP-2024-/ws_ros2/src/px4_ros_com/src/examples/offboard/offboard_control.cpp:236:7:[m[K [01;31m[Kerror: [m[Kâ€˜[01m[Kradius_[m[Kâ€™ was not declared in this scope; did you mean â€˜[01m[Kradius[m[Kâ€™?
  236 |       [01;31m[Kradius_[m[K,           // Radius (positive for clockwise, negative for counter-clockwise)
      |       [01;31m[K^~~~~~~[m[K
      |       [32m[Kradius[m[K
[01m[K/home/fidelis/NGCP-2024-/ws_ros2/src/px4_ros_com/src/examples/offboard/offboard_control.cpp:219:53:[m[K [01;35m[Kwarning: [m[Kunused parameter â€˜[01m[Kradius[m[Kâ€™ [[01;35m[K-Wunused-parameter[m[K]
  219 | void OffboardPlane::orbit_at_current_position([01;35m[Kfloat radius[m[K, int turns) {
      |                                               [01;35m[K~~~~~~^~~~~~[m[K
[01m[K/home/fidelis/NGCP-2024-/ws_ros2/src/px4_ros_com/src/examples/offboard/offboard_control.cpp:219:65:[m[K [01;35m[Kwarning: [m[Kunused parameter â€˜[01m[Kturns[m[Kâ€™ [[01;35m[K-Wunused-parameter[m[K]
  219 | void OffboardPlane::orbit_at_current_position(float radius, [01;35m[Kint turns[m[K) {
      |                                                             [01;35m[K~~~~^~~~~[m[K
gmake[2]: *** [CMakeFiles/offboard_control.dir/build.make:76: CMakeFiles/offboard_control.dir/src/examples/offboard/offboard_control.cpp.o] Error 1
gmake[1]: *** [CMakeFiles/Makefile2:254: CMakeFiles/offboard_control.dir/all] Error 2
gmake: *** [Makefile:146: all] Error 2
