[0.010s] Invoking command in '/home/fidelis/NGCP-2024-/ws_ros2/build/px4_ros_com': CMAKE_PREFIX_PATH=/home/fidelis/NGCP-2024-/ws_ros2/install/px4_msgs:/home/fidelis/NGCP-2024-/ws_ros2/install/px4_ros_com:/opt/ros/humble LD_LIBRARY_PATH=/home/fidelis/NGCP-2024-/ws_ros2/install/px4_msgs/lib:/home/fidelis/NGCP-2024-/ws_ros2/install/px4_ros_com/lib:/opt/ros/humble/opt/rviz_ogre_vendor/lib:/opt/ros/humble/lib/x86_64-linux-gnu:/opt/ros/humble/lib /usr/bin/cmake --build /home/fidelis/NGCP-2024-/ws_ros2/build/px4_ros_com -- -j16 -l16
[0.053s] [35m[1mConsolidate compiler generated dependencies of target offboard_control[0m
[0.064s] [ 50%] Built target vehicle_gps_position_listener
[0.065s] [ 50%] Built target offboard_control_srv
[0.065s] [ 50%] Built target sensor_combined_listener
[0.065s] [ 66%] Built target debug_vect_advertiser
[0.067s] [ 83%] Built target frame_transforms
[0.068s] [ 83%] Built target ament_cmake_python_symlink_px4_ros_com
[0.072s] [ 91%] [32mBuilding CXX object CMakeFiles/offboard_control.dir/src/examples/offboard/offboard_control.cpp.o[0m
[0.209s] running egg_info
[0.222s] writing px4_ros_com.egg-info/PKG-INFO
[0.222s] writing dependency_links to px4_ros_com.egg-info/dependency_links.txt
[0.223s] writing top-level names to px4_ros_com.egg-info/top_level.txt
[0.266s] reading manifest file 'px4_ros_com.egg-info/SOURCES.txt'
[0.267s] writing manifest file 'px4_ros_com.egg-info/SOURCES.txt'
[0.315s] [ 91%] Built target ament_cmake_python_build_px4_ros_com_egg
[5.683s] [01m[K/home/fidelis/NGCP-2024-/ws_ros2/src/px4_ros_com/src/examples/offboard/offboard_control.cpp:[m[K In member function â€˜[01m[Kvoid OffboardPlane::run()[m[Kâ€™:
[5.683s] [01m[K/home/fidelis/NGCP-2024-/ws_ros2/src/px4_ros_com/src/examples/offboard/offboard_control.cpp:119:9:[m[K [01;35m[Kwarning: [m[Kvariable â€˜[01m[Kprev_distance[m[Kâ€™ set but not used [[01;35m[K-Wunused-but-set-variable[m[K]
[5.684s]   119 |   float [01;35m[Kprev_distance[m[K = std::numeric_limits<float>::max();
[5.684s]       |         [01;35m[K^~~~~~~~~~~~~[m[K
[5.684s] [01m[K/home/fidelis/NGCP-2024-/ws_ros2/src/px4_ros_com/src/examples/offboard/offboard_control.cpp:[m[K In member function â€˜[01m[Kvoid OffboardPlane::orbit_at_current_position(float, int)[m[Kâ€™:
[5.684s] [01m[K/home/fidelis/NGCP-2024-/ws_ros2/src/px4_ros_com/src/examples/offboard/offboard_control.cpp:236:7:[m[K [01;31m[Kerror: [m[Kâ€˜[01m[Kradius_[m[Kâ€™ was not declared in this scope; did you mean â€˜[01m[Kradius[m[Kâ€™?
[5.684s]   236 |       [01;31m[Kradius_[m[K,           // Radius (positive for clockwise, negative for counter-clockwise)
[5.684s]       |       [01;31m[K^~~~~~~[m[K
[5.684s]       |       [32m[Kradius[m[K
[5.684s] [01m[K/home/fidelis/NGCP-2024-/ws_ros2/src/px4_ros_com/src/examples/offboard/offboard_control.cpp:219:53:[m[K [01;35m[Kwarning: [m[Kunused parameter â€˜[01m[Kradius[m[Kâ€™ [[01;35m[K-Wunused-parameter[m[K]
[5.684s]   219 | void OffboardPlane::orbit_at_current_position([01;35m[Kfloat radius[m[K, int turns) {
[5.684s]       |                                               [01;35m[K~~~~~~^~~~~~[m[K
[5.684s] [01m[K/home/fidelis/NGCP-2024-/ws_ros2/src/px4_ros_com/src/examples/offboard/offboard_control.cpp:219:65:[m[K [01;35m[Kwarning: [m[Kunused parameter â€˜[01m[Kturns[m[Kâ€™ [[01;35m[K-Wunused-parameter[m[K]
[5.684s]   219 | void OffboardPlane::orbit_at_current_position(float radius, [01;35m[Kint turns[m[K) {
[5.684s]       |                                                             [01;35m[K~~~~^~~~~[m[K
[5.686s] gmake[2]: *** [CMakeFiles/offboard_control.dir/build.make:76: CMakeFiles/offboard_control.dir/src/examples/offboard/offboard_control.cpp.o] Error 1
[5.686s] gmake[1]: *** [CMakeFiles/Makefile2:254: CMakeFiles/offboard_control.dir/all] Error 2
[5.686s] gmake: *** [Makefile:146: all] Error 2
[5.689s] Invoked command in '/home/fidelis/NGCP-2024-/ws_ros2/build/px4_ros_com' returned '2': CMAKE_PREFIX_PATH=/home/fidelis/NGCP-2024-/ws_ros2/install/px4_msgs:/home/fidelis/NGCP-2024-/ws_ros2/install/px4_ros_com:/opt/ros/humble LD_LIBRARY_PATH=/home/fidelis/NGCP-2024-/ws_ros2/install/px4_msgs/lib:/home/fidelis/NGCP-2024-/ws_ros2/install/px4_ros_com/lib:/opt/ros/humble/opt/rviz_ogre_vendor/lib:/opt/ros/humble/lib/x86_64-linux-gnu:/opt/ros/humble/lib /usr/bin/cmake --build /home/fidelis/NGCP-2024-/ws_ros2/build/px4_ros_com -- -j16 -l16
