[35m[1mConsolidate compiler generated dependencies of target offboard_control[0m
[ 58%] Built target sensor_combined_listener
[ 58%] Built target frame_transforms
[ 66%] Built target debug_vect_advertiser
[ 66%] Built target vehicle_gps_position_listener
[ 83%] Built target offboard_control_srv
[ 91%] Built target ament_cmake_python_symlink_px4_ros_com
[ 91%] [32mBuilding CXX object CMakeFiles/offboard_control.dir/src/examples/offboard/offboard_control.cpp.o[0m
running egg_info
writing px4_ros_com.egg-info/PKG-INFO
writing dependency_links to px4_ros_com.egg-info/dependency_links.txt
writing top-level names to px4_ros_com.egg-info/top_level.txt
reading manifest file 'px4_ros_com.egg-info/SOURCES.txt'
writing manifest file 'px4_ros_com.egg-info/SOURCES.txt'
[ 91%] Built target ament_cmake_python_build_px4_ros_com_egg
[01m[K/home/fidelis/NGCP-2024-/ws_ros2/src/px4_ros_com/src/examples/offboard/offboard_control.cpp:[m[K In member function â€˜[01m[Kvoid OffboardPlane::run()[m[Kâ€™:
[01m[K/home/fidelis/NGCP-2024-/ws_ros2/src/px4_ros_com/src/examples/offboard/offboard_control.cpp:79:8:[m[K [01;35m[Kwarning: [m[Kunused variable â€˜[01m[Kmission_completed[m[Kâ€™ [[01;35m[K-Wunused-variable[m[K]
   79 |   bool [01;35m[Kmission_completed[m[K = false;
      |        [01;35m[K^~~~~~~~~~~~~~~~~[m[K
[01m[K/home/fidelis/NGCP-2024-/ws_ros2/src/px4_ros_com/src/examples/offboard/offboard_control.cpp:[m[K At global scope:
[01m[K/home/fidelis/NGCP-2024-/ws_ros2/src/px4_ros_com/src/examples/offboard/offboard_control.cpp:189:153:[m[K [01;31m[Kerror: [m[Kexpected â€˜[01m[K,[m[Kâ€™ or â€˜[01m[K...[m[Kâ€™ before â€˜[01m[Kfloat[m[Kâ€™
  189 | void OffboardPlane::publish_vehicle_loiter_command(uint16_t command, float param1, float param2, float param3, float param4, float param5, float param6 [01;31m[Kfloat[m[K param7) {
      |                                                                                                                                                         [01;31m[K^~~~~[m[K
[01m[K/home/fidelis/NGCP-2024-/ws_ros2/src/px4_ros_com/src/examples/offboard/offboard_control.cpp:189:6:[m[K [01;31m[Kerror: [m[Kno declaration matches â€˜[01m[Kvoid OffboardPlane::publish_vehicle_loiter_command(uint16_t, float, float, float, float, float, float)[m[Kâ€™
  189 | void [01;31m[KOffboardPlane[m[K::publish_vehicle_loiter_command(uint16_t command, float param1, float param2, float param3, float param4, float param5, float param6 float param7) {
      |      [01;31m[K^~~~~~~~~~~~~[m[K
[01m[K/home/fidelis/NGCP-2024-/ws_ros2/src/px4_ros_com/src/examples/offboard/offboard_control.cpp:74:8:[m[K [01;36m[Knote: [m[Kcandidate is: â€˜[01m[Kvoid OffboardPlane::publish_vehicle_loiter_command(uint16_t, float, float, float, float, float, float, float)[m[Kâ€™
   74 |   void [01;36m[Kpublish_vehicle_loiter_command[m[K(uint16_t command, float param1 = 0.0, float param2 = 0.0, float param3 = 0.0, float param4 = 0.0, float param5 = 0.0, float param6 = 0.0, float param7 = 0.0);
      |        [01;36m[K^~~~~~~~~~~~~~~~~~~~~~~~~~~~~~[m[K
[01m[K/home/fidelis/NGCP-2024-/ws_ros2/src/px4_ros_com/src/examples/offboard/offboard_control.cpp:26:7:[m[K [01;36m[Knote: [m[Kâ€˜[01m[Kclass OffboardPlane[m[Kâ€™ defined here
   26 | class [01;36m[KOffboardPlane[m[K : public rclcpp::Node {
      |       [01;36m[K^~~~~~~~~~~~~[m[K
gmake[2]: *** [CMakeFiles/offboard_control.dir/build.make:76: CMakeFiles/offboard_control.dir/src/examples/offboard/offboard_control.cpp.o] Error 1
gmake[1]: *** [CMakeFiles/Makefile2:254: CMakeFiles/offboard_control.dir/all] Error 2
gmake: *** [Makefile:146: all] Error 2
