[35m[1mConsolidate compiler generated dependencies of target offboard_control[0m
[ 50%] Built target sensor_combined_listener
[ 50%] Built target vehicle_gps_position_listener
[ 50%] Built target frame_transforms
[ 75%] Built target offboard_control_srv
[ 83%] Built target debug_vect_advertiser
[ 91%] Built target ament_cmake_python_symlink_px4_ros_com
[ 91%] [32mBuilding CXX object CMakeFiles/offboard_control.dir/src/examples/offboard/offboard_control.cpp.o[0m
running egg_info
writing px4_ros_com.egg-info/PKG-INFO
writing dependency_links to px4_ros_com.egg-info/dependency_links.txt
writing top-level names to px4_ros_com.egg-info/top_level.txt
reading manifest file 'px4_ros_com.egg-info/SOURCES.txt'
writing manifest file 'px4_ros_com.egg-info/SOURCES.txt'
[ 91%] Built target ament_cmake_python_build_px4_ros_com_egg
[01m[K/home/fidelis/NGCP-2024-/ws_ros2/src/px4_ros_com/src/examples/offboard/offboard_control.cpp:69:36:[m[K [01;31m[Kerror: [m[Kâ€˜[01m[KVehicleTrajectoryWaypoint[m[Kâ€™ is not a member of â€˜[01m[Kpx4_msgs::msg[m[Kâ€™; did you mean â€˜[01m[KTrajectoryWaypoint[m[Kâ€™?
   69 |   rclcpp::Publisher<px4_msgs::msg::[01;31m[KVehicleTrajectoryWaypoint[m[K>::SharedPtr vehicle_trajectory_waypoint_publisher_;
      |                                    [01;31m[K^~~~~~~~~~~~~~~~~~~~~~~~~[m[K
      |                                    [32m[KTrajectoryWaypoint[m[K
[01m[K/home/fidelis/NGCP-2024-/ws_ros2/src/px4_ros_com/src/examples/offboard/offboard_control.cpp:69:61:[m[K [01;31m[Kerror: [m[Ktemplate argument 1 is invalid
   69 |   rclcpp::Publisher<px4_msgs::msg::VehicleTrajectoryWaypoint[01;31m[K>[m[K::SharedPtr vehicle_trajectory_waypoint_publisher_;
      |                                                             [01;31m[K^[m[K
[01m[K/home/fidelis/NGCP-2024-/ws_ros2/src/px4_ros_com/src/examples/offboard/offboard_control.cpp:69:64:[m[K [01;31m[Kerror: [m[Kexpected â€˜[01m[K;[m[Kâ€™ at end of member declaration
   69 |   rclcpp::Publisher<px4_msgs::msg::VehicleTrajectoryWaypoint>::[01;31m[KSharedPtr[m[K vehicle_trajectory_waypoint_publisher_;
      |                                                                [01;31m[K^~~~~~~~~[m[K
      |                                                                         [32m[K;[m[K
[01m[K/home/fidelis/NGCP-2024-/ws_ros2/src/px4_ros_com/src/examples/offboard/offboard_control.cpp:69:74:[m[K [01;31m[Kerror: [m[Kâ€˜[01m[Kvehicle_trajectory_waypoint_publisher_[m[Kâ€™ does not name a type
   69 |   rclcpp::Publisher<px4_msgs::msg::VehicleTrajectoryWaypoint>::SharedPtr [01;31m[Kvehicle_trajectory_waypoint_publisher_[m[K;
      |                                                                          [01;31m[K^~~~~~~~~~~~~~~~~~~~~~~~~~~~~~~~~~~~~~[m[K
[01m[K/home/fidelis/NGCP-2024-/ws_ros2/src/px4_ros_com/src/examples/offboard/offboard_control.cpp:[m[K In constructor â€˜[01m[KOffboardPlane::OffboardPlane(std::vector<std::vector<float> >)[m[Kâ€™:
[01m[K/home/fidelis/NGCP-2024-/ws_ros2/src/px4_ros_com/src/examples/offboard/offboard_control.cpp:40:5:[m[K [01;31m[Kerror: [m[Kâ€˜[01m[Kvehicle_trajectory_waypoint_publisher_[m[Kâ€™ was not declared in this scope; did you mean â€˜[01m[Ktrajectory_waypoint_publisher_[m[Kâ€™?
   40 |     [01;31m[Kvehicle_trajectory_waypoint_publisher_[m[K = this->create_publisher<VehicleTrajectoryWaypoint>("/fmu/in/vehicle_trajectory_waypoint", 10);
      |     [01;31m[K^~~~~~~~~~~~~~~~~~~~~~~~~~~~~~~~~~~~~~[m[K
      |     [32m[Ktrajectory_waypoint_publisher_[m[K
[01m[K/home/fidelis/NGCP-2024-/ws_ros2/src/px4_ros_com/src/examples/offboard/offboard_control.cpp:40:69:[m[K [01;31m[Kerror: [m[Kâ€˜[01m[KVehicleTrajectoryWaypoint[m[Kâ€™ was not declared in this scope; did you mean â€˜[01m[Kpublish_trajectory_waypoint[m[Kâ€™?
   40 |     vehicle_trajectory_waypoint_publisher_ = this->create_publisher<[01;31m[KVehicleTrajectoryWaypoint[m[K>("/fmu/in/vehicle_trajectory_waypoint", 10);
      |                                                                     [01;31m[K^~~~~~~~~~~~~~~~~~~~~~~~~[m[K
      |                                                                     [32m[Kpublish_trajectory_waypoint[m[K
[01m[K/home/fidelis/NGCP-2024-/ws_ros2/src/px4_ros_com/src/examples/offboard/offboard_control.cpp:40:95:[m[K [01;31m[Kerror: [m[Kno matching function for call to â€˜[01m[KOffboardPlane::create_publisher<<expression error> >(const char [36], int)[m[Kâ€™
   40 |     vehicle_trajectory_waypoint_publisher_ = [01;31m[Kthis->create_publisher<VehicleTrajectoryWaypoint>("/fmu/in/vehicle_trajectory_waypoint", 10)[m[K;
      |                                              [01;31m[K~~~~~~~~~~~~~~~~~~~~~~~~~~~~~~~~~~~~~~~~~~~~~~~~~^~~~~~~~~~~~~~~~~~~~~~~~~~~~~~~~~~~~~~~~~~~[m[K
In file included from [01m[K/opt/ros/humble/include/rclcpp/rclcpp/node.hpp:1321[m[K,
                 from [01m[K/opt/ros/humble/include/rclcpp/rclcpp/executors/single_threaded_executor.hpp:28[m[K,
                 from [01m[K/opt/ros/humble/include/rclcpp/rclcpp/executors.hpp:22[m[K,
                 from [01m[K/opt/ros/humble/include/rclcpp/rclcpp/rclcpp.hpp:155[m[K,
                 from [01m[K/home/fidelis/NGCP-2024-/ws_ros2/src/px4_ros_com/src/examples/offboard/offboard_control.cpp:13[m[K:
[01m[K/opt/ros/humble/include/rclcpp/rclcpp/node_impl.hpp:73:1:[m[K [01;36m[Knote: [m[Kcandidate: â€˜[01m[Ktemplate<class MessageT, class AllocatorT, class PublisherT> std::shared_ptr<PublisherT> rclcpp::Node::create_publisher(const string&, const rclcpp::QoS&, const rclcpp::PublisherOptionsWithAllocator<AllocatorT>&)[m[Kâ€™
   73 | [01;36m[KNode[m[K::create_publisher(
      | [01;36m[K^~~~[m[K
[01m[K/opt/ros/humble/include/rclcpp/rclcpp/node_impl.hpp:73:1:[m[K [01;36m[Knote: [m[K  template argument deduction/substitution failed:
[01m[K/home/fidelis/NGCP-2024-/ws_ros2/src/px4_ros_com/src/examples/offboard/offboard_control.cpp:40:95:[m[K [01;31m[Kerror: [m[Ktemplate argument 1 is invalid
   40 |     vehicle_trajectory_waypoint_publisher_ = [01;31m[Kthis->create_publisher<VehicleTrajectoryWaypoint>("/fmu/in/vehicle_trajectory_waypoint", 10)[m[K;
      |                                              [01;31m[K~~~~~~~~~~~~~~~~~~~~~~~~~~~~~~~~~~~~~~~~~~~~~~~~~^~~~~~~~~~~~~~~~~~~~~~~~~~~~~~~~~~~~~~~~~~~[m[K
gmake[2]: *** [CMakeFiles/offboard_control.dir/build.make:76: CMakeFiles/offboard_control.dir/src/examples/offboard/offboard_control.cpp.o] Error 1
gmake[1]: *** [CMakeFiles/Makefile2:254: CMakeFiles/offboard_control.dir/all] Error 2
gmake: *** [Makefile:146: all] Error 2
