[0.009s] Invoking command in '/home/fidelis/NGCP-2024-/ws_ros2/build/px4_ros_com': AMENT_PREFIX_PATH=/home/fidelis/NGCP-2024-/ws_ros2/install/px4_msgs:${AMENT_PREFIX_PATH} CMAKE_PREFIX_PATH=/home/fidelis/NGCP-2024-/ws_ros2/install/px4_msgs:/opt/ros/humble LD_LIBRARY_PATH=/home/fidelis/NGCP-2024-/ws_ros2/install/px4_msgs/lib:${LD_LIBRARY_PATH} PYTHONPATH=/home/fidelis/NGCP-2024-/ws_ros2/install/px4_msgs/local/lib/python3.10/dist-packages:${PYTHONPATH} /usr/bin/cmake --build /home/fidelis/NGCP-2024-/ws_ros2/build/px4_ros_com -- -j16 -l16
[0.049s] [35m[1mConsolidate compiler generated dependencies of target offboard_control[0m
[0.060s] [ 41%] Built target sensor_combined_listener
[0.060s] [ 50%] Built target vehicle_gps_position_listener
[0.060s] [ 41%] Built target frame_transforms
[0.060s] [ 75%] Built target debug_vect_advertiser
[0.060s] [ 83%] Built target offboard_control_srv
[0.065s] [ 91%] Built target ament_cmake_python_symlink_px4_ros_com
[0.065s] [ 91%] [32mBuilding CXX object CMakeFiles/offboard_control.dir/src/examples/offboard/offboard_control.cpp.o[0m
[0.192s] running egg_info
[0.202s] writing px4_ros_com.egg-info/PKG-INFO
[0.202s] writing dependency_links to px4_ros_com.egg-info/dependency_links.txt
[0.202s] writing top-level names to px4_ros_com.egg-info/top_level.txt
[0.233s] reading manifest file 'px4_ros_com.egg-info/SOURCES.txt'
[0.234s] writing manifest file 'px4_ros_com.egg-info/SOURCES.txt'
[0.261s] [ 91%] Built target ament_cmake_python_build_px4_ros_com_egg
[5.078s] [01m[K/home/fidelis/NGCP-2024-/ws_ros2/src/px4_ros_com/src/examples/offboard/offboard_control.cpp:[m[K In member function â€˜[01m[Kvoid OffboardPlane::run()[m[Kâ€™:
[5.079s] [01m[K/home/fidelis/NGCP-2024-/ws_ros2/src/px4_ros_com/src/examples/offboard/offboard_control.cpp:88:49:[m[K [01;35m[Kwarning: [m[Kconversion from â€˜[01m[Kunsigned int[m[Kâ€™ to â€˜[01m[Kuint16_t[m[Kâ€™ {aka â€˜[01m[Kshort unsigned int[m[Kâ€™} changes value from â€˜[01m[K100000[m[Kâ€™ to â€˜[01m[K34464[m[Kâ€™ [[01;35m[K-Woverflow[m[K]
[5.079s]    88 |   this->publish_vehicle_command([01;35m[KVehicleCommand::VEHICLE_CMD_SET_GPS_GLOBAL_ORIGIN[m[K, 0.0, 0.0);
[5.079s]       |                                 [01;35m[K~~~~~~~~~~~~~~~~^~~~~~~~~~~~~~~~~~~~~~~~~~~~~~~~~[m[K
[5.079s] [01m[K/home/fidelis/NGCP-2024-/ws_ros2/src/px4_ros_com/src/examples/offboard/offboard_control.cpp:104:16:[m[K [01;31m[Kerror: [m[Kâ€˜[01m[Kclass OffboardPlane[m[Kâ€™ has no member named â€˜[01m[Kget_lock[m[Kâ€™; did you mean â€˜[01m[Kget_clock[m[Kâ€™?
[5.079s]   104 |       if(this->[01;31m[Kget_lock[m[K()->now()-takeoff_time > 10s && !takeoff_completed) {
[5.079s]       |                [01;31m[K^~~~~~~~[m[K
[5.079s]       |                [32m[Kget_clock[m[K
[5.080s] gmake[2]: *** [CMakeFiles/offboard_control.dir/build.make:76: CMakeFiles/offboard_control.dir/src/examples/offboard/offboard_control.cpp.o] Error 1
[5.080s] gmake[1]: *** [CMakeFiles/Makefile2:254: CMakeFiles/offboard_control.dir/all] Error 2
[5.080s] gmake: *** [Makefile:146: all] Error 2
[5.082s] Invoked command in '/home/fidelis/NGCP-2024-/ws_ros2/build/px4_ros_com' returned '2': AMENT_PREFIX_PATH=/home/fidelis/NGCP-2024-/ws_ros2/install/px4_msgs:${AMENT_PREFIX_PATH} CMAKE_PREFIX_PATH=/home/fidelis/NGCP-2024-/ws_ros2/install/px4_msgs:/opt/ros/humble LD_LIBRARY_PATH=/home/fidelis/NGCP-2024-/ws_ros2/install/px4_msgs/lib:${LD_LIBRARY_PATH} PYTHONPATH=/home/fidelis/NGCP-2024-/ws_ros2/install/px4_msgs/local/lib/python3.10/dist-packages:${PYTHONPATH} /usr/bin/cmake --build /home/fidelis/NGCP-2024-/ws_ros2/build/px4_ros_com -- -j16 -l16
