[0.008s] Invoking command in '/home/fidelis/NGCP-2024-/ws_ros2/build/px4_ros_com': AMENT_PREFIX_PATH=/home/fidelis/NGCP-2024-/ws_ros2/install/px4_msgs:${AMENT_PREFIX_PATH} CMAKE_PREFIX_PATH=/home/fidelis/NGCP-2024-/ws_ros2/install/px4_msgs:/opt/ros/humble LD_LIBRARY_PATH=/home/fidelis/NGCP-2024-/ws_ros2/install/px4_msgs/lib:${LD_LIBRARY_PATH} PYTHONPATH=/home/fidelis/NGCP-2024-/ws_ros2/install/px4_msgs/local/lib/python3.10/dist-packages:${PYTHONPATH} /usr/bin/cmake --build /home/fidelis/NGCP-2024-/ws_ros2/build/px4_ros_com -- -j16 -l16
[0.049s] [35m[1mConsolidate compiler generated dependencies of target offboard_control[0m
[0.060s] [ 66%] Built target debug_vect_advertiser
[0.060s] [ 66%] Built target sensor_combined_listener
[0.060s] [ 66%] Built target vehicle_gps_position_listener
[0.060s] [ 66%] Built target frame_transforms
[0.060s] [ 83%] Built target offboard_control_srv
[0.065s] [ 83%] Built target ament_cmake_python_symlink_px4_ros_com
[0.065s] [ 91%] [32mBuilding CXX object CMakeFiles/offboard_control.dir/src/examples/offboard/offboard_control.cpp.o[0m
[0.197s] running egg_info
[0.204s] writing px4_ros_com.egg-info/PKG-INFO
[0.204s] writing dependency_links to px4_ros_com.egg-info/dependency_links.txt
[0.204s] writing top-level names to px4_ros_com.egg-info/top_level.txt
[0.230s] reading manifest file 'px4_ros_com.egg-info/SOURCES.txt'
[0.230s] writing manifest file 'px4_ros_com.egg-info/SOURCES.txt'
[0.256s] [ 91%] Built target ament_cmake_python_build_px4_ros_com_egg
[5.036s] [01m[K/home/fidelis/NGCP-2024-/ws_ros2/src/px4_ros_com/src/examples/offboard/offboard_control.cpp:67:36:[m[K [01;31m[Kerror: [m[Kâ€˜[01m[KVehicleTrajectoryWaypoint[m[Kâ€™ is not a member of â€˜[01m[Kpx4_msgs::msg[m[Kâ€™; did you mean â€˜[01m[KTrajectoryWaypoint[m[Kâ€™?
[5.036s]    67 |   rclcpp::Publisher<px4_msgs::msg::[01;31m[KVehicleTrajectoryWaypoint[m[K>::SharedPtr vehicle_trajectory_waypoint_publisher_;
[5.036s]       |                                    [01;31m[K^~~~~~~~~~~~~~~~~~~~~~~~~[m[K
[5.036s]       |                                    [32m[KTrajectoryWaypoint[m[K
[5.036s] [01m[K/home/fidelis/NGCP-2024-/ws_ros2/src/px4_ros_com/src/examples/offboard/offboard_control.cpp:67:61:[m[K [01;31m[Kerror: [m[Ktemplate argument 1 is invalid
[5.036s]    67 |   rclcpp::Publisher<px4_msgs::msg::VehicleTrajectoryWaypoint[01;31m[K>[m[K::SharedPtr vehicle_trajectory_waypoint_publisher_;
[5.037s]       |                                                             [01;31m[K^[m[K
[5.037s] [01m[K/home/fidelis/NGCP-2024-/ws_ros2/src/px4_ros_com/src/examples/offboard/offboard_control.cpp:67:64:[m[K [01;31m[Kerror: [m[Kexpected â€˜[01m[K;[m[Kâ€™ at end of member declaration
[5.037s]    67 |   rclcpp::Publisher<px4_msgs::msg::VehicleTrajectoryWaypoint>::[01;31m[KSharedPtr[m[K vehicle_trajectory_waypoint_publisher_;
[5.037s]       |                                                                [01;31m[K^~~~~~~~~[m[K
[5.037s]       |                                                                         [32m[K;[m[K
[5.037s] [01m[K/home/fidelis/NGCP-2024-/ws_ros2/src/px4_ros_com/src/examples/offboard/offboard_control.cpp:67:74:[m[K [01;31m[Kerror: [m[Kâ€˜[01m[Kvehicle_trajectory_waypoint_publisher_[m[Kâ€™ does not name a type
[5.037s]    67 |   rclcpp::Publisher<px4_msgs::msg::VehicleTrajectoryWaypoint>::SharedPtr [01;31m[Kvehicle_trajectory_waypoint_publisher_[m[K;
[5.037s]       |                                                                          [01;31m[K^~~~~~~~~~~~~~~~~~~~~~~~~~~~~~~~~~~~~~[m[K
[5.037s] [01m[K/home/fidelis/NGCP-2024-/ws_ros2/src/px4_ros_com/src/examples/offboard/offboard_control.cpp:[m[K In constructor â€˜[01m[KOffboardPlane::OffboardPlane(std::vector<std::vector<float> >)[m[Kâ€™:
[5.037s] [01m[K/home/fidelis/NGCP-2024-/ws_ros2/src/px4_ros_com/src/examples/offboard/offboard_control.cpp:38:5:[m[K [01;31m[Kerror: [m[Kâ€˜[01m[Kvehicle_trajectory_waypoint_publisher_[m[Kâ€™ was not declared in this scope; did you mean â€˜[01m[Ktrajectory_waypoint_publisher_[m[Kâ€™?
[5.037s]    38 |     [01;31m[Kvehicle_trajectory_waypoint_publisher_[m[K = this->create_publisher<VehicleTrajectoryWaypoint>("/fmu/in/vehicle_trajectory_waypoint", 10);
[5.037s]       |     [01;31m[K^~~~~~~~~~~~~~~~~~~~~~~~~~~~~~~~~~~~~~[m[K
[5.037s]       |     [32m[Ktrajectory_waypoint_publisher_[m[K
[5.037s] [01m[K/home/fidelis/NGCP-2024-/ws_ros2/src/px4_ros_com/src/examples/offboard/offboard_control.cpp:38:69:[m[K [01;31m[Kerror: [m[Kâ€˜[01m[KVehicleTrajectoryWaypoint[m[Kâ€™ was not declared in this scope; did you mean â€˜[01m[Kpublish_trajectory_waypoint[m[Kâ€™?
[5.037s]    38 |     vehicle_trajectory_waypoint_publisher_ = this->create_publisher<[01;31m[KVehicleTrajectoryWaypoint[m[K>("/fmu/in/vehicle_trajectory_waypoint", 10);
[5.037s]       |                                                                     [01;31m[K^~~~~~~~~~~~~~~~~~~~~~~~~[m[K
[5.037s]       |                                                                     [32m[Kpublish_trajectory_waypoint[m[K
[5.037s] [01m[K/home/fidelis/NGCP-2024-/ws_ros2/src/px4_ros_com/src/examples/offboard/offboard_control.cpp:38:95:[m[K [01;31m[Kerror: [m[Kno matching function for call to â€˜[01m[KOffboardPlane::create_publisher<<expression error> >(const char [36], int)[m[Kâ€™
[5.037s]    38 |     vehicle_trajectory_waypoint_publisher_ = [01;31m[Kthis->create_publisher<VehicleTrajectoryWaypoint>("/fmu/in/vehicle_trajectory_waypoint", 10)[m[K;
[5.037s]       |                                              [01;31m[K~~~~~~~~~~~~~~~~~~~~~~~~~~~~~~~~~~~~~~~~~~~~~~~~~^~~~~~~~~~~~~~~~~~~~~~~~~~~~~~~~~~~~~~~~~~~[m[K
[5.037s] In file included from [01m[K/opt/ros/humble/include/rclcpp/rclcpp/node.hpp:1321[m[K,
[5.037s]                  from [01m[K/opt/ros/humble/include/rclcpp/rclcpp/executors/single_threaded_executor.hpp:28[m[K,
[5.037s]                  from [01m[K/opt/ros/humble/include/rclcpp/rclcpp/executors.hpp:22[m[K,
[5.037s]                  from [01m[K/opt/ros/humble/include/rclcpp/rclcpp/rclcpp.hpp:155[m[K,
[5.037s]                  from [01m[K/home/fidelis/NGCP-2024-/ws_ros2/src/px4_ros_com/src/examples/offboard/offboard_control.cpp:13[m[K:
[5.038s] [01m[K/opt/ros/humble/include/rclcpp/rclcpp/node_impl.hpp:73:1:[m[K [01;36m[Knote: [m[Kcandidate: â€˜[01m[Ktemplate<class MessageT, class AllocatorT, class PublisherT> std::shared_ptr<PublisherT> rclcpp::Node::create_publisher(const string&, const rclcpp::QoS&, const rclcpp::PublisherOptionsWithAllocator<AllocatorT>&)[m[Kâ€™
[5.038s]    73 | [01;36m[KNode[m[K::create_publisher(
[5.038s]       | [01;36m[K^~~~[m[K
[5.038s] [01m[K/opt/ros/humble/include/rclcpp/rclcpp/node_impl.hpp:73:1:[m[K [01;36m[Knote: [m[K  template argument deduction/substitution failed:
[5.038s] [01m[K/home/fidelis/NGCP-2024-/ws_ros2/src/px4_ros_com/src/examples/offboard/offboard_control.cpp:38:95:[m[K [01;31m[Kerror: [m[Ktemplate argument 1 is invalid
[5.038s]    38 |     vehicle_trajectory_waypoint_publisher_ = [01;31m[Kthis->create_publisher<VehicleTrajectoryWaypoint>("/fmu/in/vehicle_trajectory_waypoint", 10)[m[K;
[5.038s]       |                                              [01;31m[K~~~~~~~~~~~~~~~~~~~~~~~~~~~~~~~~~~~~~~~~~~~~~~~~~^~~~~~~~~~~~~~~~~~~~~~~~~~~~~~~~~~~~~~~~~~~[m[K
[5.038s] [01m[K/home/fidelis/NGCP-2024-/ws_ros2/src/px4_ros_com/src/examples/offboard/offboard_control.cpp:43:5:[m[K [01;31m[Kerror: [m[Kâ€˜[01m[Ktrajectory_waypoint_publisher[m[Kâ€™ was not declared in this scope; did you mean â€˜[01m[Ktrajectory_waypoint_publisher_[m[Kâ€™?
[5.038s]    43 |     [01;31m[Ktrajectory_waypoint_publisher[m[K = this->create_publisher<TrajectoryWaypoint>("/fmu/in/trajectory_waypoint", 10);
[5.038s]       |     [01;31m[K^~~~~~~~~~~~~~~~~~~~~~~~~~~~~[m[K
[5.038s]       |     [32m[Ktrajectory_waypoint_publisher_[m[K
[5.038s] [01m[K/home/fidelis/NGCP-2024-/ws_ros2/src/px4_ros_com/src/examples/offboard/offboard_control.cpp:[m[K In member function â€˜[01m[Kvoid OffboardPlane::publish_trajectory_waypoint(float, float, float)[m[Kâ€™:
[5.038s] [01m[K/home/fidelis/NGCP-2024-/ws_ros2/src/px4_ros_com/src/examples/offboard/offboard_control.cpp:234:42:[m[K [01;31m[Kerror: [m[Kno matching function for call to â€˜[01m[Krclcpp::Publisher<px4_msgs::msg::TrajectorySetpoint_<std::allocator<void> > >::publish(px4_msgs::msg::TrajectoryWaypoint&)[m[Kâ€™
[5.038s]   234 |   [01;31m[Ktrajectory_setpoint_publisher_->publish(msg)[m[K;
[5.038s]       |   [01;31m[K~~~~~~~~~~~~~~~~~~~~~~~~~~~~~~~~~~~~~~~^~~~~[m[K
[5.038s] In file included from [01m[K/opt/ros/humble/include/rclcpp/rclcpp/topic_statistics/subscription_topic_statistics.hpp:31[m[K,
[5.038s]                  from [01m[K/opt/ros/humble/include/rclcpp/rclcpp/subscription.hpp:50[m[K,
[5.038s]                  from [01m[K/opt/ros/humble/include/rclcpp/rclcpp/any_executable.hpp:25[m[K,
[5.038s]                  from [01m[K/opt/ros/humble/include/rclcpp/rclcpp/memory_strategy.hpp:25[m[K,
[5.038s]                  from [01m[K/opt/ros/humble/include/rclcpp/rclcpp/memory_strategies.hpp:18[m[K,
[5.038s]                  from [01m[K/opt/ros/humble/include/rclcpp/rclcpp/executor_options.hpp:20[m[K,
[5.038s]                  from [01m[K/opt/ros/humble/include/rclcpp/rclcpp/executor.hpp:37[m[K,
[5.038s]                  from [01m[K/opt/ros/humble/include/rclcpp/rclcpp/executors/multi_threaded_executor.hpp:25[m[K,
[5.038s]                  from [01m[K/opt/ros/humble/include/rclcpp/rclcpp/executors.hpp:21[m[K,
[5.038s]                  from [01m[K/opt/ros/humble/include/rclcpp/rclcpp/rclcpp.hpp:155[m[K,
[5.038s]                  from [01m[K/home/fidelis/NGCP-2024-/ws_ros2/src/px4_ros_com/src/examples/offboard/offboard_control.cpp:13[m[K:
[5.038s] [01m[K/opt/ros/humble/include/rclcpp/rclcpp/publisher.hpp:251:3:[m[K [01;36m[Knote: [m[Kcandidate: â€˜[01m[Ktemplate<class T> std::enable_if_t<(rosidl_generator_traits::is_message<T>::value && std::is_same<T, typename rclcpp::TypeAdapter<MessageT>::ros_message_type>::value)> rclcpp::Publisher<MessageT, AllocatorT>::publish(std::unique_ptr<T, typename std::conditional<std::is_same<typename std::allocator_traits<typename std::allocator_traits<_Allocator>::rebind_traits<typename rclcpp::TypeAdapter<MessageT, void, void>::ros_message_type>::allocator_type>::rebind_alloc<typename rclcpp::TypeAdapter<MessageT, void, void>::ros_message_type>, std::allocator<typename rclcpp::TypeAdapter<MessageT>::ros_message_type> >::value, std::default_delete<typename rclcpp::TypeAdapter<MessageT>::ros_message_type>, rclcpp::allocator::AllocatorDeleter<typename std::allocator_traits<_Allocator>::rebind_traits<typename rclcpp::TypeAdapter<MessageT, void, void>::ros_message_type>::allocator_type> >::type>) [with T = T; MessageT = px4_msgs::msg::TrajectorySetpoint_<std::allocator<void> >; AllocatorT = std::allocator<void>][m[Kâ€™
[5.038s]   251 |   [01;36m[Kpublish[m[K(std::unique_ptr<T, ROSMessageTypeDeleter> msg)
[5.038s]       |   [01;36m[K^~~~~~~[m[K
[5.038s] [01m[K/opt/ros/humble/include/rclcpp/rclcpp/publisher.hpp:251:3:[m[K [01;36m[Knote: [m[K  template argument deduction/substitution failed:
[5.038s] [01m[K/home/fidelis/NGCP-2024-/ws_ros2/src/px4_ros_com/src/examples/offboard/offboard_control.cpp:234:42:[m[K [01;36m[Knote: [m[K  â€˜[01m[Kpx4_msgs::msg::TrajectoryWaypoint_<std::allocator<void> >[m[Kâ€™ is not derived from â€˜[01m[Kstd::unique_ptr<T, std::default_delete<px4_msgs::msg::TrajectorySetpoint_<std::allocator<void> > > >[m[Kâ€™
[5.038s]   234 |   [01;36m[Ktrajectory_setpoint_publisher_->publish(msg)[m[K;
[5.038s]       |   [01;36m[K~~~~~~~~~~~~~~~~~~~~~~~~~~~~~~~~~~~~~~~^~~~~[m[K
[5.038s] In file included from [01m[K/opt/ros/humble/include/rclcpp/rclcpp/topic_statistics/subscription_topic_statistics.hpp:31[m[K,
[5.039s]                  from [01m[K/opt/ros/humble/include/rclcpp/rclcpp/subscription.hpp:50[m[K,
[5.039s]                  from [01m[K/opt/ros/humble/include/rclcpp/rclcpp/any_executable.hpp:25[m[K,
[5.039s]                  from [01m[K/opt/ros/humble/include/rclcpp/rclcpp/memory_strategy.hpp:25[m[K,
[5.039s]                  from [01m[K/opt/ros/humble/include/rclcpp/rclcpp/memory_strategies.hpp:18[m[K,
[5.039s]                  from [01m[K/opt/ros/humble/include/rclcpp/rclcpp/executor_options.hpp:20[m[K,
[5.039s]                  from [01m[K/opt/ros/humble/include/rclcpp/rclcpp/executor.hpp:37[m[K,
[5.039s]                  from [01m[K/opt/ros/humble/include/rclcpp/rclcpp/executors/multi_threaded_executor.hpp:25[m[K,
[5.039s]                  from [01m[K/opt/ros/humble/include/rclcpp/rclcpp/executors.hpp:21[m[K,
[5.039s]                  from [01m[K/opt/ros/humble/include/rclcpp/rclcpp/rclcpp.hpp:155[m[K,
[5.039s]                  from [01m[K/home/fidelis/NGCP-2024-/ws_ros2/src/px4_ros_com/src/examples/offboard/offboard_control.cpp:13[m[K:
[5.039s] [01m[K/opt/ros/humble/include/rclcpp/rclcpp/publisher.hpp:292:3:[m[K [01;36m[Knote: [m[Kcandidate: â€˜[01m[Ktemplate<class T> std::enable_if_t<(rosidl_generator_traits::is_message<T>::value && std::is_same<T, typename rclcpp::TypeAdapter<MessageT>::ros_message_type>::value)> rclcpp::Publisher<MessageT, AllocatorT>::publish(const T&) [with T = T; MessageT = px4_msgs::msg::TrajectorySetpoint_<std::allocator<void> >; AllocatorT = std::allocator<void>][m[Kâ€™
[5.039s]   292 |   [01;36m[Kpublish[m[K(const T & msg)
[5.039s]       |   [01;36m[K^~~~~~~[m[K
[5.039s] [01m[K/opt/ros/humble/include/rclcpp/rclcpp/publisher.hpp:292:3:[m[K [01;36m[Knote: [m[K  template argument deduction/substitution failed:
[5.039s] In file included from [01m[K/usr/include/c++/11/bits/move.h:57[m[K,
[5.039s]                  from [01m[K/usr/include/c++/11/bits/stl_pair.h:59[m[K,
[5.039s]                  from [01m[K/usr/include/c++/11/bits/stl_algobase.h:64[m[K,
[5.039s]                  from [01m[K/usr/include/c++/11/bits/specfun.h:45[m[K,
[5.039s]                  from [01m[K/usr/include/c++/11/cmath:1935[m[K,
[5.039s]                  from [01m[K/home/fidelis/NGCP-2024-/ws_ros2/src/px4_ros_com/src/examples/offboard/offboard_control.cpp:4[m[K:
[5.039s] /usr/include/c++/11/type_traits: In substitution of â€˜[01m[Ktemplate<bool _Cond, class _Tp> using enable_if_t = typename std::enable_if::type [with bool _Cond = false; _Tp = void][m[Kâ€™:
[5.039s] [01m[K/opt/ros/humble/include/rclcpp/rclcpp/publisher.hpp:292:3:[m[K   required by substitution of â€˜[01m[Ktemplate<class T> std::enable_if_t<(rosidl_generator_traits::is_message<T>::value && std::is_same<T, px4_msgs::msg::TrajectorySetpoint_<std::allocator<void> > >::value), void> rclcpp::Publisher<px4_msgs::msg::TrajectorySetpoint_<std::allocator<void> > >::publish<T>(const T&) [with T = px4_msgs::msg::TrajectoryWaypoint_<std::allocator<void> >][m[Kâ€™
[5.039s] [01m[K/home/fidelis/NGCP-2024-/ws_ros2/src/px4_ros_com/src/examples/offboard/offboard_control.cpp:234:42:[m[K   required from here
[5.039s] [01m[K/usr/include/c++/11/type_traits:2579:11:[m[K [01;31m[Kerror: [m[Kno type named â€˜[01m[Ktype[m[Kâ€™ in â€˜[01m[Kstruct std::enable_if<false, void>[m[Kâ€™
[5.039s]  2579 |     using [01;31m[Kenable_if_t[m[K = typename enable_if<_Cond, _Tp>::type;
[5.039s]       |           [01;31m[K^~~~~~~~~~~[m[K
[5.039s] In file included from [01m[K/opt/ros/humble/include/rclcpp/rclcpp/topic_statistics/subscription_topic_statistics.hpp:31[m[K,
[5.039s]                  from [01m[K/opt/ros/humble/include/rclcpp/rclcpp/subscription.hpp:50[m[K,
[5.039s]                  from [01m[K/opt/ros/humble/include/rclcpp/rclcpp/any_executable.hpp:25[m[K,
[5.039s]                  from [01m[K/opt/ros/humble/include/rclcpp/rclcpp/memory_strategy.hpp:25[m[K,
[5.039s]                  from [01m[K/opt/ros/humble/include/rclcpp/rclcpp/memory_strategies.hpp:18[m[K,
[5.039s]                  from [01m[K/opt/ros/humble/include/rclcpp/rclcpp/executor_options.hpp:20[m[K,
[5.039s]                  from [01m[K/opt/ros/humble/include/rclcpp/rclcpp/executor.hpp:37[m[K,
[5.039s]                  from [01m[K/opt/ros/humble/include/rclcpp/rclcpp/executors/multi_threaded_executor.hpp:25[m[K,
[5.039s]                  from [01m[K/opt/ros/humble/include/rclcpp/rclcpp/executors.hpp:21[m[K,
[5.040s]                  from [01m[K/opt/ros/humble/include/rclcpp/rclcpp/rclcpp.hpp:155[m[K,
[5.040s]                  from [01m[K/home/fidelis/NGCP-2024-/ws_ros2/src/px4_ros_com/src/examples/offboard/offboard_control.cpp:13[m[K:
[5.040s] [01m[K/opt/ros/humble/include/rclcpp/rclcpp/publisher.hpp:322:3:[m[K [01;36m[Knote: [m[Kcandidate: â€˜[01m[Ktemplate<class T> std::enable_if_t<(typename rclcpp::TypeAdapter<MessageT>::is_specialized::value && std::is_same<T, typename rclcpp::TypeAdapter<MessageT>::custom_type>::value)> rclcpp::Publisher<MessageT, AllocatorT>::publish(std::unique_ptr<T, typename std::conditional<std::is_same<typename std::allocator_traits<typename std::allocator_traits<_Allocator>::rebind_traits<typename rclcpp::TypeAdapter<MessageT, void, void>::custom_type>::allocator_type>::rebind_alloc<typename rclcpp::TypeAdapter<MessageT, void, void>::custom_type>, std::allocator<typename rclcpp::TypeAdapter<MessageT>::custom_type> >::value, std::default_delete<typename rclcpp::TypeAdapter<MessageT>::custom_type>, rclcpp::allocator::AllocatorDeleter<typename std::allocator_traits<_Allocator>::rebind_traits<typename rclcpp::TypeAdapter<MessageT, void, void>::custom_type>::allocator_type> >::type>) [with T = T; MessageT = px4_msgs::msg::TrajectorySetpoint_<std::allocator<void> >; AllocatorT = std::allocator<void>][m[Kâ€™
[5.040s]   322 |   [01;36m[Kpublish[m[K(std::unique_ptr<T, PublishedTypeDeleter> msg)
[5.040s]       |   [01;36m[K^~~~~~~[m[K
[5.040s] [01m[K/opt/ros/humble/include/rclcpp/rclcpp/publisher.hpp:322:3:[m[K [01;36m[Knote: [m[K  template argument deduction/substitution failed:
[5.040s] [01m[K/home/fidelis/NGCP-2024-/ws_ros2/src/px4_ros_com/src/examples/offboard/offboard_control.cpp:234:42:[m[K [01;36m[Knote: [m[K  â€˜[01m[Kpx4_msgs::msg::TrajectoryWaypoint_<std::allocator<void> >[m[Kâ€™ is not derived from â€˜[01m[Kstd::unique_ptr<T, std::default_delete<px4_msgs::msg::TrajectorySetpoint_<std::allocator<void> > > >[m[Kâ€™
[5.040s]   234 |   [01;36m[Ktrajectory_setpoint_publisher_->publish(msg)[m[K;
[5.040s]       |   [01;36m[K~~~~~~~~~~~~~~~~~~~~~~~~~~~~~~~~~~~~~~~^~~~~[m[K
[5.040s] In file included from [01m[K/opt/ros/humble/include/rclcpp/rclcpp/topic_statistics/subscription_topic_statistics.hpp:31[m[K,
[5.040s]                  from [01m[K/opt/ros/humble/include/rclcpp/rclcpp/subscription.hpp:50[m[K,
[5.040s]                  from [01m[K/opt/ros/humble/include/rclcpp/rclcpp/any_executable.hpp:25[m[K,
[5.040s]                  from [01m[K/opt/ros/humble/include/rclcpp/rclcpp/memory_strategy.hpp:25[m[K,
[5.040s]                  from [01m[K/opt/ros/humble/include/rclcpp/rclcpp/memory_strategies.hpp:18[m[K,
[5.041s]                  from [01m[K/opt/ros/humble/include/rclcpp/rclcpp/executor_options.hpp:20[m[K,
[5.041s]                  from [01m[K/opt/ros/humble/include/rclcpp/rclcpp/executor.hpp:37[m[K,
[5.041s]                  from [01m[K/opt/ros/humble/include/rclcpp/rclcpp/executors/multi_threaded_executor.hpp:25[m[K,
[5.041s]                  from [01m[K/opt/ros/humble/include/rclcpp/rclcpp/executors.hpp:21[m[K,
[5.041s]                  from [01m[K/opt/ros/humble/include/rclcpp/rclcpp/rclcpp.hpp:155[m[K,
[5.041s]                  from [01m[K/home/fidelis/NGCP-2024-/ws_ros2/src/px4_ros_com/src/examples/offboard/offboard_control.cpp:13[m[K:
[5.041s] [01m[K/opt/ros/humble/include/rclcpp/rclcpp/publisher.hpp:364:3:[m[K [01;36m[Knote: [m[Kcandidate: â€˜[01m[Ktemplate<class T> std::enable_if_t<(typename rclcpp::TypeAdapter<MessageT>::is_specialized::value && std::is_same<T, typename rclcpp::TypeAdapter<MessageT>::custom_type>::value)> rclcpp::Publisher<MessageT, AllocatorT>::publish(const T&) [with T = T; MessageT = px4_msgs::msg::TrajectorySetpoint_<std::allocator<void> >; AllocatorT = std::allocator<void>][m[Kâ€™
[5.043s]   364 |   [01;36m[Kpublish[m[K(const T & msg)
[5.043s]       |   [01;36m[K^~~~~~~[m[K
[5.043s] [01m[K/opt/ros/humble/include/rclcpp/rclcpp/publisher.hpp:364:3:[m[K [01;36m[Knote: [m[K  template argument deduction/substitution failed:
[5.043s] [01m[K/opt/ros/humble/include/rclcpp/rclcpp/publisher.hpp:383:3:[m[K [01;36m[Knote: [m[Kcandidate: â€˜[01m[Kvoid rclcpp::Publisher<MessageT, AllocatorT>::publish(const rcl_serialized_message_t&) [with MessageT = px4_msgs::msg::TrajectorySetpoint_<std::allocator<void> >; AllocatorT = std::allocator<void>; rcl_serialized_message_t = rcutils_uint8_array_s][m[Kâ€™
[5.043s]   383 |   [01;36m[Kpublish[m[K(const rcl_serialized_message_t & serialized_msg)
[5.043s]       |   [01;36m[K^~~~~~~[m[K
[5.043s] [01m[K/opt/ros/humble/include/rclcpp/rclcpp/publisher.hpp:383:44:[m[K [01;36m[Knote: [m[K  no known conversion for argument 1 from â€˜[01m[Kpx4_msgs::msg::TrajectoryWaypoint[m[Kâ€™ {aka â€˜[01m[Kpx4_msgs::msg::TrajectoryWaypoint_<std::allocator<void> >[m[Kâ€™} to â€˜[01m[Kconst rcl_serialized_message_t&[m[Kâ€™ {aka â€˜[01m[Kconst rcutils_uint8_array_s&[m[Kâ€™}
[5.043s]   383 |   publish([01;36m[Kconst rcl_serialized_message_t & serialized_msg[m[K)
[5.043s]       |           [01;36m[K~~~~~~~~~~~~~~~~~~~~~~~~~~~~~~~~~^~~~~~~~~~~~~~[m[K
[5.043s] [01m[K/opt/ros/humble/include/rclcpp/rclcpp/publisher.hpp:389:3:[m[K [01;36m[Knote: [m[Kcandidate: â€˜[01m[Kvoid rclcpp::Publisher<MessageT, AllocatorT>::publish(const rclcpp::SerializedMessage&) [with MessageT = px4_msgs::msg::TrajectorySetpoint_<std::allocator<void> >; AllocatorT = std::allocator<void>][m[Kâ€™
[5.043s]   389 |   [01;36m[Kpublish[m[K(const SerializedMessage & serialized_msg)
[5.043s]       |   [01;36m[K^~~~~~~[m[K
[5.043s] [01m[K/opt/ros/humble/include/rclcpp/rclcpp/publisher.hpp:389:37:[m[K [01;36m[Knote: [m[K  no known conversion for argument 1 from â€˜[01m[Kpx4_msgs::msg::TrajectoryWaypoint[m[Kâ€™ {aka â€˜[01m[Kpx4_msgs::msg::TrajectoryWaypoint_<std::allocator<void> >[m[Kâ€™} to â€˜[01m[Kconst rclcpp::SerializedMessage&[m[Kâ€™
[5.043s]   389 |   publish([01;36m[Kconst SerializedMessage & serialized_msg[m[K)
[5.043s]       |           [01;36m[K~~~~~~~~~~~~~~~~~~~~~~~~~~^~~~~~~~~~~~~~[m[K
[5.043s] [01m[K/opt/ros/humble/include/rclcpp/rclcpp/publisher.hpp:403:3:[m[K [01;36m[Knote: [m[Kcandidate: â€˜[01m[Kvoid rclcpp::Publisher<MessageT, AllocatorT>::publish(rclcpp::LoanedMessage<typename rclcpp::TypeAdapter<MessageT>::ros_message_type, AllocatorT>&&) [with MessageT = px4_msgs::msg::TrajectorySetpoint_<std::allocator<void> >; AllocatorT = std::allocator<void>; typename rclcpp::TypeAdapter<MessageT>::ros_message_type = px4_msgs::msg::TrajectorySetpoint_<std::allocator<void> >][m[Kâ€™
[5.043s]   403 |   [01;36m[Kpublish[m[K(rclcpp::LoanedMessage<ROSMessageType, AllocatorT> && loaned_msg)
[5.043s]       |   [01;36m[K^~~~~~~[m[K
[5.043s] [01m[K/opt/ros/humble/include/rclcpp/rclcpp/publisher.hpp:403:64:[m[K [01;36m[Knote: [m[K  no known conversion for argument 1 from â€˜[01m[Kpx4_msgs::msg::TrajectoryWaypoint[m[Kâ€™ {aka â€˜[01m[Kpx4_msgs::msg::TrajectoryWaypoint_<std::allocator<void> >[m[Kâ€™} to â€˜[01m[Krclcpp::LoanedMessage<px4_msgs::msg::TrajectorySetpoint_<std::allocator<void> >, std::allocator<void> >&&[m[Kâ€™
[5.043s]   403 |   publish([01;36m[Krclcpp::LoanedMessage<ROSMessageType, AllocatorT> && loaned_msg[m[K)
[5.043s]       |           [01;36m[K~~~~~~~~~~~~~~~~~~~~~~~~~~~~~~~~~~~~~~~~~~~~~~~~~~~~~^~~~~~~~~~[m[K
[5.043s] gmake[2]: *** [CMakeFiles/offboard_control.dir/build.make:76: CMakeFiles/offboard_control.dir/src/examples/offboard/offboard_control.cpp.o] Error 1
[5.043s] gmake[1]: *** [CMakeFiles/Makefile2:254: CMakeFiles/offboard_control.dir/all] Error 2
[5.043s] gmake: *** [Makefile:146: all] Error 2
[5.044s] Invoked command in '/home/fidelis/NGCP-2024-/ws_ros2/build/px4_ros_com' returned '2': AMENT_PREFIX_PATH=/home/fidelis/NGCP-2024-/ws_ros2/install/px4_msgs:${AMENT_PREFIX_PATH} CMAKE_PREFIX_PATH=/home/fidelis/NGCP-2024-/ws_ros2/install/px4_msgs:/opt/ros/humble LD_LIBRARY_PATH=/home/fidelis/NGCP-2024-/ws_ros2/install/px4_msgs/lib:${LD_LIBRARY_PATH} PYTHONPATH=/home/fidelis/NGCP-2024-/ws_ros2/install/px4_msgs/local/lib/python3.10/dist-packages:${PYTHONPATH} /usr/bin/cmake --build /home/fidelis/NGCP-2024-/ws_ros2/build/px4_ros_com -- -j16 -l16
