[0.010s] Invoking command in '/home/fidelis/NGCP-2024-/ws_ros2/build/px4_ros_com': AMENT_PREFIX_PATH=/home/fidelis/NGCP-2024-/ws_ros2/install/px4_msgs:${AMENT_PREFIX_PATH} CMAKE_PREFIX_PATH=/home/fidelis/NGCP-2024-/ws_ros2/install/px4_msgs:/opt/ros/humble LD_LIBRARY_PATH=/home/fidelis/NGCP-2024-/ws_ros2/install/px4_msgs/lib:${LD_LIBRARY_PATH} PYTHONPATH=/home/fidelis/NGCP-2024-/ws_ros2/install/px4_msgs/local/lib/python3.10/dist-packages:${PYTHONPATH} /usr/bin/cmake --build /home/fidelis/NGCP-2024-/ws_ros2/build/px4_ros_com -- -j16 -l16
[0.051s] [35m[1mConsolidate compiler generated dependencies of target offboard_control[0m
[0.063s] [ 83%] Built target vehicle_gps_position_listener
[0.064s] [ 83%] Built target sensor_combined_listener
[0.064s] [ 83%] Built target frame_transforms
[0.064s] [ 83%] Built target offboard_control_srv
[0.064s] [ 83%] Built target debug_vect_advertiser
[0.067s] [ 91%] [32mBuilding CXX object CMakeFiles/offboard_control.dir/src/examples/offboard/offboard_control.cpp.o[0m
[0.068s] [ 91%] Built target ament_cmake_python_symlink_px4_ros_com
[0.207s] running egg_info
[0.216s] writing px4_ros_com.egg-info/PKG-INFO
[0.217s] writing dependency_links to px4_ros_com.egg-info/dependency_links.txt
[0.217s] writing top-level names to px4_ros_com.egg-info/top_level.txt
[0.245s] reading manifest file 'px4_ros_com.egg-info/SOURCES.txt'
[0.246s] writing manifest file 'px4_ros_com.egg-info/SOURCES.txt'
[0.274s] [ 91%] Built target ament_cmake_python_build_px4_ros_com_egg
[4.086s] [01m[K/home/fidelis/NGCP-2024-/ws_ros2/src/px4_ros_com/src/examples/offboard/offboard_control.cpp:43:53:[m[K [01;31m[Kerror: [m[Kâ€˜[01m[KVehicleStatus[m[Kâ€™ in namespace â€˜[01m[Kpx4_msgs::msg[m[Kâ€™ does not name a type
[4.087s]    43 |   void vehicle_status_callback(const px4_msgs::msg::[01;31m[KVehicleStatus[m[K::SharedPtr msg);
[4.087s]       |                                                     [01;31m[K^~~~~~~~~~~~~[m[K
[4.087s] [01m[K/home/fidelis/NGCP-2024-/ws_ros2/src/px4_ros_com/src/examples/offboard/offboard_control.cpp:43:78:[m[K [01;31m[Kerror: [m[Kexpected unqualified-id before â€˜[01m[Kmsg[m[Kâ€™
[4.087s]    43 |   void vehicle_status_callback(const px4_msgs::msg::VehicleStatus::SharedPtr [01;31m[Kmsg[m[K);
[4.087s]       |                                                                              [01;31m[K^~~[m[K
[4.087s] [01m[K/home/fidelis/NGCP-2024-/ws_ros2/src/px4_ros_com/src/examples/offboard/offboard_control.cpp:43:77:[m[K [01;31m[Kerror: [m[Kexpected â€˜[01m[K)[m[Kâ€™ before â€˜[01m[Kmsg[m[Kâ€™
[4.087s]    43 |   void vehicle_status_callback[34m[K([m[Kconst px4_msgs::msg::VehicleStatus::SharedPtr[01;31m[K [m[K[32m[Kmsg[m[K);
[4.087s]       |                               [34m[K~[m[K                                             [01;31m[K^[m[K[32m[K~~~[m[K
[4.087s]       |                                                                             [32m[K)[m[K
[4.087s] [01m[K/home/fidelis/NGCP-2024-/ws_ros2/src/px4_ros_com/src/examples/offboard/offboard_control.cpp:43:68:[m[K [01;31m[Kerror: [m[Kexpected â€˜[01m[K;[m[Kâ€™ at end of member declaration
[4.087s]    43 |   void vehicle_status_callback(const px4_msgs::msg::VehicleStatus::[01;31m[KSharedPtr[m[K msg);
[4.087s]       |                                                                    [01;31m[K^~~~~~~~~[m[K
[4.087s]       |                                                                             [32m[K;[m[K
[4.087s] [01m[K/home/fidelis/NGCP-2024-/ws_ros2/src/px4_ros_com/src/examples/offboard/offboard_control.cpp:43:78:[m[K [01;31m[Kerror: [m[Kâ€˜[01m[Kmsg[m[Kâ€™ does not name a type
[4.087s]    43 |   void vehicle_status_callback(const px4_msgs::msg::VehicleStatus::SharedPtr [01;31m[Kmsg[m[K);
[4.087s]       |                                                                              [01;31m[K^~~[m[K
[4.088s] gmake[2]: *** [CMakeFiles/offboard_control.dir/build.make:76: CMakeFiles/offboard_control.dir/src/examples/offboard/offboard_control.cpp.o] Error 1
[4.089s] gmake[1]: *** [CMakeFiles/Makefile2:254: CMakeFiles/offboard_control.dir/all] Error 2
[4.089s] gmake: *** [Makefile:146: all] Error 2
[4.091s] Invoked command in '/home/fidelis/NGCP-2024-/ws_ros2/build/px4_ros_com' returned '2': AMENT_PREFIX_PATH=/home/fidelis/NGCP-2024-/ws_ros2/install/px4_msgs:${AMENT_PREFIX_PATH} CMAKE_PREFIX_PATH=/home/fidelis/NGCP-2024-/ws_ros2/install/px4_msgs:/opt/ros/humble LD_LIBRARY_PATH=/home/fidelis/NGCP-2024-/ws_ros2/install/px4_msgs/lib:${LD_LIBRARY_PATH} PYTHONPATH=/home/fidelis/NGCP-2024-/ws_ros2/install/px4_msgs/local/lib/python3.10/dist-packages:${PYTHONPATH} /usr/bin/cmake --build /home/fidelis/NGCP-2024-/ws_ros2/build/px4_ros_com -- -j16 -l16
