[0.008s] Invoking command in '/home/fidelis/NGCP-2024-/ws_ros2/build/px4_ros_com': AMENT_PREFIX_PATH=/home/fidelis/NGCP-2024-/ws_ros2/install/px4_msgs:${AMENT_PREFIX_PATH} CMAKE_PREFIX_PATH=/home/fidelis/NGCP-2024-/ws_ros2/install/px4_msgs:/opt/ros/humble LD_LIBRARY_PATH=/home/fidelis/NGCP-2024-/ws_ros2/install/px4_msgs/lib:${LD_LIBRARY_PATH} PYTHONPATH=/home/fidelis/NGCP-2024-/ws_ros2/install/px4_msgs/local/lib/python3.10/dist-packages:${PYTHONPATH} /usr/bin/cmake --build /home/fidelis/NGCP-2024-/ws_ros2/build/px4_ros_com -- -j16 -l16
[0.055s] [35m[1mConsolidate compiler generated dependencies of target offboard_control[0m
[0.066s] [ 57%] Built target frame_transforms
[0.067s] [ 57%] Built target vehicle_gps_position_listener
[0.067s] [ 57%] Built target debug_vect_advertiser
[0.067s] [ 57%] Built target sensor_combined_listener
[0.067s] [ 71%] Built target read_telemetry
[0.068s] [ 85%] Built target offboard_control_srv
[0.073s] [ 92%] Built target ament_cmake_python_symlink_px4_ros_com
[0.073s] [ 92%] [32mBuilding CXX object CMakeFiles/offboard_control.dir/src/examples/offboard/offboard_control.cpp.o[0m
[0.217s] running egg_info
[0.227s] writing px4_ros_com.egg-info/PKG-INFO
[0.228s] writing dependency_links to px4_ros_com.egg-info/dependency_links.txt
[0.228s] writing top-level names to px4_ros_com.egg-info/top_level.txt
[0.259s] reading manifest file 'px4_ros_com.egg-info/SOURCES.txt'
[0.260s] writing manifest file 'px4_ros_com.egg-info/SOURCES.txt'
[0.288s] [ 92%] Built target ament_cmake_python_build_px4_ros_com_egg
[5.134s] [01m[K/home/fidelis/NGCP-2024-/ws_ros2/src/px4_ros_com/src/examples/offboard/offboard_control.cpp:68:46:[m[K [01;31m[Kerror: [m[Kâ€˜[01m[KOFFBOARD_LOITER_TIME[m[Kâ€™ is not a type
[5.134s]    68 |   const std::chrono::seconds loiter_duration([01;31m[KOFFBOARD_LOITER_TIME[m[K);
[5.134s]       |                                              [01;31m[K^~~~~~~~~~~~~~~~~~~~[m[K
[5.135s] [01m[K/home/fidelis/NGCP-2024-/ws_ros2/src/px4_ros_com/src/examples/offboard/offboard_control.cpp:[m[K In member function â€˜[01m[Kvoid OffboardPlane::run()[m[Kâ€™:
[5.135s] [01m[K/home/fidelis/NGCP-2024-/ws_ros2/src/px4_ros_com/src/examples/offboard/offboard_control.cpp:123:38:[m[K [01;31m[Kerror: [m[Kinvalid use of non-static member function â€˜[01m[Kconst seconds OffboardPlane::loiter_duration(int)[m[Kâ€™
[5.135s]   123 |     auto remaining = [01;31m[Kloiter_duration - elapsed[m[K;
[5.135s]       |                      [01;31m[K~~~~~~~~~~~~~~~~^~~~~~~~~[m[K
[5.135s] [01m[K/home/fidelis/NGCP-2024-/ws_ros2/src/px4_ros_com/src/examples/offboard/offboard_control.cpp:68:30:[m[K [01;36m[Knote: [m[Kdeclared here
[5.135s]    68 |   const std::chrono::seconds [01;36m[Kloiter_duration[m[K(OFFBOARD_LOITER_TIME);
[5.135s]       |                              [01;36m[K^~~~~~~~~~~~~~~[m[K
[5.135s] [01m[K/home/fidelis/NGCP-2024-/ws_ros2/src/px4_ros_com/src/examples/offboard/offboard_control.cpp:127:32:[m[K [01;31m[Kerror: [m[Kinvalid use of non-static member function â€˜[01m[Kconst seconds OffboardPlane::loiter_duration(int)[m[Kâ€™
[5.135s]   127 |     if([01;31m[Know - loiter_start_time > loiter_duration[m[K) {
[5.135s]       |        [01;31m[K~~~~~~~~~~~~~~~~~~~~~~~~^~~~~~~~~~~~~~~~~[m[K
[5.135s] [01m[K/home/fidelis/NGCP-2024-/ws_ros2/src/px4_ros_com/src/examples/offboard/offboard_control.cpp:68:30:[m[K [01;36m[Knote: [m[Kdeclared here
[5.135s]    68 |   const std::chrono::seconds [01;36m[Kloiter_duration[m[K(OFFBOARD_LOITER_TIME);
[5.135s]       |                              [01;36m[K^~~~~~~~~~~~~~~[m[K
[5.136s] gmake[2]: *** [CMakeFiles/offboard_control.dir/build.make:76: CMakeFiles/offboard_control.dir/src/examples/offboard/offboard_control.cpp.o] Error 1
[5.136s] gmake[1]: *** [CMakeFiles/Makefile2:256: CMakeFiles/offboard_control.dir/all] Error 2
[5.136s] gmake: *** [Makefile:146: all] Error 2
[5.138s] Invoked command in '/home/fidelis/NGCP-2024-/ws_ros2/build/px4_ros_com' returned '2': AMENT_PREFIX_PATH=/home/fidelis/NGCP-2024-/ws_ros2/install/px4_msgs:${AMENT_PREFIX_PATH} CMAKE_PREFIX_PATH=/home/fidelis/NGCP-2024-/ws_ros2/install/px4_msgs:/opt/ros/humble LD_LIBRARY_PATH=/home/fidelis/NGCP-2024-/ws_ros2/install/px4_msgs/lib:${LD_LIBRARY_PATH} PYTHONPATH=/home/fidelis/NGCP-2024-/ws_ros2/install/px4_msgs/local/lib/python3.10/dist-packages:${PYTHONPATH} /usr/bin/cmake --build /home/fidelis/NGCP-2024-/ws_ros2/build/px4_ros_com -- -j16 -l16
