[0.009s] Invoking command in '/home/fidelis/NGCP-2024-/ws_ros2/build/px4_ros_com': AMENT_PREFIX_PATH=/home/fidelis/NGCP-2024-/ws_ros2/install/px4_msgs:${AMENT_PREFIX_PATH} CMAKE_PREFIX_PATH=/home/fidelis/NGCP-2024-/ws_ros2/install/px4_msgs:/opt/ros/humble LD_LIBRARY_PATH=/home/fidelis/NGCP-2024-/ws_ros2/install/px4_msgs/lib:${LD_LIBRARY_PATH} PYTHONPATH=/home/fidelis/NGCP-2024-/ws_ros2/install/px4_msgs/local/lib/python3.10/dist-packages:${PYTHONPATH} /usr/bin/cmake --build /home/fidelis/NGCP-2024-/ws_ros2/build/px4_ros_com -- -j16 -l16
[0.058s] [35m[1mConsolidate compiler generated dependencies of target offboard_control[0m
[0.066s] [ 50%] Built target sensor_combined_listener
[0.066s] [ 50%] Built target frame_transforms
[0.066s] [ 50%] Built target vehicle_gps_position_listener
[0.070s] [ 83%] Built target debug_vect_advertiser
[0.070s] [ 83%] Built target offboard_control_srv
[0.073s] [ 83%] Built target ament_cmake_python_symlink_px4_ros_com
[0.073s] [ 91%] [32mBuilding CXX object CMakeFiles/offboard_control.dir/src/examples/offboard/offboard_control.cpp.o[0m
[0.205s] running egg_info
[0.213s] writing px4_ros_com.egg-info/PKG-INFO
[0.214s] writing dependency_links to px4_ros_com.egg-info/dependency_links.txt
[0.214s] writing top-level names to px4_ros_com.egg-info/top_level.txt
[0.245s] reading manifest file 'px4_ros_com.egg-info/SOURCES.txt'
[0.246s] writing manifest file 'px4_ros_com.egg-info/SOURCES.txt'
[0.281s] [ 91%] Built target ament_cmake_python_build_px4_ros_com_egg
[4.388s] [01m[K/home/fidelis/NGCP-2024-/ws_ros2/src/px4_ros_com/src/examples/offboard/offboard_control.cpp:[m[K In constructor â€˜[01m[KOffboardControl::OffboardControl()[m[Kâ€™:
[4.388s] [01m[K/home/fidelis/NGCP-2024-/ws_ros2/src/px4_ros_com/src/examples/offboard/offboard_control.cpp:67:31:[m[K [01;31m[Kerror: [m[Kâ€˜[01m[Kclass OffboardControl[m[Kâ€™ has no member named â€˜[01m[Kgetclock[m[Kâ€™; did you mean â€˜[01m[Kget_clock[m[Kâ€™?
[4.388s]    67 |     auto takeoff_time = this->[01;31m[Kgetclock[m[K()->now();
[4.388s]       |                               [01;31m[K^~~~~~~~[m[K
[4.388s]       |                               [32m[Kget_clock[m[K
[4.388s] [01m[K/home/fidelis/NGCP-2024-/ws_ros2/src/px4_ros_com/src/examples/offboard/offboard_control.cpp:[m[K In lambda function:
[4.388s] [01m[K/home/fidelis/NGCP-2024-/ws_ros2/src/px4_ros_com/src/examples/offboard/offboard_control.cpp:79:39:[m[K [01;31m[Kerror: [m[Kâ€˜[01m[Ktakeoff_time[m[Kâ€™ is not captured
[4.388s]    79 |         if(this->get_clock()->now() - [01;31m[Ktakeoff_time[m[K > 10s && !takeoff_done) {
[4.388s]       |                                       [01;31m[K^~~~~~~~~~~~[m[K
[4.388s] [01m[K/home/fidelis/NGCP-2024-/ws_ros2/src/px4_ros_com/src/examples/offboard/offboard_control.cpp:70:32:[m[K [01;36m[Knote: [m[Kthe lambda has no capture-default
[4.389s]    70 |     auto timer_callback = [this[01;36m[K][m[K() -> void {
[4.389s]       |                                [01;36m[K^[m[K
[4.389s] [01m[K/home/fidelis/NGCP-2024-/ws_ros2/src/px4_ros_com/src/examples/offboard/offboard_control.cpp:67:10:[m[K [01;36m[Knote: [m[Kâ€˜[01m[K<typeprefixerror>takeoff_time[m[Kâ€™ declared here
[4.389s]    67 |     auto [01;36m[Ktakeoff_time[m[K = this->getclock()->now();
[4.389s]       |          [01;36m[K^~~~~~~~~~~~[m[K
[4.389s] [01m[K/home/fidelis/NGCP-2024-/ws_ros2/src/px4_ros_com/src/examples/offboard/offboard_control.cpp:79:62:[m[K [01;31m[Kerror: [m[Kâ€˜[01m[Ktakeoff_done[m[Kâ€™ is not captured
[4.389s]    79 |         if(this->get_clock()->now() - takeoff_time > 10s && ![01;31m[Ktakeoff_done[m[K) {
[4.389s]       |                                                              [01;31m[K^~~~~~~~~~~~[m[K
[4.389s] [01m[K/home/fidelis/NGCP-2024-/ws_ros2/src/px4_ros_com/src/examples/offboard/offboard_control.cpp:70:32:[m[K [01;36m[Knote: [m[Kthe lambda has no capture-default
[4.389s]    70 |     auto timer_callback = [this[01;36m[K][m[K() -> void {
[4.389s]       |                                [01;36m[K^[m[K
[4.389s] [01m[K/home/fidelis/NGCP-2024-/ws_ros2/src/px4_ros_com/src/examples/offboard/offboard_control.cpp:68:10:[m[K [01;36m[Knote: [m[Kâ€˜[01m[Kbool takeoff_done[m[Kâ€™ declared here
[4.389s]    68 |     bool [01;36m[Ktakeoff_done[m[K = false;
[4.389s]       |          [01;36m[K^~~~~~~~~~~~[m[K
[4.389s] [01m[K/home/fidelis/NGCP-2024-/ws_ros2/src/px4_ros_com/src/examples/offboard/offboard_control.cpp:80:11:[m[K [01;31m[Kerror: [m[Kâ€˜[01m[Ktakeoff_done[m[Kâ€™ is not captured
[4.389s]    80 |           [01;31m[Ktakeoff_done[m[K = true;
[4.389s]       |           [01;31m[K^~~~~~~~~~~~[m[K
[4.389s] [01m[K/home/fidelis/NGCP-2024-/ws_ros2/src/px4_ros_com/src/examples/offboard/offboard_control.cpp:70:32:[m[K [01;36m[Knote: [m[Kthe lambda has no capture-default
[4.389s]    70 |     auto timer_callback = [this[01;36m[K][m[K() -> void {
[4.389s]       |                                [01;36m[K^[m[K
[4.389s] [01m[K/home/fidelis/NGCP-2024-/ws_ros2/src/px4_ros_com/src/examples/offboard/offboard_control.cpp:68:10:[m[K [01;36m[Knote: [m[Kâ€˜[01m[Kbool takeoff_done[m[Kâ€™ declared here
[4.389s]    68 |     bool [01;36m[Ktakeoff_done[m[K = false;
[4.389s]       |          [01;36m[K^~~~~~~~~~~~[m[K
[4.389s] gmake[2]: *** [CMakeFiles/offboard_control.dir/build.make:76: CMakeFiles/offboard_control.dir/src/examples/offboard/offboard_control.cpp.o] Error 1
[4.390s] gmake[1]: *** [CMakeFiles/Makefile2:254: CMakeFiles/offboard_control.dir/all] Error 2
[4.390s] gmake: *** [Makefile:146: all] Error 2
[4.392s] Invoked command in '/home/fidelis/NGCP-2024-/ws_ros2/build/px4_ros_com' returned '2': AMENT_PREFIX_PATH=/home/fidelis/NGCP-2024-/ws_ros2/install/px4_msgs:${AMENT_PREFIX_PATH} CMAKE_PREFIX_PATH=/home/fidelis/NGCP-2024-/ws_ros2/install/px4_msgs:/opt/ros/humble LD_LIBRARY_PATH=/home/fidelis/NGCP-2024-/ws_ros2/install/px4_msgs/lib:${LD_LIBRARY_PATH} PYTHONPATH=/home/fidelis/NGCP-2024-/ws_ros2/install/px4_msgs/local/lib/python3.10/dist-packages:${PYTHONPATH} /usr/bin/cmake --build /home/fidelis/NGCP-2024-/ws_ros2/build/px4_ros_com -- -j16 -l16
