[0.008s] Invoking command in '/home/fidelis/ws_offboard_control/build/px4_ros_com': CMAKE_PREFIX_PATH=/home/fidelis/ws_offboard_control/install/px4_msgs:/home/fidelis/ws_offboard_control/install/px4_ros_com:/opt/ros/humble LD_LIBRARY_PATH=/home/fidelis/ws_offboard_control/install/px4_msgs/lib:/home/fidelis/ws_offboard_control/install/px4_ros_com/lib:/opt/ros/humble/opt/rviz_ogre_vendor/lib:/opt/ros/humble/lib/x86_64-linux-gnu:/opt/ros/humble/lib /usr/bin/cmake --build /home/fidelis/ws_offboard_control/build/px4_ros_com -- -j16 -l16
[0.050s] [35m[1mConsolidate compiler generated dependencies of target offboard_control[0m
[0.059s] [ 83%] Built target offboard_control_srv
[0.059s] [ 83%] Built target sensor_combined_listener
[0.060s] [ 83%] Built target frame_transforms
[0.060s] [ 83%] Built target vehicle_gps_position_listener
[0.060s] [ 83%] Built target debug_vect_advertiser
[0.063s] [ 91%] [32mBuilding CXX object CMakeFiles/offboard_control.dir/src/examples/offboard/offboard_control.cpp.o[0m
[0.064s] [ 91%] Built target ament_cmake_python_copy_px4_ros_com
[0.188s] running egg_info
[0.195s] writing px4_ros_com.egg-info/PKG-INFO
[0.196s] writing dependency_links to px4_ros_com.egg-info/dependency_links.txt
[0.196s] writing top-level names to px4_ros_com.egg-info/top_level.txt
[0.217s] reading manifest file 'px4_ros_com.egg-info/SOURCES.txt'
[0.218s] writing manifest file 'px4_ros_com.egg-info/SOURCES.txt'
[0.238s] [ 91%] Built target ament_cmake_python_build_px4_ros_com_egg
[4.291s] [01m[K/home/fidelis/ws_offboard_control/src/px4_ros_com/src/examples/offboard/offboard_control.cpp:[m[K In member function â€˜[01m[Kvoid OffboardPlane::run()[m[Kâ€™:
[4.291s] [01m[K/home/fidelis/ws_offboard_control/src/px4_ros_com/src/examples/offboard/offboard_control.cpp:84:49:[m[K [01;35m[Kwarning: [m[Kconversion from â€˜[01m[Kunsigned int[m[Kâ€™ to â€˜[01m[Kuint16_t[m[Kâ€™ {aka â€˜[01m[Kshort unsigned int[m[Kâ€™} changes value from â€˜[01m[K100000[m[Kâ€™ to â€˜[01m[K34464[m[Kâ€™ [[01;35m[K-Woverflow[m[K]
[4.291s]    84 |   this->publish_vehicle_command([01;35m[KVehicleCommand::VEHICLE_CMD_SET_GPS_GLOBAL_ORIGIN[m[K, 0.0, 0.0);
[4.291s]       |                                 [01;35m[K~~~~~~~~~~~~~~~~^~~~~~~~~~~~~~~~~~~~~~~~~~~~~~~~~[m[K
[4.291s] [01m[K/home/fidelis/ws_offboard_control/src/px4_ros_com/src/examples/offboard/offboard_control.cpp:[m[K In function â€˜[01m[Kint main(int, char**)[m[Kâ€™:
[4.291s] [01m[K/home/fidelis/ws_offboard_control/src/px4_ros_com/src/examples/offboard/offboard_control.cpp:201:57:[m[K [01;31m[Kerror: [m[Kexpected â€˜[01m[K}[m[Kâ€™ before numeric constant
[4.291s]   201 |   std::vector<std::vector<float>> target_waypoint = {[32m[K{[m[K0 [01;31m[K100[m[K, -20.0}};
[4.291s]       |                                                      [32m[K~[m[K  [01;31m[K^~~[m[K
[4.291s] [01m[K/home/fidelis/ws_offboard_control/src/px4_ros_com/src/examples/offboard/offboard_control.cpp:201:57:[m[K [01;31m[Kerror: [m[Kexpected â€˜[01m[K}[m[Kâ€™ before numeric constant
[4.291s]   201 |   std::vector<std::vector<float>> target_waypoint = [32m[K{[m[K{0 [01;31m[K100[m[K, -20.0}};
[4.292s]       |                                                     [32m[K~[m[K   [01;31m[K^~~[m[K
[4.292s] [01m[K/home/fidelis/ws_offboard_control/src/px4_ros_com/src/examples/offboard/offboard_control.cpp:201:57:[m[K [01;31m[Kerror: [m[Kexpected â€˜[01m[K,[m[Kâ€™ or â€˜[01m[K;[m[Kâ€™ before numeric constant
[4.292s] [01m[K/home/fidelis/ws_offboard_control/src/px4_ros_com/src/examples/offboard/offboard_control.cpp:[m[K At global scope:
[4.292s] [01m[K/home/fidelis/ws_offboard_control/src/px4_ros_com/src/examples/offboard/offboard_control.cpp:201:68:[m[K [01;31m[Kerror: [m[Kexpected declaration before â€˜[01m[K}[m[Kâ€™ token
[4.292s]   201 |   std::vector<std::vector<float>> target_waypoint = {{0 100, -20.0}[01;31m[K}[m[K;
[4.292s]       |                                                                    [01;31m[K^[m[K
[4.292s] [01m[K/home/fidelis/ws_offboard_control/src/px4_ros_com/src/examples/offboard/offboard_control.cpp:203:47:[m[K [01;31m[Kerror: [m[Kâ€˜[01m[Ktarget_waypoint[m[Kâ€™ was not declared in this scope
[4.292s]   203 |   auto node = std::make_shared<OffboardPlane>([01;31m[Ktarget_waypoint[m[K);
[4.292s]       |                                               [01;31m[K^~~~~~~~~~~~~~~[m[K
[4.292s] [01m[K/home/fidelis/ws_offboard_control/src/px4_ros_com/src/examples/offboard/offboard_control.cpp:204:15:[m[K [01;31m[Kerror: [m[Kexpected constructor, destructor, or type conversion before â€˜[01m[K([m[Kâ€™ token
[4.292s]   204 |   rclcpp::spin[01;31m[K([m[Knode);
[4.292s]       |               [01;31m[K^[m[K
[4.292s] [01m[K/home/fidelis/ws_offboard_control/src/px4_ros_com/src/examples/offboard/offboard_control.cpp:205:21:[m[K [01;31m[Kerror: [m[Kexpected constructor, destructor, or type conversion before â€˜[01m[K;[m[Kâ€™ token
[4.292s]   205 |   rclcpp::shutdown()[01;31m[K;[m[K
[4.292s]       |                     [01;31m[K^[m[K
[4.292s] [01m[K/home/fidelis/ws_offboard_control/src/px4_ros_com/src/examples/offboard/offboard_control.cpp:206:3:[m[K [01;31m[Kerror: [m[Kexpected unqualified-id before â€˜[01m[Kreturn[m[Kâ€™
[4.292s]   206 |   [01;31m[Kreturn[m[K 0;
[4.292s]       |   [01;31m[K^~~~~~[m[K
[4.292s] [01m[K/home/fidelis/ws_offboard_control/src/px4_ros_com/src/examples/offboard/offboard_control.cpp:207:1:[m[K [01;31m[Kerror: [m[Kexpected declaration before â€˜[01m[K}[m[Kâ€™ token
[4.292s]   207 | [01;31m[K}[m[K
[4.292s]       | [01;31m[K^[m[K
[4.292s] gmake[2]: *** [CMakeFiles/offboard_control.dir/build.make:76: CMakeFiles/offboard_control.dir/src/examples/offboard/offboard_control.cpp.o] Error 1
[4.293s] gmake[1]: *** [CMakeFiles/Makefile2:254: CMakeFiles/offboard_control.dir/all] Error 2
[4.293s] gmake: *** [Makefile:146: all] Error 2
[4.296s] Invoked command in '/home/fidelis/ws_offboard_control/build/px4_ros_com' returned '2': CMAKE_PREFIX_PATH=/home/fidelis/ws_offboard_control/install/px4_msgs:/home/fidelis/ws_offboard_control/install/px4_ros_com:/opt/ros/humble LD_LIBRARY_PATH=/home/fidelis/ws_offboard_control/install/px4_msgs/lib:/home/fidelis/ws_offboard_control/install/px4_ros_com/lib:/opt/ros/humble/opt/rviz_ogre_vendor/lib:/opt/ros/humble/lib/x86_64-linux-gnu:/opt/ros/humble/lib /usr/bin/cmake --build /home/fidelis/ws_offboard_control/build/px4_ros_com -- -j16 -l16
