[35m[1mConsolidate compiler generated dependencies of target offboard_control[0m
[ 71%] Built target vehicle_gps_position_listener
[ 71%] Built target frame_transforms
[ 71%] Built target sensor_combined_listener
[ 71%] Built target read_telemetry
[ 71%] Built target debug_vect_advertiser
[ 85%] Built target offboard_control_srv
[ 92%] [32mBuilding CXX object CMakeFiles/offboard_control.dir/src/examples/offboard/offboard_control.cpp.o[0m
[ 92%] Built target ament_cmake_python_symlink_px4_ros_com
running egg_info
writing px4_ros_com.egg-info/PKG-INFO
writing dependency_links to px4_ros_com.egg-info/dependency_links.txt
writing top-level names to px4_ros_com.egg-info/top_level.txt
reading manifest file 'px4_ros_com.egg-info/SOURCES.txt'
writing manifest file 'px4_ros_com.egg-info/SOURCES.txt'
[ 92%] Built target ament_cmake_python_build_px4_ros_com_egg
[01m[K/home/fidelis/NGCP-2024-/ws_ros2/src/px4_ros_com/src/examples/offboard/offboard_control.cpp:26:38:[m[K [01;31m[Kerror: [m[Kconversion from â€˜[01m[Kint[m[Kâ€™ to non-scalar type â€˜[01m[Kconst seconds[m[Kâ€™ {aka â€˜[01m[Kconst std::chrono::duration<long int>[m[Kâ€™} requested
   26 | const seconds OFFBOARD_LOITER_TIME = [01;31m[K10[m[K; // adjust loiter time (seconds)
      |                                      [01;31m[K^~[m[K
gmake[2]: *** [CMakeFiles/offboard_control.dir/build.make:76: CMakeFiles/offboard_control.dir/src/examples/offboard/offboard_control.cpp.o] Error 1
gmake[1]: *** [CMakeFiles/Makefile2:256: CMakeFiles/offboard_control.dir/all] Error 2
gmake: *** [Makefile:146: all] Error 2
