[35m[1mConsolidate compiler generated dependencies of target offboard_control[0m
[ 16%] Built target frame_transforms
[ 16%] Built target ament_cmake_python_copy_px4_ros_com
[ 50%] [32m[1mLinking CXX executable sensor_combined_listener[0m
[ 50%] [32m[1mLinking CXX executable offboard_control_srv[0m
[ 50%] [32m[1mLinking CXX executable debug_vect_advertiser[0m
[ 50%] [32mBuilding CXX object CMakeFiles/offboard_control.dir/src/examples/offboard/offboard_control.cpp.o[0m
[ 58%] [32m[1mLinking CXX executable vehicle_gps_position_listener[0m
running egg_info
writing px4_ros_com.egg-info/PKG-INFO
writing dependency_links to px4_ros_com.egg-info/dependency_links.txt
writing top-level names to px4_ros_com.egg-info/top_level.txt
reading manifest file 'px4_ros_com.egg-info/SOURCES.txt'
writing manifest file 'px4_ros_com.egg-info/SOURCES.txt'
[ 66%] Built target debug_vect_advertiser
[ 75%] Built target offboard_control_srv
[ 75%] Built target ament_cmake_python_build_px4_ros_com_egg
[ 83%] Built target vehicle_gps_position_listener
[ 91%] Built target sensor_combined_listener
[01m[K/home/fidelis/ws_offboard_control/src/px4_ros_com/src/examples/offboard/offboard_control.cpp:[m[K In member function â€˜[01m[Kvoid OffboardPlane::run()[m[Kâ€™:
[01m[K/home/fidelis/ws_offboard_control/src/px4_ros_com/src/examples/offboard/offboard_control.cpp:73:43:[m[K [01;35m[Kwarning: [m[Kconversion from â€˜[01m[Kunsigned int[m[Kâ€™ to â€˜[01m[Kuint16_t[m[Kâ€™ {aka â€˜[01m[Kshort unsigned int[m[Kâ€™} changes value from â€˜[01m[K100000[m[Kâ€™ to â€˜[01m[K34464[m[Kâ€™ [[01;35m[K-Woverflow[m[K]
   73 |   publish_vehicle_command([01;35m[KVehicleCommand::VEHICLE_CMD_SET_GPS_GLOBAL_ORIGIN[m[K, 0.0);
      |                           [01;35m[K~~~~~~~~~~~~~~~~^~~~~~~~~~~~~~~~~~~~~~~~~~~~~~~~~[m[K
[01m[K/home/fidelis/ws_offboard_control/src/px4_ros_com/src/examples/offboard/offboard_control.cpp:77:30:[m[K [01;31m[Kerror: [m[Kno matching function for call to â€˜[01m[KOffboardPlane::publish_vehicle_command(const uint16_t&, int, int)[m[Kâ€™
   77 |       [01;31m[Kpublish_vehicle_command(VehicleCommand::VEHICLE_CMD_DO_SET_MODE, 1, 6)[m[K;
      |       [01;31m[K~~~~~~~~~~~~~~~~~~~~~~~^~~~~~~~~~~~~~~~~~~~~~~~~~~~~~~~~~~~~~~~~~~~~~~[m[K
[01m[K/home/fidelis/ws_offboard_control/src/px4_ros_com/src/examples/offboard/offboard_control.cpp:59:8:[m[K [01;36m[Knote: [m[Kcandidate: â€˜[01m[Kvoid OffboardPlane::publish_vehicle_command(uint16_t, float)[m[Kâ€™
   59 |   void [01;36m[Kpublish_vehicle_command[m[K(uint16_t command, float param1 = 0.0);
      |        [01;36m[K^~~~~~~~~~~~~~~~~~~~~~~[m[K
[01m[K/home/fidelis/ws_offboard_control/src/px4_ros_com/src/examples/offboard/offboard_control.cpp:59:8:[m[K [01;36m[Knote: [m[K  candidate expects 2 arguments, 3 provided
[01m[K/home/fidelis/ws_offboard_control/src/px4_ros_com/src/examples/offboard/offboard_control.cpp:86:30:[m[K [01;31m[Kerror: [m[Kno matching function for call to â€˜[01m[KOffboardPlane::publish_vehicle_command(const uint16_t&, int, int)[m[Kâ€™
   86 |       [01;31m[Kpublish_vehicle_command(VehicleCommand::VEHICLE_CMD_DO_SET_MODE, 1, 6)[m[K;
      |       [01;31m[K~~~~~~~~~~~~~~~~~~~~~~~^~~~~~~~~~~~~~~~~~~~~~~~~~~~~~~~~~~~~~~~~~~~~~~[m[K
[01m[K/home/fidelis/ws_offboard_control/src/px4_ros_com/src/examples/offboard/offboard_control.cpp:59:8:[m[K [01;36m[Knote: [m[Kcandidate: â€˜[01m[Kvoid OffboardPlane::publish_vehicle_command(uint16_t, float)[m[Kâ€™
   59 |   void [01;36m[Kpublish_vehicle_command[m[K(uint16_t command, float param1 = 0.0);
      |        [01;36m[K^~~~~~~~~~~~~~~~~~~~~~~[m[K
[01m[K/home/fidelis/ws_offboard_control/src/px4_ros_com/src/examples/offboard/offboard_control.cpp:59:8:[m[K [01;36m[Knote: [m[K  candidate expects 2 arguments, 3 provided
gmake[2]: *** [CMakeFiles/offboard_control.dir/build.make:76: CMakeFiles/offboard_control.dir/src/examples/offboard/offboard_control.cpp.o] Error 1
gmake[1]: *** [CMakeFiles/Makefile2:254: CMakeFiles/offboard_control.dir/all] Error 2
gmake: *** [Makefile:146: all] Error 2
