[35m[1mConsolidate compiler generated dependencies of target offboard_control[0m
[ 33%] Built target frame_transforms
[ 33%] Built target sensor_combined_listener
[ 50%] Built target vehicle_gps_position_listener
[ 66%] Built target offboard_control_srv
[ 83%] Built target debug_vect_advertiser
[ 83%] Built target ament_cmake_python_symlink_px4_ros_com
[ 91%] [32mBuilding CXX object CMakeFiles/offboard_control.dir/src/examples/offboard/offboard_control.cpp.o[0m
running egg_info
writing px4_ros_com.egg-info/PKG-INFO
writing dependency_links to px4_ros_com.egg-info/dependency_links.txt
writing top-level names to px4_ros_com.egg-info/top_level.txt
reading manifest file 'px4_ros_com.egg-info/SOURCES.txt'
writing manifest file 'px4_ros_com.egg-info/SOURCES.txt'
[ 91%] Built target ament_cmake_python_build_px4_ros_com_egg
[01m[K/home/fidelis/NGCP-2024-/ws_ros2/src/px4_ros_com/src/examples/offboard/offboard_control.cpp:[m[K In member function â€˜[01m[Kvoid OffboardPlane::run()[m[Kâ€™:
[01m[K/home/fidelis/NGCP-2024-/ws_ros2/src/px4_ros_com/src/examples/offboard/offboard_control.cpp:88:20:[m[K [01;31m[Kerror: [m[Kfound â€˜[01m[K:[m[Kâ€™ in nested-name-specifier, expected â€˜[01m[K::[m[Kâ€™
   88 |   const std::chrono[01;31m[K:[m[Kseconds loiter_duration(60);
      |                    [01;31m[K^[m[K
      |                    [32m[K::[m[K
[01m[K/home/fidelis/NGCP-2024-/ws_ros2/src/px4_ros_com/src/examples/offboard/offboard_control.cpp:109:7:[m[K [01;31m[Kerror: [m[Kâ€˜[01m[Kloiter_start_time[m[Kâ€™ was not declared in this scope
  109 |       [01;31m[Kloiter_start_time[m[K = clock::now();
      |       [01;31m[K^~~~~~~~~~~~~~~~~[m[K
[01m[K/home/fidelis/NGCP-2024-/ws_ros2/src/px4_ros_com/src/examples/offboard/offboard_control.cpp:114:77:[m[K [01;31m[Kerror: [m[Kâ€˜[01m[Kloiter_start_time[m[Kâ€™ was not declared in this scope
  114 |       auto elapsed = std::chrono::duration_cast<std::chrono::seconds>(now - [01;31m[Kloiter_start_time[m[K);
      |                                                                             [01;31m[K^~~~~~~~~~~~~~~~~[m[K
[01m[K/home/fidelis/NGCP-2024-/ws_ros2/src/px4_ros_com/src/examples/offboard/offboard_control.cpp:84:9:[m[K [01;35m[Kwarning: [m[Kunused variable â€˜[01m[Kprev_d[m[Kâ€™ [[01;35m[K-Wunused-variable[m[K]
   84 |   float [01;35m[Kprev_d[m[K = 9999;
      |         [01;35m[K^~~~~~[m[K
[01m[K/home/fidelis/NGCP-2024-/ws_ros2/src/px4_ros_com/src/examples/offboard/offboard_control.cpp:85:8:[m[K [01;35m[Kwarning: [m[Kunused variable â€˜[01m[Kmission_completed[m[Kâ€™ [[01;35m[K-Wunused-variable[m[K]
   85 |   bool [01;35m[Kmission_completed[m[K = false;
      |        [01;35m[K^~~~~~~~~~~~~~~~~[m[K
gmake[2]: *** [CMakeFiles/offboard_control.dir/build.make:76: CMakeFiles/offboard_control.dir/src/examples/offboard/offboard_control.cpp.o] Error 1
gmake[1]: *** [CMakeFiles/Makefile2:254: CMakeFiles/offboard_control.dir/all] Error 2
gmake: *** [Makefile:146: all] Error 2
