[0.009s] Invoking command in '/home/fidelis/ws_offboard_control/build/px4_ros_com': CMAKE_PREFIX_PATH=/home/fidelis/ws_offboard_control/install/px4_msgs:/home/fidelis/ws_offboard_control/install/px4_ros_com:/opt/ros/humble LD_LIBRARY_PATH=/home/fidelis/ws_offboard_control/install/px4_msgs/lib:/home/fidelis/ws_offboard_control/install/px4_ros_com/lib:/opt/ros/humble/opt/rviz_ogre_vendor/lib:/opt/ros/humble/lib/x86_64-linux-gnu:/opt/ros/humble/lib /usr/bin/cmake --build /home/fidelis/ws_offboard_control/build/px4_ros_com -- -j16 -l16
[0.048s] [35m[1mConsolidate compiler generated dependencies of target offboard_control[0m
[0.060s] [ 66%] Built target sensor_combined_listener
[0.060s] [ 83%] Built target frame_transforms
[0.060s] [ 66%] Built target debug_vect_advertiser
[0.060s] [ 83%] Built target vehicle_gps_position_listener
[0.060s] [ 83%] Built target offboard_control_srv
[0.060s] [ 91%] [32mBuilding CXX object CMakeFiles/offboard_control.dir/src/examples/offboard/offboard_control.cpp.o[0m
[0.064s] [ 91%] Built target ament_cmake_python_copy_px4_ros_com
[0.185s] running egg_info
[0.193s] writing px4_ros_com.egg-info/PKG-INFO
[0.193s] writing dependency_links to px4_ros_com.egg-info/dependency_links.txt
[0.193s] writing top-level names to px4_ros_com.egg-info/top_level.txt
[0.217s] reading manifest file 'px4_ros_com.egg-info/SOURCES.txt'
[0.217s] writing manifest file 'px4_ros_com.egg-info/SOURCES.txt'
[0.240s] [ 91%] Built target ament_cmake_python_build_px4_ros_com_egg
[4.428s] [01m[K/home/fidelis/ws_offboard_control/src/px4_ros_com/src/examples/offboard/offboard_control.cpp:[m[K In member function â€˜[01m[Kvoid OffboardPlane::run()[m[Kâ€™:
[4.428s] [01m[K/home/fidelis/ws_offboard_control/src/px4_ros_com/src/examples/offboard/offboard_control.cpp:84:49:[m[K [01;35m[Kwarning: [m[Kconversion from â€˜[01m[Kunsigned int[m[Kâ€™ to â€˜[01m[Kuint16_t[m[Kâ€™ {aka â€˜[01m[Kshort unsigned int[m[Kâ€™} changes value from â€˜[01m[K100000[m[Kâ€™ to â€˜[01m[K34464[m[Kâ€™ [[01;35m[K-Woverflow[m[K]
[4.428s]    84 |   this->publish_vehicle_command([01;35m[KVehicleCommand::VEHICLE_CMD_SET_GPS_GLOBAL_ORIGIN[m[K, 0.0, 0.0);
[4.428s]       |                                 [01;35m[K~~~~~~~~~~~~~~~~^~~~~~~~~~~~~~~~~~~~~~~~~~~~~~~~~[m[K
[4.428s] [01m[K/home/fidelis/ws_offboard_control/src/px4_ros_com/src/examples/offboard/offboard_control.cpp:114:72:[m[K [01;31m[Kerror: [m[Kâ€˜[01m[Kzz[m[Kâ€™ was not declared in this scope; did you mean â€˜[01m[Kdz[m[Kâ€™?
[4.428s]   114 |     if(dx >= local_waypoints_[0][0] && dy >= local_waypoints_[0][1] && [01;31m[Kzz[m[K local_waypoints_[0][1]) {
[4.428s]       |                                                                        [01;31m[K^~[m[K
[4.428s]       |                                                                        [32m[Kdz[m[K
[4.429s] [01m[K/home/fidelis/ws_offboard_control/src/px4_ros_com/src/examples/offboard/offboard_control.cpp:114:74:[m[K [01;31m[Kerror: [m[Kexpected â€˜[01m[K)[m[Kâ€™ before â€˜[01m[Klocal_waypoints_[m[Kâ€™
[4.429s]   114 |     if[34m[K([m[Kdx >= local_waypoints_[0][0] && dy >= local_waypoints_[0][1] && zz[01;31m[K [m[K[32m[Klocal_waypoints_[m[K[0][1]) {
[4.429s]       |       [34m[K~[m[K                                                                  [01;31m[K^[m[K[32m[K~~~~~~~~~~~~~~~~[m[K
[4.429s]       |                                                                          [32m[K)[m[K
[4.429s] [01m[K/home/fidelis/ws_offboard_control/src/px4_ros_com/src/examples/offboard/offboard_control.cpp:[m[K In member function â€˜[01m[Kvoid OffboardPlane::publish_trajectory_setpoint()[m[Kâ€™:
[4.429s] [01m[K/home/fidelis/ws_offboard_control/src/px4_ros_com/src/examples/offboard/offboard_control.cpp:175:3:[m[K [01;31m[Kerror: [m[Kexpected â€˜[01m[K;[m[Kâ€™ before â€˜[01m[Ktrajectory_setpoint_publisher_[m[Kâ€™
[4.429s]   175 |   [01;31m[Ktrajectory_setpoint_publisher_[m[K->publish(msg);
[4.429s]       |   [01;31m[K^~~~~~~~~~~~~~~~~~~~~~~~~~~~~~[m[K
[4.429s] gmake[2]: *** [CMakeFiles/offboard_control.dir/build.make:76: CMakeFiles/offboard_control.dir/src/examples/offboard/offboard_control.cpp.o] Error 1
[4.430s] gmake[1]: *** [CMakeFiles/Makefile2:254: CMakeFiles/offboard_control.dir/all] Error 2
[4.430s] gmake: *** [Makefile:146: all] Error 2
[4.433s] Invoked command in '/home/fidelis/ws_offboard_control/build/px4_ros_com' returned '2': CMAKE_PREFIX_PATH=/home/fidelis/ws_offboard_control/install/px4_msgs:/home/fidelis/ws_offboard_control/install/px4_ros_com:/opt/ros/humble LD_LIBRARY_PATH=/home/fidelis/ws_offboard_control/install/px4_msgs/lib:/home/fidelis/ws_offboard_control/install/px4_ros_com/lib:/opt/ros/humble/opt/rviz_ogre_vendor/lib:/opt/ros/humble/lib/x86_64-linux-gnu:/opt/ros/humble/lib /usr/bin/cmake --build /home/fidelis/ws_offboard_control/build/px4_ros_com -- -j16 -l16
