[35m[1mConsolidate compiler generated dependencies of target offboard_control[0m
[ 21%] Built target debug_vect_advertiser
[ 28%] Built target sensor_combined_listener
[ 42%] Built target read_telemetry
[ 57%] Built target offboard_control_srv
[ 57%] Built target ament_cmake_python_symlink_px4_ros_com
[ 64%] [32mBuilding CXX object CMakeFiles/offboard_control.dir/src/examples/offboard/offboard_control.cpp.o[0m
[ 92%] Built target vehicle_gps_position_listener
[ 92%] Built target frame_transforms
running egg_info
writing px4_ros_com.egg-info/PKG-INFO
writing dependency_links to px4_ros_com.egg-info/dependency_links.txt
writing top-level names to px4_ros_com.egg-info/top_level.txt
reading manifest file 'px4_ros_com.egg-info/SOURCES.txt'
writing manifest file 'px4_ros_com.egg-info/SOURCES.txt'
[ 92%] Built target ament_cmake_python_build_px4_ros_com_egg
[01m[K/home/fidelis/NGCP-2024-/ws_ros2/src/px4_ros_com/src/examples/offboard/offboard_control.cpp:68:46:[m[K [01;31m[Kerror: [m[Kâ€˜[01m[KOFFBOARD_LOITER_TIME[m[Kâ€™ is not a type
   68 |   const std::chrono::seconds loiter_duration([01;31m[KOFFBOARD_LOITER_TIME[m[K);
      |                                              [01;31m[K^~~~~~~~~~~~~~~~~~~~[m[K
[01m[K/home/fidelis/NGCP-2024-/ws_ros2/src/px4_ros_com/src/examples/offboard/offboard_control.cpp:[m[K In constructor â€˜[01m[KOffboardPlane::OffboardPlane(const std::vector<std::vector<float> >&)[m[Kâ€™:
[01m[K/home/fidelis/NGCP-2024-/ws_ros2/src/px4_ros_com/src/examples/offboard/offboard_control.cpp:53:5:[m[K [01;31m[Kerror: [m[Kexpected â€˜[01m[K,[m[Kâ€™ or â€˜[01m[K;[m[Kâ€™ before â€˜[01m[Ktimer_[m[Kâ€™
   53 |     [01;31m[Ktimer_[m[K = this->create_wall_timer(100ms, timer_callback);
      |     [01;31m[K^~~~~~[m[K
[01m[K/home/fidelis/NGCP-2024-/ws_ros2/src/px4_ros_com/src/examples/offboard/offboard_control.cpp:[m[K In member function â€˜[01m[Kvoid OffboardPlane::run()[m[Kâ€™:
[01m[K/home/fidelis/NGCP-2024-/ws_ros2/src/px4_ros_com/src/examples/offboard/offboard_control.cpp:125:38:[m[K [01;31m[Kerror: [m[Kinvalid use of non-static member function â€˜[01m[Kconst seconds OffboardPlane::loiter_duration(int)[m[Kâ€™
  125 |     auto remaining = [01;31m[Kloiter_duration - elapsed[m[K;
      |                      [01;31m[K~~~~~~~~~~~~~~~~^~~~~~~~~[m[K
[01m[K/home/fidelis/NGCP-2024-/ws_ros2/src/px4_ros_com/src/examples/offboard/offboard_control.cpp:68:30:[m[K [01;36m[Knote: [m[Kdeclared here
   68 |   const std::chrono::seconds [01;36m[Kloiter_duration[m[K(OFFBOARD_LOITER_TIME);
      |                              [01;36m[K^~~~~~~~~~~~~~~[m[K
[01m[K/home/fidelis/NGCP-2024-/ws_ros2/src/px4_ros_com/src/examples/offboard/offboard_control.cpp:129:32:[m[K [01;31m[Kerror: [m[Kinvalid use of non-static member function â€˜[01m[Kconst seconds OffboardPlane::loiter_duration(int)[m[Kâ€™
  129 |     if([01;31m[Know - loiter_start_time > loiter_duration[m[K) {
      |        [01;31m[K~~~~~~~~~~~~~~~~~~~~~~~~^~~~~~~~~~~~~~~~~[m[K
[01m[K/home/fidelis/NGCP-2024-/ws_ros2/src/px4_ros_com/src/examples/offboard/offboard_control.cpp:68:30:[m[K [01;36m[Knote: [m[Kdeclared here
   68 |   const std::chrono::seconds [01;36m[Kloiter_duration[m[K(OFFBOARD_LOITER_TIME);
      |                              [01;36m[K^~~~~~~~~~~~~~~[m[K
gmake[2]: *** [CMakeFiles/offboard_control.dir/build.make:76: CMakeFiles/offboard_control.dir/src/examples/offboard/offboard_control.cpp.o] Error 1
gmake[1]: *** [CMakeFiles/Makefile2:256: CMakeFiles/offboard_control.dir/all] Error 2
gmake: *** [Makefile:146: all] Error 2
