[01m[K/home/fidelis/NGCP-2024-/ws_ros2/src/px4_ros_com/src/examples/offboard/offboard_control.cpp:[m[K In member function â€˜[01m[Kvoid OffboardPlane::loiter_here(float, float, float, int)[m[Kâ€™:
[01m[K/home/fidelis/NGCP-2024-/ws_ros2/src/px4_ros_com/src/examples/offboard/offboard_control.cpp:157:38:[m[K [01;31m[Kerror: [m[Kno matching function for call to â€˜[01m[KOffboardPlane::publish_trajectory_setpoint(float&, float&, float&, int)[m[Kâ€™
  157 |     [01;31m[Kthis->publish_trajectory_setpoint(x_i, y_i, z, 1)[m[K;
      |     [01;31m[K~~~~~~~~~~~~~~~~~~~~~~~~~~~~~~~~~^~~~~~~~~~~~~~~~[m[K
[01m[K/home/fidelis/NGCP-2024-/ws_ros2/src/px4_ros_com/src/examples/offboard/offboard_control.cpp:74:8:[m[K [01;36m[Knote: [m[Kcandidate: â€˜[01m[Kvoid OffboardPlane::publish_trajectory_setpoint(float, float, float)[m[Kâ€™
   74 |   void [01;36m[Kpublish_trajectory_setpoint[m[K(float x, float y, float z);
      |        [01;36m[K^~~~~~~~~~~~~~~~~~~~~~~~~~~[m[K
[01m[K/home/fidelis/NGCP-2024-/ws_ros2/src/px4_ros_com/src/examples/offboard/offboard_control.cpp:74:8:[m[K [01;36m[Knote: [m[K  candidate expects 3 arguments, 4 provided
gmake[2]: *** [CMakeFiles/offboard_control.dir/build.make:76: CMakeFiles/offboard_control.dir/src/examples/offboard/offboard_control.cpp.o] Error 1
gmake[1]: *** [CMakeFiles/Makefile2:254: CMakeFiles/offboard_control.dir/all] Error 2
gmake: *** [Makefile:146: all] Error 2
