[35m[1mConsolidate compiler generated dependencies of target offboard_control[0m
[ 33%] Built target debug_vect_advertiser
[ 33%] Built target sensor_combined_listener
[ 50%] Built target frame_transforms
[ 66%] Built target vehicle_gps_position_listener
[ 83%] Built target offboard_control_srv
[ 91%] Built target ament_cmake_python_symlink_px4_ros_com
[ 91%] [32mBuilding CXX object CMakeFiles/offboard_control.dir/src/examples/offboard/offboard_control.cpp.o[0m
running egg_info
writing px4_ros_com.egg-info/PKG-INFO
writing dependency_links to px4_ros_com.egg-info/dependency_links.txt
writing top-level names to px4_ros_com.egg-info/top_level.txt
reading manifest file 'px4_ros_com.egg-info/SOURCES.txt'
writing manifest file 'px4_ros_com.egg-info/SOURCES.txt'
[ 91%] Built target ament_cmake_python_build_px4_ros_com_egg
[01m[K/home/fidelis/NGCP-2024-/ws_ros2/src/px4_ros_com/src/examples/offboard/offboard_control.cpp:[m[K In member function â€˜[01m[Kvoid OffboardPlane::run()[m[Kâ€™:
[01m[K/home/fidelis/NGCP-2024-/ws_ros2/src/px4_ros_com/src/examples/offboard/offboard_control.cpp:123:87:[m[K [01;31m[Kerror: [m[Kexpected â€˜[01m[K;[m[Kâ€™ before â€˜[01m[Kwaypoint_index_[m[Kâ€™
  123 |         this->publish_vehicle_command(VehicleCommand::VEHICLE_CMD_NAV_LOITER_TURNS, 5)
      |                                                                                       [01;31m[K^[m[K
      |                                                                                       [32m[K;[m[K
  124 |         [32m[Kwaypoint_index_[m[K++;
      |         [32m[K~~~~~~~~~~~~~~~[m[K                                                                
gmake[2]: *** [CMakeFiles/offboard_control.dir/build.make:76: CMakeFiles/offboard_control.dir/src/examples/offboard/offboard_control.cpp.o] Error 1
gmake[1]: *** [CMakeFiles/Makefile2:254: CMakeFiles/offboard_control.dir/all] Error 2
gmake: *** [Makefile:146: all] Error 2
