[01m[K/home/fidelis/NGCP-2024-/ws_ros2/src/px4_ros_com/src/examples/offboard/offboard_control.cpp:377:2:[m[K [01;31m[Kerror: [m[Kunterminated argument list invoking macro "RCLCPP_INFO"
  377 | }
      |  [01;31m[K^[m[K
[01m[K/home/fidelis/NGCP-2024-/ws_ros2/src/px4_ros_com/src/examples/offboard/offboard_control.cpp:[m[K In member function â€˜[01m[Kvoid OffboardPlane::orbit_at_current_position(float, int)[m[Kâ€™:
[01m[K/home/fidelis/NGCP-2024-/ws_ros2/src/px4_ros_com/src/examples/offboard/offboard_control.cpp:245:3:[m[K [01;31m[Kerror: [m[Kâ€˜[01m[KRCLCPP_INFO[m[Kâ€™ was not declared in this scope
  245 |   [01;31m[KRCLCPP_INFO[m[K(this->get_logger(), "Sent DO_ORBIT command at waypoint %zu with radius %.1f m",
      |   [01;31m[K^~~~~~~~~~~[m[K
[01m[K/home/fidelis/NGCP-2024-/ws_ros2/src/px4_ros_com/src/examples/offboard/offboard_control.cpp:245:14:[m[K [01;31m[Kerror: [m[Kexpected â€˜[01m[K}[m[Kâ€™ at end of input
  245 |   RCLCPP_INFO[01;31m[K([m[Kthis->get_logger(), "Sent DO_ORBIT command at waypoint %zu with radius %.1f m",
      |              [01;31m[K^[m[K
[01m[K/home/fidelis/NGCP-2024-/ws_ros2/src/px4_ros_com/src/examples/offboard/offboard_control.cpp:219:72:[m[K [01;36m[Knote: [m[Kto match this â€˜[01m[K{[m[Kâ€™
  219 | void OffboardPlane::orbit_at_current_position(float radius, int turns) [01;36m[K{[m[K
      |                                                                        [01;36m[K^[m[K
[01m[K/home/fidelis/NGCP-2024-/ws_ros2/src/px4_ros_com/src/examples/offboard/offboard_control.cpp:219:65:[m[K [01;35m[Kwarning: [m[Kunused parameter â€˜[01m[Kturns[m[Kâ€™ [[01;35m[K]8;;https://gcc.gnu.org/onlinedocs/gcc/Warning-Options.html#index-Wunused-parameter-Wunused-parameter]8;;[m[K]
  219 | void OffboardPlane::orbit_at_current_position(float radius, [01;35m[Kint turns[m[K) {
      |                                                             [01;35m[K~~~~^~~~~[m[K
gmake[2]: *** [CMakeFiles/offboard_control.dir/build.make:76: CMakeFiles/offboard_control.dir/src/examples/offboard/offboard_control.cpp.o] Error 1
gmake[1]: *** [CMakeFiles/Makefile2:254: CMakeFiles/offboard_control.dir/all] Error 2
gmake: *** [Makefile:146: all] Error 2
