[0.010s] Invoking command in '/home/fidelis/NGCP-2024-/ws_ros2/build/px4_ros_com': CMAKE_PREFIX_PATH=/home/fidelis/NGCP-2024-/ws_ros2/install/px4_msgs:/home/fidelis/NGCP-2024-/ws_ros2/install/px4_ros_com:/opt/ros/humble LD_LIBRARY_PATH=/home/fidelis/NGCP-2024-/ws_ros2/install/px4_msgs/lib:/home/fidelis/NGCP-2024-/ws_ros2/install/px4_ros_com/lib:/opt/ros/humble/opt/rviz_ogre_vendor/lib:/opt/ros/humble/lib/x86_64-linux-gnu:/opt/ros/humble/lib /usr/bin/cmake --build /home/fidelis/NGCP-2024-/ws_ros2/build/px4_ros_com -- -j16 -l16
[0.062s] [35m[1mConsolidate compiler generated dependencies of target offboard_control[0m
[0.077s] [ 75%] Built target vehicle_gps_position_listener
[0.077s] [ 75%] Built target debug_vect_advertiser
[0.077s] [ 75%] Built target frame_transforms
[0.077s] [ 83%] Built target sensor_combined_listener
[0.077s] [ 83%] Built target offboard_control_srv
[0.085s] [ 91%] [32mBuilding CXX object CMakeFiles/offboard_control.dir/src/examples/offboard/offboard_control.cpp.o[0m
[0.085s] [ 91%] Built target ament_cmake_python_symlink_px4_ros_com
[0.267s] running egg_info
[0.280s] writing px4_ros_com.egg-info/PKG-INFO
[0.282s] writing dependency_links to px4_ros_com.egg-info/dependency_links.txt
[0.282s] writing top-level names to px4_ros_com.egg-info/top_level.txt
[0.318s] reading manifest file 'px4_ros_com.egg-info/SOURCES.txt'
[0.319s] writing manifest file 'px4_ros_com.egg-info/SOURCES.txt'
[0.366s] [ 91%] Built target ament_cmake_python_build_px4_ros_com_egg
[0.545s] [01m[K/home/fidelis/NGCP-2024-/ws_ros2/src/px4_ros_com/src/examples/offboard/offboard_control.cpp:377:2:[m[K [01;31m[Kerror: [m[Kunterminated argument list invoking macro "RCLCPP_INFO"
[0.545s]   377 | }
[0.545s]       |  [01;31m[K^[m[K
[2.943s] [01m[K/home/fidelis/NGCP-2024-/ws_ros2/src/px4_ros_com/src/examples/offboard/offboard_control.cpp:[m[K In member function â€˜[01m[Kvoid OffboardPlane::orbit_at_current_position(float, int)[m[Kâ€™:
[2.943s] [01m[K/home/fidelis/NGCP-2024-/ws_ros2/src/px4_ros_com/src/examples/offboard/offboard_control.cpp:245:3:[m[K [01;31m[Kerror: [m[Kâ€˜[01m[KRCLCPP_INFO[m[Kâ€™ was not declared in this scope
[2.943s]   245 |   [01;31m[KRCLCPP_INFO[m[K(this->get_logger(), "Sent DO_ORBIT command at waypoint %zu with radius %.1f m",
[2.943s]       |   [01;31m[K^~~~~~~~~~~[m[K
[2.943s] [01m[K/home/fidelis/NGCP-2024-/ws_ros2/src/px4_ros_com/src/examples/offboard/offboard_control.cpp:245:14:[m[K [01;31m[Kerror: [m[Kexpected â€˜[01m[K}[m[Kâ€™ at end of input
[2.943s]   245 |   RCLCPP_INFO[01;31m[K([m[Kthis->get_logger(), "Sent DO_ORBIT command at waypoint %zu with radius %.1f m",
[2.943s]       |              [01;31m[K^[m[K
[2.943s] [01m[K/home/fidelis/NGCP-2024-/ws_ros2/src/px4_ros_com/src/examples/offboard/offboard_control.cpp:219:72:[m[K [01;36m[Knote: [m[Kto match this â€˜[01m[K{[m[Kâ€™
[2.943s]   219 | void OffboardPlane::orbit_at_current_position(float radius, int turns) [01;36m[K{[m[K
[2.943s]       |                                                                        [01;36m[K^[m[K
[2.943s] [01m[K/home/fidelis/NGCP-2024-/ws_ros2/src/px4_ros_com/src/examples/offboard/offboard_control.cpp:219:65:[m[K [01;35m[Kwarning: [m[Kunused parameter â€˜[01m[Kturns[m[Kâ€™ [[01;35m[K]8;;https://gcc.gnu.org/onlinedocs/gcc/Warning-Options.html#index-Wunused-parameter-Wunused-parameter]8;;[m[K]
[2.943s]   219 | void OffboardPlane::orbit_at_current_position(float radius, [01;35m[Kint turns[m[K) {
[2.943s]       |                                                             [01;35m[K~~~~^~~~~[m[K
[6.308s] gmake[2]: *** [CMakeFiles/offboard_control.dir/build.make:76: CMakeFiles/offboard_control.dir/src/examples/offboard/offboard_control.cpp.o] Error 1
[6.308s] gmake[1]: *** [CMakeFiles/Makefile2:254: CMakeFiles/offboard_control.dir/all] Error 2
[6.309s] gmake: *** [Makefile:146: all] Error 2
[6.311s] Invoked command in '/home/fidelis/NGCP-2024-/ws_ros2/build/px4_ros_com' returned '2': CMAKE_PREFIX_PATH=/home/fidelis/NGCP-2024-/ws_ros2/install/px4_msgs:/home/fidelis/NGCP-2024-/ws_ros2/install/px4_ros_com:/opt/ros/humble LD_LIBRARY_PATH=/home/fidelis/NGCP-2024-/ws_ros2/install/px4_msgs/lib:/home/fidelis/NGCP-2024-/ws_ros2/install/px4_ros_com/lib:/opt/ros/humble/opt/rviz_ogre_vendor/lib:/opt/ros/humble/lib/x86_64-linux-gnu:/opt/ros/humble/lib /usr/bin/cmake --build /home/fidelis/NGCP-2024-/ws_ros2/build/px4_ros_com -- -j16 -l16
