[0.009s] Invoking command in '/home/fidelis/NGCP-2024-/ws_ros2/build/px4_ros_com': CMAKE_PREFIX_PATH=/home/fidelis/NGCP-2024-/ws_ros2/install/px4_msgs:/home/fidelis/NGCP-2024-/ws_ros2/install/px4_ros_com:/opt/ros/humble LD_LIBRARY_PATH=/home/fidelis/NGCP-2024-/ws_ros2/install/px4_msgs/lib:/home/fidelis/NGCP-2024-/ws_ros2/install/px4_ros_com/lib:/opt/ros/humble/opt/rviz_ogre_vendor/lib:/opt/ros/humble/lib/x86_64-linux-gnu:/opt/ros/humble/lib /usr/bin/cmake --build /home/fidelis/NGCP-2024-/ws_ros2/build/px4_ros_com -- -j16 -l16
[0.053s] [35m[1mConsolidate compiler generated dependencies of target offboard_control[0m
[0.063s] [ 41%] Built target frame_transforms
[0.063s] [ 41%] Built target sensor_combined_listener
[0.063s] [ 50%] Built target vehicle_gps_position_listener
[0.063s] [ 66%] Built target offboard_control_srv
[0.063s] [ 83%] Built target debug_vect_advertiser
[0.067s] [ 83%] Built target ament_cmake_python_symlink_px4_ros_com
[0.069s] [ 91%] [32mBuilding CXX object CMakeFiles/offboard_control.dir/src/examples/offboard/offboard_control.cpp.o[0m
[0.207s] running egg_info
[0.218s] writing px4_ros_com.egg-info/PKG-INFO
[0.218s] writing dependency_links to px4_ros_com.egg-info/dependency_links.txt
[0.218s] writing top-level names to px4_ros_com.egg-info/top_level.txt
[0.247s] reading manifest file 'px4_ros_com.egg-info/SOURCES.txt'
[0.247s] writing manifest file 'px4_ros_com.egg-info/SOURCES.txt'
[0.275s] [ 91%] Built target ament_cmake_python_build_px4_ros_com_egg
[5.193s] [01m[K/home/fidelis/NGCP-2024-/ws_ros2/src/px4_ros_com/src/examples/offboard/offboard_control.cpp:[m[K In member function â€˜[01m[Kvoid OffboardPlane::publish_trajectory_setpoint(bool, float)[m[Kâ€™:
[5.194s] [01m[K/home/fidelis/NGCP-2024-/ws_ros2/src/px4_ros_com/src/examples/offboard/offboard_control.cpp:286:54:[m[K [01;35m[Kwarning: [m[Kunused parameter â€˜[01m[Kis_orbiting[m[Kâ€™ [[01;35m[K-Wunused-parameter[m[K]
[5.194s]   286 | void OffboardPlane::publish_trajectory_setpoint([01;35m[Kbool is_orbiting[m[K, float orbit_angle) {
[5.194s]       |                                                 [01;35m[K~~~~~^~~~~~~~~~~[m[K
[5.194s] [01m[K/home/fidelis/NGCP-2024-/ws_ros2/src/px4_ros_com/src/examples/offboard/offboard_control.cpp:286:73:[m[K [01;35m[Kwarning: [m[Kunused parameter â€˜[01m[Korbit_angle[m[Kâ€™ [[01;35m[K-Wunused-parameter[m[K]
[5.194s]   286 | void OffboardPlane::publish_trajectory_setpoint(bool is_orbiting, [01;35m[Kfloat orbit_angle[m[K) {
[5.194s]       |                                                                   [01;35m[K~~~~~~^~~~~~~~~~~[m[K
[5.194s] [01m[K/home/fidelis/NGCP-2024-/ws_ros2/src/px4_ros_com/src/examples/offboard/offboard_control.cpp:[m[K At global scope:
[5.194s] [01m[K/home/fidelis/NGCP-2024-/ws_ros2/src/px4_ros_com/src/examples/offboard/offboard_control.cpp:337:3:[m[K [01;31m[Kerror: [m[Kâ€˜[01m[Ktrajectory_setpoint_publisher_[m[Kâ€™ does not name a type
[5.194s]   337 |   [01;31m[Ktrajectory_setpoint_publisher_[m[K->publish(msg);
[5.194s]       |   [01;31m[K^~~~~~~~~~~~~~~~~~~~~~~~~~~~~~[m[K
[5.194s] [01m[K/home/fidelis/NGCP-2024-/ws_ros2/src/px4_ros_com/src/examples/offboard/offboard_control.cpp:338:1:[m[K [01;31m[Kerror: [m[Kexpected declaration before â€˜[01m[K}[m[Kâ€™ token
[5.194s]   338 | [01;31m[K}[m[K
[5.194s]       | [01;31m[K^[m[K
[5.195s] gmake[2]: *** [CMakeFiles/offboard_control.dir/build.make:76: CMakeFiles/offboard_control.dir/src/examples/offboard/offboard_control.cpp.o] Error 1
[5.196s] gmake[1]: *** [CMakeFiles/Makefile2:254: CMakeFiles/offboard_control.dir/all] Error 2
[5.196s] gmake: *** [Makefile:146: all] Error 2
[5.199s] Invoked command in '/home/fidelis/NGCP-2024-/ws_ros2/build/px4_ros_com' returned '2': CMAKE_PREFIX_PATH=/home/fidelis/NGCP-2024-/ws_ros2/install/px4_msgs:/home/fidelis/NGCP-2024-/ws_ros2/install/px4_ros_com:/opt/ros/humble LD_LIBRARY_PATH=/home/fidelis/NGCP-2024-/ws_ros2/install/px4_msgs/lib:/home/fidelis/NGCP-2024-/ws_ros2/install/px4_ros_com/lib:/opt/ros/humble/opt/rviz_ogre_vendor/lib:/opt/ros/humble/lib/x86_64-linux-gnu:/opt/ros/humble/lib /usr/bin/cmake --build /home/fidelis/NGCP-2024-/ws_ros2/build/px4_ros_com -- -j16 -l16
