[0.009s] Invoking command in '/home/fidelis/NGCP-2024-/ws_ros2/build/px4_ros_com': AMENT_PREFIX_PATH=/home/fidelis/NGCP-2024-/ws_ros2/install/px4_msgs:${AMENT_PREFIX_PATH} CMAKE_PREFIX_PATH=/home/fidelis/NGCP-2024-/ws_ros2/install/px4_msgs:/opt/ros/humble LD_LIBRARY_PATH=/home/fidelis/NGCP-2024-/ws_ros2/install/px4_msgs/lib:${LD_LIBRARY_PATH} PYTHONPATH=/home/fidelis/NGCP-2024-/ws_ros2/install/px4_msgs/local/lib/python3.10/dist-packages:${PYTHONPATH} /usr/bin/cmake --build /home/fidelis/NGCP-2024-/ws_ros2/build/px4_ros_com -- -j16 -l16
[0.063s] [35m[1mConsolidate compiler generated dependencies of target offboard_control[0m
[0.086s] [ 16%] Built target sensor_combined_listener
[0.086s] [ 41%] [32mBuilding CXX object CMakeFiles/offboard_control.dir/src/examples/offboard/offboard_control.cpp.o[0m
[0.086s] [ 41%] Built target ament_cmake_python_symlink_px4_ros_com
[0.087s] [ 41%] Built target frame_transforms
[0.087s] [ 58%] Built target vehicle_gps_position_listener
[0.089s] [ 91%] Built target offboard_control_srv
[0.090s] [ 91%] Built target debug_vect_advertiser
[0.277s] running egg_info
[0.289s] writing px4_ros_com.egg-info/PKG-INFO
[0.290s] writing dependency_links to px4_ros_com.egg-info/dependency_links.txt
[0.290s] writing top-level names to px4_ros_com.egg-info/top_level.txt
[0.326s] reading manifest file 'px4_ros_com.egg-info/SOURCES.txt'
[0.327s] writing manifest file 'px4_ros_com.egg-info/SOURCES.txt'
[0.381s] [ 91%] Built target ament_cmake_python_build_px4_ros_com_egg
[3.530s] [01m[K/home/fidelis/NGCP-2024-/ws_ros2/src/px4_ros_com/src/examples/offboard/offboard_control.cpp:28:1:[m[K [01;31m[Kerror: [m[Kexpected â€˜[01m[K,[m[Kâ€™ or â€˜[01m[K;[m[Kâ€™ before â€˜[01m[Kclass[m[Kâ€™
[3.530s]    28 | [01;31m[Kclass[m[K OffboardPlane : public rclcpp::Node {
[3.530s]       | [01;31m[K^~~~~[m[K
[3.530s] [01m[K/home/fidelis/NGCP-2024-/ws_ros2/src/px4_ros_com/src/examples/offboard/offboard_control.cpp:[m[K In function â€˜[01m[Kint main(int, char**)[m[Kâ€™:
[3.530s] [01m[K/home/fidelis/NGCP-2024-/ws_ros2/src/px4_ros_com/src/examples/offboard/offboard_control.cpp:78:32:[m[K [01;31m[Kerror: [m[Kâ€˜[01m[KOffboardPlane[m[Kâ€™ was not declared in this scope
[3.530s]    78 |   auto node = std::make_shared<[01;31m[KOffboardPlane[m[K>(local_setpoints);
[3.530s]       |                                [01;31m[K^~~~~~~~~~~~~[m[K
[3.530s] [01m[K/home/fidelis/NGCP-2024-/ws_ros2/src/px4_ros_com/src/examples/offboard/offboard_control.cpp:78:46:[m[K [01;31m[Kerror: [m[Kno matching function for call to â€˜[01m[Kmake_shared<<expression error> >(std::vector<std::vector<float> >&)[m[Kâ€™
[3.530s]    78 |   auto node = [01;31m[Kstd::make_shared<OffboardPlane>(local_setpoints)[m[K;
[3.530s]       |               [01;31m[K~~~~~~~~~~~~~~~~~~~~~~~~~~~~~~~^~~~~~~~~~~~~~~~~[m[K
[3.530s] In file included from [01m[K/usr/include/c++/11/memory:77[m[K,
[3.530s]                  from [01m[K/home/fidelis/NGCP-2024-/ws_ros2/install/px4_msgs/include/px4_msgs/px4_msgs/msg/detail/offboard_control_mode__struct.hpp:10[m[K,
[3.530s]                  from [01m[K/home/fidelis/NGCP-2024-/ws_ros2/install/px4_msgs/include/px4_msgs/px4_msgs/msg/offboard_control_mode.hpp:7[m[K,
[3.530s]                  from [01m[K/home/fidelis/NGCP-2024-/ws_ros2/src/px4_ros_com/src/examples/offboard/offboard_control.cpp:6[m[K:
[3.530s] [01m[K/usr/include/c++/11/bits/shared_ptr.h:875:5:[m[K [01;36m[Knote: [m[Kcandidate: â€˜[01m[Ktemplate<class _Tp, class ... _Args> std::shared_ptr<_Tp> std::make_shared(_Args&& ...)[m[Kâ€™
[3.530s]   875 |     [01;36m[Kmake_shared[m[K(_Args&&... __args)
[3.530s]       |     [01;36m[K^~~~~~~~~~~[m[K
[3.530s] [01m[K/usr/include/c++/11/bits/shared_ptr.h:875:5:[m[K [01;36m[Knote: [m[K  template argument deduction/substitution failed:
[3.530s] [01m[K/home/fidelis/NGCP-2024-/ws_ros2/src/px4_ros_com/src/examples/offboard/offboard_control.cpp:78:46:[m[K [01;31m[Kerror: [m[Ktemplate argument 1 is invalid
[3.530s]    78 |   auto node = [01;31m[Kstd::make_shared<OffboardPlane>(local_setpoints)[m[K;
[3.530s]       |               [01;31m[K~~~~~~~~~~~~~~~~~~~~~~~~~~~~~~~^~~~~~~~~~~~~~~~~[m[K
[3.530s] [01m[K/home/fidelis/NGCP-2024-/ws_ros2/src/px4_ros_com/src/examples/offboard/offboard_control.cpp:[m[K At global scope:
[3.530s] [01m[K/home/fidelis/NGCP-2024-/ws_ros2/src/px4_ros_com/src/examples/offboard/offboard_control.cpp:86:6:[m[K [01;31m[Kerror: [m[Kâ€˜[01m[KOffboardPlane[m[Kâ€™ has not been declared
[3.530s]    86 | void [01;31m[KOffboardPlane[m[K::run() {
[3.531s]       |      [01;31m[K^~~~~~~~~~~~~[m[K
[3.531s] [01m[K/home/fidelis/NGCP-2024-/ws_ros2/src/px4_ros_com/src/examples/offboard/offboard_control.cpp:[m[K In function â€˜[01m[Kvoid run()[m[Kâ€™:
[3.531s] [01m[K/home/fidelis/NGCP-2024-/ws_ros2/src/px4_ros_com/src/examples/offboard/offboard_control.cpp:96:5:[m[K [01;31m[Kerror: [m[Kâ€˜[01m[Kpublish_vehicle_command[m[Kâ€™ was not declared in this scope
[3.531s]    96 |     [01;31m[Kpublish_vehicle_command[m[K(VehicleCommand::VEHICLE_CMD_DO_SET_MODE, 1, 6);
[3.531s]       |     [01;31m[K^~~~~~~~~~~~~~~~~~~~~~~[m[K
[3.531s] [01m[K/home/fidelis/NGCP-2024-/ws_ros2/src/px4_ros_com/src/examples/offboard/offboard_control.cpp:98:19:[m[K [01;31m[Kerror: [m[Kâ€˜[01m[Kvehicle_odometry_[m[Kâ€™ was not declared in this scope
[3.531s]    98 |     float pos_n = [01;31m[Kvehicle_odometry_[m[K.position[0];
[3.531s]       |                   [01;31m[K^~~~~~~~~~~~~~~~~[m[K
[3.531s] [01m[K/home/fidelis/NGCP-2024-/ws_ros2/src/px4_ros_com/src/examples/offboard/offboard_control.cpp:102:15:[m[K [01;31m[Kerror: [m[Kâ€˜[01m[Klocal_setpoints_[m[Kâ€™ was not declared in this scope
[3.531s]   102 |     float x = [01;31m[Klocal_setpoints_[m[K[waypoint_index_][0];
[3.531s]       |               [01;31m[K^~~~~~~~~~~~~~~~[m[K
[3.531s] [01m[K/home/fidelis/NGCP-2024-/ws_ros2/src/px4_ros_com/src/examples/offboard/offboard_control.cpp:102:32:[m[K [01;31m[Kerror: [m[Kâ€˜[01m[Kwaypoint_index_[m[Kâ€™ was not declared in this scope
[3.531s]   102 |     float x = local_setpoints_[[01;31m[Kwaypoint_index_[m[K][0];
[3.531s]       |                                [01;31m[K^~~~~~~~~~~~~~~[m[K
[3.531s] In file included from [01m[K/opt/ros/humble/include/rclcpp/rclcpp/client.hpp:40[m[K,
[3.531s]                  from [01m[K/opt/ros/humble/include/rclcpp/rclcpp/callback_group.hpp:24[m[K,
[3.531s]                  from [01m[K/opt/ros/humble/include/rclcpp/rclcpp/any_executable.hpp:20[m[K,
[3.531s]                  from [01m[K/opt/ros/humble/include/rclcpp/rclcpp/memory_strategy.hpp:25[m[K,
[3.531s]                  from [01m[K/opt/ros/humble/include/rclcpp/rclcpp/memory_strategies.hpp:18[m[K,
[3.531s]                  from [01m[K/opt/ros/humble/include/rclcpp/rclcpp/executor_options.hpp:20[m[K,
[3.531s]                  from [01m[K/opt/ros/humble/include/rclcpp/rclcpp/executor.hpp:37[m[K,
[3.531s]                  from [01m[K/opt/ros/humble/include/rclcpp/rclcpp/executors/multi_threaded_executor.hpp:25[m[K,
[3.531s]                  from [01m[K/opt/ros/humble/include/rclcpp/rclcpp/executors.hpp:21[m[K,
[3.531s]                  from [01m[K/opt/ros/humble/include/rclcpp/rclcpp/rclcpp.hpp:155[m[K,
[3.531s]                  from [01m[K/home/fidelis/NGCP-2024-/ws_ros2/src/px4_ros_com/src/examples/offboard/offboard_control.cpp:13[m[K:
[3.531s] [01m[K/home/fidelis/NGCP-2024-/ws_ros2/src/px4_ros_com/src/examples/offboard/offboard_control.cpp:112:19:[m[K [01;31m[Kerror: [m[Kinvalid use of â€˜[01m[Kthis[m[Kâ€™ in non-member function
[3.531s]   112 |       RCLCPP_INFO([01;31m[Kthis[m[K->get_logger(), "Distance to waypoint: %f", distance);
[3.531s]       |                   [01;31m[K^~~~[m[K
[3.531s] [01m[K/home/fidelis/NGCP-2024-/ws_ros2/src/px4_ros_com/src/examples/offboard/offboard_control.cpp:112:19:[m[K [01;31m[Kerror: [m[Kinvalid use of â€˜[01m[Kthis[m[Kâ€™ in non-member function
[3.531s] [01m[K/home/fidelis/NGCP-2024-/ws_ros2/src/px4_ros_com/src/examples/offboard/offboard_control.cpp:112:7:[m[K [01;31m[Kerror: [m[Ktemplate argument 1 is invalid
[3.532s]   112 |       [01;31m[KRCLCPP_INFO[m[K(this->get_logger(), "Distance to waypoint: %f", distance);
[3.532s]       |       [01;31m[K^~~~~~~~~~~[m[K
[3.532s] [01m[K/home/fidelis/NGCP-2024-/ws_ros2/src/px4_ros_com/src/examples/offboard/offboard_control.cpp:112:7:[m[K [01;31m[Kerror: [m[Ktemplate argument 1 is invalid
[3.532s]   112 |       [01;31m[KRCLCPP_INFO[m[K(this->get_logger(), "Distance to waypoint: %f", distance);
[3.532s]       |       [01;31m[K^~~~~~~~~~~[m[K
[3.532s] [01m[K/home/fidelis/NGCP-2024-/ws_ros2/src/px4_ros_com/src/examples/offboard/offboard_control.cpp:112:7:[m[K [01;31m[Kerror: [m[Ktemplate argument 1 is invalid
[3.532s]   112 |       [01;31m[KRCLCPP_INFO[m[K(this->get_logger(), "Distance to waypoint: %f", distance);
[3.532s]       |       [01;31m[K^~~~~~~~~~~[m[K
[3.532s] In file included from [01m[K/opt/ros/humble/include/rclcpp/rclcpp/logging.hpp:24[m[K,
[3.532s]                  from [01m[K/opt/ros/humble/include/rclcpp/rclcpp/client.hpp:40[m[K,
[3.532s]                  from [01m[K/opt/ros/humble/include/rclcpp/rclcpp/callback_group.hpp:24[m[K,
[3.532s]                  from [01m[K/opt/ros/humble/include/rclcpp/rclcpp/any_executable.hpp:20[m[K,
[3.532s]                  from [01m[K/opt/ros/humble/include/rclcpp/rclcpp/memory_strategy.hpp:25[m[K,
[3.532s]                  from [01m[K/opt/ros/humble/include/rclcpp/rclcpp/memory_strategies.hpp:18[m[K,
[3.532s]                  from [01m[K/opt/ros/humble/include/rclcpp/rclcpp/executor_options.hpp:20[m[K,
[3.532s]                  from [01m[K/opt/ros/humble/include/rclcpp/rclcpp/executor.hpp:37[m[K,
[3.532s]                  from [01m[K/opt/ros/humble/include/rclcpp/rclcpp/executors/multi_threaded_executor.hpp:25[m[K,
[3.532s]                  from [01m[K/opt/ros/humble/include/rclcpp/rclcpp/executors.hpp:21[m[K,
[3.532s]                  from [01m[K/opt/ros/humble/include/rclcpp/rclcpp/rclcpp.hpp:155[m[K,
[3.532s]                  from [01m[K/home/fidelis/NGCP-2024-/ws_ros2/src/px4_ros_com/src/examples/offboard/offboard_control.cpp:13[m[K:
[3.532s] [01m[K/home/fidelis/NGCP-2024-/ws_ros2/src/px4_ros_com/src/examples/offboard/offboard_control.cpp:112:19:[m[K [01;31m[Kerror: [m[Kinvalid use of â€˜[01m[Kthis[m[Kâ€™ in non-member function
[3.532s]   112 |       RCLCPP_INFO([01;31m[Kthis[m[K->get_logger(), "Distance to waypoint: %f", distance);
[3.533s]       |                   [01;31m[K^~~~[m[K
[3.533s] [01m[K/home/fidelis/NGCP-2024-/ws_ros2/src/px4_ros_com/src/examples/offboard/offboard_control.cpp:112:19:[m[K [01;31m[Kerror: [m[Kinvalid use of â€˜[01m[Kthis[m[Kâ€™ in non-member function
[3.533s]   112 |       RCLCPP_INFO([01;31m[Kthis[m[K->get_logger(), "Distance to waypoint: %f", distance);
[3.533s]       |                   [01;31m[K^~~~[m[K
[3.533s] In file included from [01m[K/opt/ros/humble/include/rclcpp/rclcpp/client.hpp:40[m[K,
[3.533s]                  from [01m[K/opt/ros/humble/include/rclcpp/rclcpp/callback_group.hpp:24[m[K,
[3.533s]                  from [01m[K/opt/ros/humble/include/rclcpp/rclcpp/any_executable.hpp:20[m[K,
[3.533s]                  from [01m[K/opt/ros/humble/include/rclcpp/rclcpp/memory_strategy.hpp:25[m[K,
[3.533s]                  from [01m[K/opt/ros/humble/include/rclcpp/rclcpp/memory_strategies.hpp:18[m[K,
[3.533s]                  from [01m[K/opt/ros/humble/include/rclcpp/rclcpp/executor_options.hpp:20[m[K,
[3.533s]                  from [01m[K/opt/ros/humble/include/rclcpp/rclcpp/executor.hpp:37[m[K,
[3.533s]                  from [01m[K/opt/ros/humble/include/rclcpp/rclcpp/executors/multi_threaded_executor.hpp:25[m[K,
[3.533s]                  from [01m[K/opt/ros/humble/include/rclcpp/rclcpp/executors.hpp:21[m[K,
[3.533s]                  from [01m[K/opt/ros/humble/include/rclcpp/rclcpp/rclcpp.hpp:155[m[K,
[3.533s]                  from [01m[K/home/fidelis/NGCP-2024-/ws_ros2/src/px4_ros_com/src/examples/offboard/offboard_control.cpp:13[m[K:
[3.533s] [01m[K/home/fidelis/NGCP-2024-/ws_ros2/src/px4_ros_com/src/examples/offboard/offboard_control.cpp:124:19:[m[K [01;31m[Kerror: [m[Kinvalid use of â€˜[01m[Kthis[m[Kâ€™ in non-member function
[3.533s]   124 |       RCLCPP_INFO([01;31m[Kthis[m[K->get_logger(), "Loiter mode, time remaining: %ld s", remaining.count());
[3.533s]       |                   [01;31m[K^~~~[m[K
[3.533s] [01m[K/home/fidelis/NGCP-2024-/ws_ros2/src/px4_ros_com/src/examples/offboard/offboard_control.cpp:124:19:[m[K [01;31m[Kerror: [m[Kinvalid use of â€˜[01m[Kthis[m[Kâ€™ in non-member function
[3.533s] [01m[K/home/fidelis/NGCP-2024-/ws_ros2/src/px4_ros_com/src/examples/offboard/offboard_control.cpp:124:7:[m[K [01;31m[Kerror: [m[Ktemplate argument 1 is invalid
[3.533s]   124 |       [01;31m[KRCLCPP_INFO[m[K(this->get_logger(), "Loiter mode, time remaining: %ld s", remaining.count());
[3.533s]       |       [01;31m[K^~~~~~~~~~~[m[K
[3.534s] [01m[K/home/fidelis/NGCP-2024-/ws_ros2/src/px4_ros_com/src/examples/offboard/offboard_control.cpp:124:7:[m[K [01;31m[Kerror: [m[Ktemplate argument 1 is invalid
[3.534s]   124 |       [01;31m[KRCLCPP_INFO[m[K(this->get_logger(), "Loiter mode, time remaining: %ld s", remaining.count());
[3.534s]       |       [01;31m[K^~~~~~~~~~~[m[K
[3.534s] [01m[K/home/fidelis/NGCP-2024-/ws_ros2/src/px4_ros_com/src/examples/offboard/offboard_control.cpp:124:7:[m[K [01;31m[Kerror: [m[Ktemplate argument 1 is invalid
[3.534s]   124 |       [01;31m[KRCLCPP_INFO[m[K(this->get_logger(), "Loiter mode, time remaining: %ld s", remaining.count());
[3.534s]       |       [01;31m[K^~~~~~~~~~~[m[K
[3.534s] In file included from [01m[K/opt/ros/humble/include/rclcpp/rclcpp/logging.hpp:24[m[K,
[3.534s]                  from [01m[K/opt/ros/humble/include/rclcpp/rclcpp/client.hpp:40[m[K,
[3.534s]                  from [01m[K/opt/ros/humble/include/rclcpp/rclcpp/callback_group.hpp:24[m[K,
[3.534s]                  from [01m[K/opt/ros/humble/include/rclcpp/rclcpp/any_executable.hpp:20[m[K,
[3.534s]                  from [01m[K/opt/ros/humble/include/rclcpp/rclcpp/memory_strategy.hpp:25[m[K,
[3.534s]                  from [01m[K/opt/ros/humble/include/rclcpp/rclcpp/memory_strategies.hpp:18[m[K,
[3.534s]                  from [01m[K/opt/ros/humble/include/rclcpp/rclcpp/executor_options.hpp:20[m[K,
[3.534s]                  from [01m[K/opt/ros/humble/include/rclcpp/rclcpp/executor.hpp:37[m[K,
[3.534s]                  from [01m[K/opt/ros/humble/include/rclcpp/rclcpp/executors/multi_threaded_executor.hpp:25[m[K,
[3.534s]                  from [01m[K/opt/ros/humble/include/rclcpp/rclcpp/executors.hpp:21[m[K,
[3.534s]                  from [01m[K/opt/ros/humble/include/rclcpp/rclcpp/rclcpp.hpp:155[m[K,
[3.534s]                  from [01m[K/home/fidelis/NGCP-2024-/ws_ros2/src/px4_ros_com/src/examples/offboard/offboard_control.cpp:13[m[K:
[3.534s] [01m[K/home/fidelis/NGCP-2024-/ws_ros2/src/px4_ros_com/src/examples/offboard/offboard_control.cpp:124:19:[m[K [01;31m[Kerror: [m[Kinvalid use of â€˜[01m[Kthis[m[Kâ€™ in non-member function
[3.534s]   124 |       RCLCPP_INFO([01;31m[Kthis[m[K->get_logger(), "Loiter mode, time remaining: %ld s", remaining.count());
[3.534s]       |                   [01;31m[K^~~~[m[K
[3.534s] [01m[K/home/fidelis/NGCP-2024-/ws_ros2/src/px4_ros_com/src/examples/offboard/offboard_control.cpp:124:19:[m[K [01;31m[Kerror: [m[Kinvalid use of â€˜[01m[Kthis[m[Kâ€™ in non-member function
[3.534s]   124 |       RCLCPP_INFO([01;31m[Kthis[m[K->get_logger(), "Loiter mode, time remaining: %ld s", remaining.count());
[3.535s]       |                   [01;31m[K^~~~[m[K
[3.535s] [01m[K/home/fidelis/NGCP-2024-/ws_ros2/src/px4_ros_com/src/examples/offboard/offboard_control.cpp:134:5:[m[K [01;31m[Kerror: [m[Kâ€˜[01m[Kpublish_offboard_control_mode[m[Kâ€™ was not declared in this scope
[3.535s]   134 |     [01;31m[Kpublish_offboard_control_mode[m[K();
[3.535s]       |     [01;31m[K^~~~~~~~~~~~~~~~~~~~~~~~~~~~~[m[K
[3.535s] [01m[K/home/fidelis/NGCP-2024-/ws_ros2/src/px4_ros_com/src/examples/offboard/offboard_control.cpp:137:7:[m[K [01;31m[Kerror: [m[Kâ€˜[01m[Kpublish_trajectory_setpoint[m[Kâ€™ was not declared in this scope
[3.535s]   137 |       [01;31m[Kpublish_trajectory_setpoint[m[K(x, y, z);
[3.535s]       |       [01;31m[K^~~~~~~~~~~~~~~~~~~~~~~~~~~[m[K
[3.535s] [01m[K/home/fidelis/NGCP-2024-/ws_ros2/src/px4_ros_com/src/examples/offboard/offboard_control.cpp:[m[K At global scope:
[3.535s] [01m[K/home/fidelis/NGCP-2024-/ws_ros2/src/px4_ros_com/src/examples/offboard/offboard_control.cpp:146:6:[m[K [01;31m[Kerror: [m[Kâ€˜[01m[KOffboardPlane[m[Kâ€™ has not been declared
[3.535s]   146 | void [01;31m[KOffboardPlane[m[K::vehicle_status_callback(const px4_msgs::msg::VehicleStatus::SharedPtr msg) {
[3.535s]       |      [01;31m[K^~~~~~~~~~~~~[m[K
[3.535s] [01m[K/home/fidelis/NGCP-2024-/ws_ros2/src/px4_ros_com/src/examples/offboard/offboard_control.cpp:[m[K In function â€˜[01m[Kvoid vehicle_status_callback(px4_msgs::msg::VehicleStatus_<std::allocator<void> >::SharedPtr)[m[Kâ€™:
[3.535s] [01m[K/home/fidelis/NGCP-2024-/ws_ros2/src/px4_ros_com/src/examples/offboard/offboard_control.cpp:147:3:[m[K [01;31m[Kerror: [m[Kâ€˜[01m[Kvehicle_status_[m[Kâ€™ was not declared in this scope; did you mean â€˜[01m[Kvehicle_status_callback[m[Kâ€™?
[3.535s]   147 |   [01;31m[Kvehicle_status_[m[K = *msg;
[3.535s]       |   [01;31m[K^~~~~~~~~~~~~~~[m[K
[3.535s]       |   [32m[Kvehicle_status_callback[m[K
[3.535s] [01m[K/home/fidelis/NGCP-2024-/ws_ros2/src/px4_ros_com/src/examples/offboard/offboard_control.cpp:[m[K At global scope:
[3.535s] [01m[K/home/fidelis/NGCP-2024-/ws_ros2/src/px4_ros_com/src/examples/offboard/offboard_control.cpp:150:6:[m[K [01;31m[Kerror: [m[Kâ€˜[01m[KOffboardPlane[m[Kâ€™ has not been declared
[3.535s]   150 | void [01;31m[KOffboardPlane[m[K::vehicle_odometry_callback(const px4_msgs::msg::VehicleOdometry::SharedPtr msg) {
[3.535s]       |      [01;31m[K^~~~~~~~~~~~~[m[K
[3.535s] [01m[K/home/fidelis/NGCP-2024-/ws_ros2/src/px4_ros_com/src/examples/offboard/offboard_control.cpp:[m[K In function â€˜[01m[Kvoid vehicle_odometry_callback(px4_msgs::msg::VehicleOdometry_<std::allocator<void> >::SharedPtr)[m[Kâ€™:
[3.535s] [01m[K/home/fidelis/NGCP-2024-/ws_ros2/src/px4_ros_com/src/examples/offboard/offboard_control.cpp:151:3:[m[K [01;31m[Kerror: [m[Kâ€˜[01m[Kvehicle_odometry_[m[Kâ€™ was not declared in this scope; did you mean â€˜[01m[Kvehicle_odometry_callback[m[Kâ€™?
[3.536s]   151 |   [01;31m[Kvehicle_odometry_[m[K = *msg;
[3.536s]       |   [01;31m[K^~~~~~~~~~~~~~~~~[m[K
[3.536s]       |   [32m[Kvehicle_odometry_callback[m[K
[3.536s] [01m[K/home/fidelis/NGCP-2024-/ws_ros2/src/px4_ros_com/src/examples/offboard/offboard_control.cpp:[m[K At global scope:
[3.536s] [01m[K/home/fidelis/NGCP-2024-/ws_ros2/src/px4_ros_com/src/examples/offboard/offboard_control.cpp:154:6:[m[K [01;31m[Kerror: [m[Kâ€˜[01m[KOffboardPlane[m[Kâ€™ has not been declared
[3.536s]   154 | void [01;31m[KOffboardPlane[m[K::publish_offboard_control_mode() {
[3.536s]       |      [01;31m[K^~~~~~~~~~~~~[m[K
[3.536s] [01m[K/home/fidelis/NGCP-2024-/ws_ros2/src/px4_ros_com/src/examples/offboard/offboard_control.cpp:[m[K In function â€˜[01m[Kvoid publish_offboard_control_mode()[m[Kâ€™:
[3.536s] [01m[K/home/fidelis/NGCP-2024-/ws_ros2/src/px4_ros_com/src/examples/offboard/offboard_control.cpp:163:19:[m[K [01;31m[Kerror: [m[Kinvalid use of â€˜[01m[Kthis[m[Kâ€™ in non-member function
[3.536s]   163 |   msg.timestamp = [01;31m[Kthis[m[K->get_clock()->now().nanoseconds() / 1000;
[3.536s]       |                   [01;31m[K^~~~[m[K
[3.536s] [01m[K/home/fidelis/NGCP-2024-/ws_ros2/src/px4_ros_com/src/examples/offboard/offboard_control.cpp:164:3:[m[K [01;31m[Kerror: [m[Kâ€˜[01m[Koffboard_control_mode_publisher_[m[Kâ€™ was not declared in this scope
[3.537s]   164 |   [01;31m[Koffboard_control_mode_publisher_[m[K->publish(msg);
[3.537s]       |   [01;31m[K^~~~~~~~~~~~~~~~~~~~~~~~~~~~~~~~[m[K
[3.537s] [01m[K/home/fidelis/NGCP-2024-/ws_ros2/src/px4_ros_com/src/examples/offboard/offboard_control.cpp:[m[K At global scope:
[3.537s] [01m[K/home/fidelis/NGCP-2024-/ws_ros2/src/px4_ros_com/src/examples/offboard/offboard_control.cpp:167:6:[m[K [01;31m[Kerror: [m[Kâ€˜[01m[KOffboardPlane[m[Kâ€™ has not been declared
[3.537s]   167 | void [01;31m[KOffboardPlane[m[K::publish_trajectory_setpoint(float x, float y, float z) {
[3.537s]       |      [01;31m[K^~~~~~~~~~~~~[m[K
[3.537s] [01m[K/home/fidelis/NGCP-2024-/ws_ros2/src/px4_ros_com/src/examples/offboard/offboard_control.cpp:[m[K In function â€˜[01m[Kvoid publish_trajectory_setpoint(float, float, float)[m[Kâ€™:
[3.537s] [01m[K/home/fidelis/NGCP-2024-/ws_ros2/src/px4_ros_com/src/examples/offboard/offboard_control.cpp:169:19:[m[K [01;31m[Kerror: [m[Kinvalid use of â€˜[01m[Kthis[m[Kâ€™ in non-member function
[3.537s]   169 |   msg.timestamp = [01;31m[Kthis[m[K->get_clock()->now().nanoseconds() / 1000;
[3.537s]       |                   [01;31m[K^~~~[m[K
[3.537s] [01m[K/home/fidelis/NGCP-2024-/ws_ros2/src/px4_ros_com/src/examples/offboard/offboard_control.cpp:172:3:[m[K [01;31m[Kerror: [m[Kâ€˜[01m[Ktrajectory_setpoint_publisher_[m[Kâ€™ was not declared in this scope
[3.537s]   172 |   [01;31m[Ktrajectory_setpoint_publisher_[m[K->publish(msg);
[3.537s]       |   [01;31m[K^~~~~~~~~~~~~~~~~~~~~~~~~~~~~~[m[K
[3.538s] [01m[K/home/fidelis/NGCP-2024-/ws_ros2/src/px4_ros_com/src/examples/offboard/offboard_control.cpp:[m[K At global scope:
[3.538s] [01m[K/home/fidelis/NGCP-2024-/ws_ros2/src/px4_ros_com/src/examples/offboard/offboard_control.cpp:175:6:[m[K [01;31m[Kerror: [m[Kâ€˜[01m[KOffboardPlane[m[Kâ€™ has not been declared
[3.538s]   175 | void [01;31m[KOffboardPlane[m[K::publish_vehicle_command(uint16_t command, float param1, float param2, float param3) {
[3.538s]       |      [01;31m[K^~~~~~~~~~~~~[m[K
[3.538s] [01m[K/home/fidelis/NGCP-2024-/ws_ros2/src/px4_ros_com/src/examples/offboard/offboard_control.cpp:[m[K In function â€˜[01m[Kvoid publish_vehicle_command(uint16_t, float, float, float)[m[Kâ€™:
[3.538s] [01m[K/home/fidelis/NGCP-2024-/ws_ros2/src/px4_ros_com/src/examples/offboard/offboard_control.cpp:186:19:[m[K [01;31m[Kerror: [m[Kinvalid use of â€˜[01m[Kthis[m[Kâ€™ in non-member function
[3.538s]   186 |   msg.timestamp = [01;31m[Kthis[m[K->get_clock()->now().nanoseconds() / 1000;
[3.538s]       |                   [01;31m[K^~~~[m[K
[3.538s] [01m[K/home/fidelis/NGCP-2024-/ws_ros2/src/px4_ros_com/src/examples/offboard/offboard_control.cpp:187:3:[m[K [01;31m[Kerror: [m[Kâ€˜[01m[Kvehicle_command_publisher_[m[Kâ€™ was not declared in this scope
[3.538s]   187 |   [01;31m[Kvehicle_command_publisher_[m[K->publish(msg);
[3.538s]       |   [01;31m[K^~~~~~~~~~~~~~~~~~~~~~~~~~[m[K
[3.538s] gmake[2]: *** [CMakeFiles/offboard_control.dir/build.make:76: CMakeFiles/offboard_control.dir/src/examples/offboard/offboard_control.cpp.o] Error 1
[3.538s] gmake[1]: *** [CMakeFiles/Makefile2:254: CMakeFiles/offboard_control.dir/all] Error 2
[3.538s] gmake: *** [Makefile:146: all] Error 2
[3.540s] Invoked command in '/home/fidelis/NGCP-2024-/ws_ros2/build/px4_ros_com' returned '2': AMENT_PREFIX_PATH=/home/fidelis/NGCP-2024-/ws_ros2/install/px4_msgs:${AMENT_PREFIX_PATH} CMAKE_PREFIX_PATH=/home/fidelis/NGCP-2024-/ws_ros2/install/px4_msgs:/opt/ros/humble LD_LIBRARY_PATH=/home/fidelis/NGCP-2024-/ws_ros2/install/px4_msgs/lib:${LD_LIBRARY_PATH} PYTHONPATH=/home/fidelis/NGCP-2024-/ws_ros2/install/px4_msgs/local/lib/python3.10/dist-packages:${PYTHONPATH} /usr/bin/cmake --build /home/fidelis/NGCP-2024-/ws_ros2/build/px4_ros_com -- -j16 -l16
