[0.009s] Invoking command in '/home/fidelis/NGCP-2024-/ws_ros2/build/px4_ros_com': AMENT_PREFIX_PATH=/home/fidelis/NGCP-2024-/ws_ros2/install/px4_msgs:${AMENT_PREFIX_PATH} CMAKE_PREFIX_PATH=/home/fidelis/NGCP-2024-/ws_ros2/install/px4_msgs:/opt/ros/humble LD_LIBRARY_PATH=/home/fidelis/NGCP-2024-/ws_ros2/install/px4_msgs/lib:${LD_LIBRARY_PATH} PYTHONPATH=/home/fidelis/NGCP-2024-/ws_ros2/install/px4_msgs/local/lib/python3.10/dist-packages:${PYTHONPATH} /usr/bin/cmake --build /home/fidelis/NGCP-2024-/ws_ros2/build/px4_ros_com -- -j16 -l16
[0.050s] [35m[1mConsolidate compiler generated dependencies of target offboard_control[0m
[0.061s] [ 16%] Built target frame_transforms
[0.061s] [ 58%] Built target vehicle_gps_position_listener
[0.061s] [ 66%] Built target sensor_combined_listener
[0.061s] [ 66%] Built target debug_vect_advertiser
[0.061s] [ 83%] Built target offboard_control_srv
[0.065s] [ 83%] Built target ament_cmake_python_symlink_px4_ros_com
[0.065s] [ 91%] [32mBuilding CXX object CMakeFiles/offboard_control.dir/src/examples/offboard/offboard_control.cpp.o[0m
[0.204s] running egg_info
[0.214s] writing px4_ros_com.egg-info/PKG-INFO
[0.214s] writing dependency_links to px4_ros_com.egg-info/dependency_links.txt
[0.214s] writing top-level names to px4_ros_com.egg-info/top_level.txt
[0.243s] reading manifest file 'px4_ros_com.egg-info/SOURCES.txt'
[0.243s] writing manifest file 'px4_ros_com.egg-info/SOURCES.txt'
[0.270s] [ 91%] Built target ament_cmake_python_build_px4_ros_com_egg
[4.955s] [01m[K/home/fidelis/NGCP-2024-/ws_ros2/src/px4_ros_com/src/examples/offboard/offboard_control.cpp:224:6:[m[K [01;31m[Kerror: [m[Kâ€˜[01m[KOffboardControl[m[Kâ€™ has not been declared
[4.956s]   224 | void [01;31m[KOffboardControl[m[K::publish_waypoint(double x, double y, double z, double yaw)
[4.956s]       |      [01;31m[K^~~~~~~~~~~~~~~[m[K
[4.956s] [01m[K/home/fidelis/NGCP-2024-/ws_ros2/src/px4_ros_com/src/examples/offboard/offboard_control.cpp:[m[K In function â€˜[01m[Kvoid publish_waypoint(double, double, double, double)[m[Kâ€™:
[4.956s] [01m[K/home/fidelis/NGCP-2024-/ws_ros2/src/px4_ros_com/src/examples/offboard/offboard_control.cpp:227:21:[m[K [01;31m[Kerror: [m[Kâ€˜[01m[Kget_clock[m[Kâ€™ was not declared in this scope
[4.956s]   227 |     msg.timestamp = [01;31m[Kget_clock[m[K()->now().nanoseconds() / 1000; // time in microseconds
[4.956s]       |                     [01;31m[K^~~~~~~~~[m[K
[4.956s] [01m[K/home/fidelis/NGCP-2024-/ws_ros2/src/px4_ros_com/src/examples/offboard/offboard_control.cpp:230:58:[m[K [01;31m[Kerror: [m[Kâ€˜[01m[KTYPE_WAYPOINT[m[Kâ€™ is not a member of â€˜[01m[Kpx4_msgs::msg::VehicleTrajectoryWaypoint[m[Kâ€™ {aka â€˜[01m[Kpx4_msgs::msg::VehicleTrajectoryWaypoint_<std::allocator<void> >[m[Kâ€™}
[4.956s]   230 |     msg.type = px4_msgs::msg::VehicleTrajectoryWaypoint::[01;31m[KTYPE_WAYPOINT[m[K;
[4.956s]       |                                                          [01;31m[K^~~~~~~~~~~~~[m[K
[4.956s] [01m[K/home/fidelis/NGCP-2024-/ws_ros2/src/px4_ros_com/src/examples/offboard/offboard_control.cpp:231:9:[m[K [01;31m[Kerror: [m[Kâ€˜[01m[Kusing VehicleTrajectoryWaypoint = struct px4_msgs::msg::VehicleTrajectoryWaypoint_<std::allocator<void> >[m[Kâ€™ {aka â€˜[01m[Kstruct px4_msgs::msg::VehicleTrajectoryWaypoint_<std::allocator<void> >[m[Kâ€™} has no member named â€˜[01m[Kpoint_valid[m[Kâ€™
[4.956s]   231 |     msg.[01;31m[Kpoint_valid[m[K[0] = true;
[4.956s]       |         [01;31m[K^~~~~~~~~~~[m[K
[4.956s] [01m[K/home/fidelis/NGCP-2024-/ws_ros2/src/px4_ros_com/src/examples/offboard/offboard_control.cpp:232:9:[m[K [01;31m[Kerror: [m[Kâ€˜[01m[Kusing VehicleTrajectoryWaypoint = struct px4_msgs::msg::VehicleTrajectoryWaypoint_<std::allocator<void> >[m[Kâ€™ {aka â€˜[01m[Kstruct px4_msgs::msg::VehicleTrajectoryWaypoint_<std::allocator<void> >[m[Kâ€™} has no member named â€˜[01m[Ktime_horizon[m[Kâ€™
[4.956s]   232 |     msg.[01;31m[Ktime_horizon[m[K = 10.0f; // how far ahead the waypoint is considered valid
[4.956s]       |         [01;31m[K^~~~~~~~~~~~[m[K
[4.956s] [01m[K/home/fidelis/NGCP-2024-/ws_ros2/src/px4_ros_com/src/examples/offboard/offboard_control.cpp:240:22:[m[K [01;31m[Kerror: [m[Kâ€˜[01m[Kstd::array<px4_msgs::msg::TrajectoryWaypoint_<std::allocator<void> >, 5>::value_type[m[Kâ€™ {aka â€˜[01m[Kstruct px4_msgs::msg::TrajectoryWaypoint_<std::allocator<void> >[m[Kâ€™} has no member named â€˜[01m[Kacceptance_radius[m[Kâ€™
[4.956s]   240 |     msg.waypoints[0].[01;31m[Kacceptance_radius[m[K = 5.0f; // meters
[4.956s]       |                      [01;31m[K^~~~~~~~~~~~~~~~~[m[K
[4.956s] In file included from [01m[K/usr/include/c++/11/cmath:45[m[K,
[4.956s]                  from [01m[K/home/fidelis/NGCP-2024-/ws_ros2/src/px4_ros_com/src/examples/offboard/offboard_control.cpp:4[m[K:
[4.956s] [01m[K/home/fidelis/NGCP-2024-/ws_ros2/src/px4_ros_com/src/examples/offboard/offboard_control.cpp:241:33:[m[K [01;31m[Kerror: [m[Kno match for â€˜[01m[Koperator=[m[Kâ€™ (operand types are â€˜[01m[Kpx4_msgs::msg::TrajectoryWaypoint_<std::allocator<void> >::_velocity_type[m[Kâ€™ {aka â€˜[01m[Kstd::array<float, 3>[m[Kâ€™} and â€˜[01m[Kfloat[m[Kâ€™)
[4.956s]   241 |     msg.waypoints[0].velocity = [01;31m[KNAN[m[K; // let PX4 compute
[4.956s]       |                                 [01;31m[K^~~[m[K
[4.956s] In file included from [01m[K/usr/include/c++/11/tuple:39[m[K,
[4.956s]                  from [01m[K/usr/include/c++/11/functional:54[m[K,
[4.957s]                  from [01m[K/usr/include/c++/11/pstl/glue_algorithm_defs.h:13[m[K,
[4.957s]                  from [01m[K/usr/include/c++/11/algorithm:74[m[K,
[4.957s]                  from [01m[K/home/fidelis/NGCP-2024-/ws_ros2/install/px4_msgs/include/px4_msgs/px4_msgs/msg/detail/offboard_control_mode__struct.hpp:8[m[K,
[4.957s]                  from [01m[K/home/fidelis/NGCP-2024-/ws_ros2/install/px4_msgs/include/px4_msgs/px4_msgs/msg/offboard_control_mode.hpp:7[m[K,
[4.957s]                  from [01m[K/home/fidelis/NGCP-2024-/ws_ros2/src/px4_ros_com/src/examples/offboard/offboard_control.cpp:5[m[K:
[4.957s] [01m[K/usr/include/c++/11/array:95:12:[m[K [01;36m[Knote: [m[Kcandidate: â€˜[01m[Kconstexpr std::array<float, 3>& std::array<float, 3>::operator=(const std::array<float, 3>&)[m[Kâ€™
[4.957s]    95 |     struct [01;36m[Karray[m[K
[4.957s]       |            [01;36m[K^~~~~[m[K
[4.957s] [01m[K/usr/include/c++/11/array:95:12:[m[K [01;36m[Knote: [m[K  no known conversion for argument 1 from â€˜[01m[Kfloat[m[Kâ€™ to â€˜[01m[Kconst std::array<float, 3>&[m[Kâ€™
[4.957s] [01m[K/usr/include/c++/11/array:95:12:[m[K [01;36m[Knote: [m[Kcandidate: â€˜[01m[Kconstexpr std::array<float, 3>& std::array<float, 3>::operator=(std::array<float, 3>&&)[m[Kâ€™
[4.957s] [01m[K/usr/include/c++/11/array:95:12:[m[K [01;36m[Knote: [m[K  no known conversion for argument 1 from â€˜[01m[Kfloat[m[Kâ€™ to â€˜[01m[Kstd::array<float, 3>&&[m[Kâ€™
[4.957s] [01m[K/home/fidelis/NGCP-2024-/ws_ros2/src/px4_ros_com/src/examples/offboard/offboard_control.cpp:242:64:[m[K [01;31m[Kerror: [m[Kâ€˜[01m[KWAYPOINT_TYPE_POSITION[m[Kâ€™ is not a member of â€˜[01m[Kpx4_msgs::msg::TrajectoryWaypoint[m[Kâ€™ {aka â€˜[01m[Kpx4_msgs::msg::TrajectoryWaypoint_<std::allocator<void> >[m[Kâ€™}
[4.957s]   242 |     msg.waypoints[0].type = px4_msgs::msg::TrajectoryWaypoint::[01;31m[KWAYPOINT_TYPE_POSITION[m[K;
[4.957s]       |                                                                [01;31m[K^~~~~~~~~~~~~~~~~~~~~~[m[K
[4.957s] [01m[K/home/fidelis/NGCP-2024-/ws_ros2/src/px4_ros_com/src/examples/offboard/offboard_control.cpp:244:9:[m[K [01;31m[Kerror: [m[Kâ€˜[01m[Kusing VehicleTrajectoryWaypoint = struct px4_msgs::msg::VehicleTrajectoryWaypoint_<std::allocator<void> >[m[Kâ€™ {aka â€˜[01m[Kstruct px4_msgs::msg::VehicleTrajectoryWaypoint_<std::allocator<void> >[m[Kâ€™} has no member named â€˜[01m[Knum_points[m[Kâ€™
[4.957s]   244 |     msg.[01;31m[Knum_points[m[K = 1;
[4.957s]       |         [01;31m[K^~~~~~~~~~[m[K
[4.957s] [01m[K/home/fidelis/NGCP-2024-/ws_ros2/src/px4_ros_com/src/examples/offboard/offboard_control.cpp:246:5:[m[K [01;31m[Kerror: [m[Kâ€˜[01m[Kvehicle_trajectory_waypoint_publisher_[m[Kâ€™ was not declared in this scope
[4.957s]   246 |     [01;31m[Kvehicle_trajectory_waypoint_publisher_[m[K->publish(msg);
[4.957s]       |     [01;31m[K^~~~~~~~~~~~~~~~~~~~~~~~~~~~~~~~~~~~~~[m[K
[4.957s] gmake[2]: *** [CMakeFiles/offboard_control.dir/build.make:76: CMakeFiles/offboard_control.dir/src/examples/offboard/offboard_control.cpp.o] Error 1
[4.957s] gmake[1]: *** [CMakeFiles/Makefile2:254: CMakeFiles/offboard_control.dir/all] Error 2
[4.957s] gmake: *** [Makefile:146: all] Error 2
[4.960s] Invoked command in '/home/fidelis/NGCP-2024-/ws_ros2/build/px4_ros_com' returned '2': AMENT_PREFIX_PATH=/home/fidelis/NGCP-2024-/ws_ros2/install/px4_msgs:${AMENT_PREFIX_PATH} CMAKE_PREFIX_PATH=/home/fidelis/NGCP-2024-/ws_ros2/install/px4_msgs:/opt/ros/humble LD_LIBRARY_PATH=/home/fidelis/NGCP-2024-/ws_ros2/install/px4_msgs/lib:${LD_LIBRARY_PATH} PYTHONPATH=/home/fidelis/NGCP-2024-/ws_ros2/install/px4_msgs/local/lib/python3.10/dist-packages:${PYTHONPATH} /usr/bin/cmake --build /home/fidelis/NGCP-2024-/ws_ros2/build/px4_ros_com -- -j16 -l16
